{"/home/travis/build/npmtest/node-npmtest-noble/test.js":{"path":"/home/travis/build/npmtest/node-npmtest-noble/test.js","s":{"1":2,"2":2,"3":2,"4":2,"5":2,"6":2,"7":2,"8":1,"9":2,"10":2,"11":1,"12":1,"13":1,"14":1,"15":2,"16":2,"17":2,"18":2,"19":1,"20":1,"21":2,"22":2,"23":2,"24":1,"25":1,"26":1,"27":1,"28":1,"29":1,"30":1,"31":1,"32":1,"33":1,"34":1,"35":1,"36":1,"37":1,"38":1,"39":2,"40":2,"41":1,"42":2,"43":2,"44":1,"45":2,"46":2,"47":1,"48":2,"49":2,"50":1,"51":1,"52":1,"53":1,"54":1},"b":{"1":[2,1,1,1],"2":[1,1,1,1],"3":[1,1],"4":[1,1],"5":[1,1],"6":[1,1],"7":[1,1],"8":[1,1],"9":[1,1],"10":[1,1,1],"11":[1,1],"12":[1,1],"13":[1,1],"14":[1,1],"15":[1,1],"16":[1,1],"17":[1,1]},"f":{"1":2,"2":2,"3":2,"4":2,"5":2,"6":1,"7":1,"8":1,"9":2,"10":2,"11":2,"12":2,"13":1},"fnMap":{"1":{"name":"(anonymous_1)","line":12,"loc":{"start":{"line":12,"column":1},"end":{"line":12,"column":13}}},"2":{"name":"(anonymous_2)","line":19,"loc":{"start":{"line":19,"column":5},"end":{"line":19,"column":17}}},"3":{"name":"(anonymous_3)","line":23,"loc":{"start":{"line":23,"column":24},"end":{"line":23,"column":36}}},"4":{"name":"(anonymous_4)","line":61,"loc":{"start":{"line":61,"column":5},"end":{"line":61,"column":17}}},"5":{"name":"(anonymous_5)","line":82,"loc":{"start":{"line":82,"column":5},"end":{"line":82,"column":17}}},"6":{"name":"(anonymous_6)","line":91,"loc":{"start":{"line":91,"column":77},"end":{"line":94,"column":10}}},"7":{"name":"(anonymous_7)","line":112,"loc":{"start":{"line":112,"column":83},"end":{"line":115,"column":10}},"skip":true},"8":{"name":"(anonymous_8)","line":123,"loc":{"start":{"line":123,"column":77},"end":{"line":126,"column":10}},"skip":true},"9":{"name":"(anonymous_9)","line":139,"loc":{"start":{"line":139,"column":12},"end":{"line":139,"column":40}},"skip":true},"10":{"name":"(anonymous_10)","line":147,"loc":{"start":{"line":147,"column":77},"end":{"line":150,"column":10}},"skip":true},"11":{"name":"(anonymous_11)","line":158,"loc":{"start":{"line":158,"column":83},"end":{"line":161,"column":10}},"skip":true},"12":{"name":"(anonymous_12)","line":169,"loc":{"start":{"line":169,"column":79},"end":{"line":172,"column":10}},"skip":true},"13":{"name":"(anonymous_13)","line":180,"loc":{"start":{"line":180,"column":75},"end":{"line":183,"column":10}},"skip":true}},"statementMap":{"1":{"start":{"line":12,"column":0},"end":{"line":195,"column":5}},"2":{"start":{"line":14,"column":4},"end":{"line":14,"column":14}},"3":{"start":{"line":19,"column":4},"end":{"line":56,"column":9}},"4":{"start":{"line":21,"column":8},"end":{"line":21,"column":19}},"5":{"start":{"line":23,"column":8},"end":{"line":35,"column":13}},"6":{"start":{"line":24,"column":12},"end":{"line":34,"column":13}},"7":{"start":{"line":25,"column":16},"end":{"line":28,"column":30}},"8":{"start":{"line":30,"column":16},"end":{"line":33,"column":27}},"9":{"start":{"line":37,"column":8},"end":{"line":39,"column":21}},"10":{"start":{"line":40,"column":8},"end":{"line":53,"column":9}},"11":{"start":{"line":43,"column":12},"end":{"line":46,"column":14}},"12":{"start":{"line":47,"column":12},"end":{"line":47,"column":18}},"13":{"start":{"line":50,"column":12},"end":{"line":51,"column":46}},"14":{"start":{"line":52,"column":12},"end":{"line":52,"column":18}},"15":{"start":{"line":55,"column":8},"end":{"line":55,"column":35}},"16":{"start":{"line":61,"column":4},"end":{"line":63,"column":9}},"17":{"start":{"line":62,"column":8},"end":{"line":62,"column":15}},"18":{"start":{"line":64,"column":4},"end":{"line":77,"column":5}},"19":{"start":{"line":70,"column":8},"end":{"line":70,"column":14}},"20":{"start":{"line":76,"column":8},"end":{"line":76,"column":14}},"21":{"start":{"line":82,"column":4},"end":{"line":84,"column":9}},"22":{"start":{"line":83,"column":8},"end":{"line":83,"column":15}},"23":{"start":{"line":85,"column":4},"end":{"line":194,"column":5}},"24":{"start":{"line":91,"column":8},"end":{"line":99,"column":10}},"25":{"start":{"line":98,"column":12},"end":{"line":98,"column":35}},"26":{"start":{"line":102,"column":8},"end":{"line":104,"column":63}},"27":{"start":{"line":105,"column":8},"end":{"line":105,"column":14}},"28":{"start":{"line":112,"column":8},"end":{"line":121,"column":10},"skip":true},"29":{"start":{"line":119,"column":12},"end":{"line":119,"column":55},"skip":true},"30":{"start":{"line":120,"column":12},"end":{"line":120,"column":48},"skip":true},"31":{"start":{"line":123,"column":8},"end":{"line":136,"column":10},"skip":true},"32":{"start":{"line":130,"column":12},"end":{"line":130,"column":76},"skip":true},"33":{"start":{"line":131,"column":12},"end":{"line":131,"column":73},"skip":true},"34":{"start":{"line":132,"column":12},"end":{"line":132,"column":74},"skip":true},"35":{"start":{"line":133,"column":12},"end":{"line":133,"column":79},"skip":true},"36":{"start":{"line":134,"column":12},"end":{"line":134,"column":25},"skip":true},"37":{"start":{"line":135,"column":12},"end":{"line":135,"column":45},"skip":true},"38":{"start":{"line":138,"column":8},"end":{"line":145,"column":14},"skip":true},"39":{"start":{"line":143,"column":16},"end":{"line":143,"column":29},"skip":true},"40":{"start":{"line":144,"column":16},"end":{"line":144,"column":55},"skip":true},"41":{"start":{"line":147,"column":8},"end":{"line":156,"column":10},"skip":true},"42":{"start":{"line":154,"column":12},"end":{"line":154,"column":25},"skip":true},"43":{"start":{"line":155,"column":12},"end":{"line":155,"column":45},"skip":true},"44":{"start":{"line":158,"column":8},"end":{"line":167,"column":10},"skip":true},"45":{"start":{"line":165,"column":12},"end":{"line":165,"column":25},"skip":true},"46":{"start":{"line":166,"column":12},"end":{"line":166,"column":48},"skip":true},"47":{"start":{"line":169,"column":8},"end":{"line":178,"column":10},"skip":true},"48":{"start":{"line":176,"column":12},"end":{"line":176,"column":25},"skip":true},"49":{"start":{"line":177,"column":12},"end":{"line":177,"column":46},"skip":true},"50":{"start":{"line":180,"column":8},"end":{"line":189,"column":10},"skip":true},"51":{"start":{"line":187,"column":12},"end":{"line":187,"column":94},"skip":true},"52":{"start":{"line":188,"column":12},"end":{"line":188,"column":48},"skip":true},"53":{"start":{"line":192,"column":8},"end":{"line":192,"column":35},"skip":true},"54":{"start":{"line":193,"column":8},"end":{"line":193,"column":14},"skip":true}},"branchMap":{"1":{"line":25,"type":"binary-expr","locations":[{"start":{"line":25,"column":23},"end":{"line":25,"column":62}},{"start":{"line":26,"column":20},"end":{"line":26,"column":70}},{"start":{"line":27,"column":20},"end":{"line":27,"column":71}},{"start":{"line":28,"column":20},"end":{"line":28,"column":29}}]},"2":{"line":30,"type":"binary-expr","locations":[{"start":{"line":30,"column":23},"end":{"line":30,"column":37}},{"start":{"line":31,"column":20},"end":{"line":31,"column":61}},{"start":{"line":32,"column":20},"end":{"line":32,"column":70}},{"start":{"line":33,"column":20},"end":{"line":33,"column":26}}]},"3":{"line":37,"type":"cond-expr","locations":[{"start":{"line":38,"column":14},"end":{"line":38,"column":20}},{"start":{"line":39,"column":14},"end":{"line":39,"column":20}}]},"4":{"line":40,"type":"switch","locations":[{"start":{"line":42,"column":8},"end":{"line":47,"column":18}},{"start":{"line":49,"column":8},"end":{"line":52,"column":18}}]},"5":{"line":44,"type":"binary-expr","locations":[{"start":{"line":44,"column":16},"end":{"line":44,"column":44}},{"start":{"line":44,"column":48},"end":{"line":44,"column":66}}]},"6":{"line":50,"type":"binary-expr","locations":[{"start":{"line":50,"column":21},"end":{"line":50,"column":49}},{"start":{"line":50,"column":53},"end":{"line":50,"column":72}}]},"7":{"line":64,"type":"switch","locations":[{"start":{"line":69,"column":4},"end":{"line":70,"column":14}},{"start":{"line":75,"column":4},"end":{"line":76,"column":14}}]},"8":{"line":85,"type":"switch","locations":[{"start":{"line":90,"column":4},"end":{"line":105,"column":14}},{"start":{"line":111,"column":4},"end":{"line":193,"column":14},"skip":true}]},"9":{"line":91,"type":"binary-expr","locations":[{"start":{"line":91,"column":42},"end":{"line":91,"column":73}},{"start":{"line":91,"column":77},"end":{"line":99,"column":9}}]},"10":{"line":102,"type":"binary-expr","locations":[{"start":{"line":102,"column":18},"end":{"line":102,"column":32}},{"start":{"line":103,"column":12},"end":{"line":103,"column":53}},{"start":{"line":104,"column":12},"end":{"line":104,"column":61}}]},"11":{"line":112,"type":"binary-expr","locations":[{"start":{"line":112,"column":45},"end":{"line":112,"column":79},"skip":true},{"start":{"line":112,"column":83},"end":{"line":121,"column":9},"skip":true}]},"12":{"line":123,"type":"binary-expr","locations":[{"start":{"line":123,"column":42},"end":{"line":123,"column":73},"skip":true},{"start":{"line":123,"column":77},"end":{"line":136,"column":9},"skip":true}]},"13":{"line":138,"type":"binary-expr","locations":[{"start":{"line":138,"column":48},"end":{"line":138,"column":85},"skip":true},{"start":{"line":139,"column":12},"end":{"line":145,"column":13},"skip":true}]},"14":{"line":147,"type":"binary-expr","locations":[{"start":{"line":147,"column":42},"end":{"line":147,"column":73},"skip":true},{"start":{"line":147,"column":77},"end":{"line":156,"column":9},"skip":true}]},"15":{"line":158,"type":"binary-expr","locations":[{"start":{"line":158,"column":45},"end":{"line":158,"column":79},"skip":true},{"start":{"line":158,"column":83},"end":{"line":167,"column":9},"skip":true}]},"16":{"line":169,"type":"binary-expr","locations":[{"start":{"line":169,"column":43},"end":{"line":169,"column":75},"skip":true},{"start":{"line":169,"column":79},"end":{"line":178,"column":9},"skip":true}]},"17":{"line":180,"type":"binary-expr","locations":[{"start":{"line":180,"column":41},"end":{"line":180,"column":71},"skip":true},{"start":{"line":180,"column":75},"end":{"line":189,"column":9},"skip":true}]}},"code":["/* istanbul instrument in package npmtest_noble */","/*jslint","    bitwise: true,","    browser: true,","    maxerr: 8,","    maxlen: 96,","    node: true,","    nomen: true,","    regexp: true,","    stupid: true","*/","(function () {","    'use strict';","    var local;","","","","    // run shared js-env code - pre-init","    (function () {","        // init local","        local = {};","        // init modeJs","        local.modeJs = (function () {","            try {","                return typeof navigator.userAgent === 'string' &&","                    typeof document.querySelector('body') === 'object' &&","                    typeof XMLHttpRequest.prototype.open === 'function' &&","                    'browser';","            } catch (errorCaughtBrowser) {","                return module.exports &&","                    typeof process.versions.node === 'string' &&","                    typeof require('http').createServer === 'function' &&","                    'node';","            }","        }());","        // init global","        local.global = local.modeJs === 'browser'","            ? window","            : global;","        switch (local.modeJs) {","        // re-init local from window.local","        case 'browser':","            local = local.global.utility2.objectSetDefault(","                local.global.utility2_rollup || local.global.local,","                local.global.utility2","            );","            break;","        // re-init local from example.js","        case 'node':","            local = (local.global.utility2_rollup || require('utility2'))","                .requireExampleJsFromReadme();","            break;","        }","        // export local","        local.global.local = local;","    }());","","","","    // run shared js-env code - function","    (function () {","        return;","    }());","    switch (local.modeJs) {","","","","    // run browser js-env code - function","    case 'browser':","        break;","","","","    // run node js-env code - function","    case 'node':","        break;","    }","","","","    // run shared js-env code - post-init","    (function () {","        return;","    }());","    switch (local.modeJs) {","","","","    // run browser js-env code - post-init","    case 'browser':","        local.testCase_browser_nullCase = local.testCase_browser_nullCase || function (","            options,","            onError","        ) {","        /*","         * this function will test browsers's null-case handling-behavior-behavior","         */","            onError(null, options);","        };","","        // run tests","        local.nop(local.modeTest &&","            document.querySelector('#testRunButton1') &&","            document.querySelector('#testRunButton1').click());","        break;","","","","    // run node js-env code - post-init","    /* istanbul ignore next */","    case 'node':","        local.testCase_buildApidoc_default = local.testCase_buildApidoc_default || function (","            options,","            onError","        ) {","        /*","         * this function will test buildApidoc's default handling-behavior-behavior","         */","            options = { modulePathList: module.paths };","            local.buildApidoc(options, onError);","        };","","        local.testCase_buildApp_default = local.testCase_buildApp_default || function (","            options,","            onError","        ) {","        /*","         * this function will test buildApp's default handling-behavior-behavior","         */","            local.testCase_buildReadme_default(options, local.onErrorThrow);","            local.testCase_buildLib_default(options, local.onErrorThrow);","            local.testCase_buildTest_default(options, local.onErrorThrow);","            local.testCase_buildCustomOrg_default(options, local.onErrorThrow);","            options = [];","            local.buildApp(options, onError);","        };","","        local.testCase_buildCustomOrg_default = local.testCase_buildCustomOrg_default ||","            function (options, onError) {","            /*","             * this function will test buildCustomOrg's default handling-behavior","             */","                options = {};","                local.buildCustomOrg(options, onError);","            };","","        local.testCase_buildLib_default = local.testCase_buildLib_default || function (","            options,","            onError","        ) {","        /*","         * this function will test buildLib's default handling-behavior","         */","            options = {};","            local.buildLib(options, onError);","        };","","        local.testCase_buildReadme_default = local.testCase_buildReadme_default || function (","            options,","            onError","        ) {","        /*","         * this function will test buildReadme's default handling-behavior-behavior","         */","            options = {};","            local.buildReadme(options, onError);","        };","","        local.testCase_buildTest_default = local.testCase_buildTest_default || function (","            options,","            onError","        ) {","        /*","         * this function will test buildTest's default handling-behavior","         */","            options = {};","            local.buildTest(options, onError);","        };","","        local.testCase_webpage_default = local.testCase_webpage_default || function (","            options,","            onError","        ) {","        /*","         * this function will test webpage's default handling-behavior","         */","            options = { modeCoverageMerge: true, url: local.serverLocalHost + '?modeTest=1' };","            local.browserTest(options, onError);","        };","","        // run test-server","        local.testRunServer(local);","        break;","    }","}());",""],"l":{"12":2,"14":2,"19":2,"21":2,"23":2,"24":2,"25":2,"30":1,"37":2,"40":2,"43":1,"47":1,"50":1,"52":1,"55":2,"61":2,"62":2,"64":2,"70":1,"76":1,"82":2,"83":2,"85":2,"91":1,"98":1,"102":1,"105":1,"112":1,"119":1,"120":1,"123":1,"130":1,"131":1,"132":1,"133":1,"134":1,"135":1,"138":1,"143":2,"144":2,"147":1,"154":2,"155":2,"158":1,"165":2,"166":2,"169":1,"176":2,"177":2,"180":1,"187":1,"188":1,"192":1,"193":1}},"/home/travis/build/npmtest/node-npmtest-noble/lib.npmtest_noble.js":{"path":"/home/travis/build/npmtest/node-npmtest-noble/lib.npmtest_noble.js","s":{"1":2,"2":2,"3":2,"4":2,"5":2,"6":2,"7":2,"8":1,"9":2,"10":2,"11":2,"12":2,"13":1,"14":1,"15":1,"16":1},"b":{"1":[2,1,1,1],"2":[1,1,1,1],"3":[1,1],"4":[2,2],"5":[1,1]},"f":{"1":2,"2":2,"3":2},"fnMap":{"1":{"name":"(anonymous_1)","line":12,"loc":{"start":{"line":12,"column":1},"end":{"line":12,"column":13}}},"2":{"name":"(anonymous_2)","line":19,"loc":{"start":{"line":19,"column":5},"end":{"line":19,"column":17}}},"3":{"name":"(anonymous_3)","line":23,"loc":{"start":{"line":23,"column":24},"end":{"line":23,"column":36}}}},"statementMap":{"1":{"start":{"line":12,"column":0},"end":{"line":53,"column":5}},"2":{"start":{"line":14,"column":4},"end":{"line":14,"column":14}},"3":{"start":{"line":19,"column":4},"end":{"line":52,"column":9}},"4":{"start":{"line":21,"column":8},"end":{"line":21,"column":19}},"5":{"start":{"line":23,"column":8},"end":{"line":35,"column":13}},"6":{"start":{"line":24,"column":12},"end":{"line":34,"column":13}},"7":{"start":{"line":25,"column":16},"end":{"line":28,"column":30}},"8":{"start":{"line":30,"column":16},"end":{"line":33,"column":27}},"9":{"start":{"line":37,"column":8},"end":{"line":39,"column":21}},"10":{"start":{"line":41,"column":8},"end":{"line":41,"column":54}},"11":{"start":{"line":43,"column":8},"end":{"line":43,"column":50}},"12":{"start":{"line":45,"column":8},"end":{"line":51,"column":9}},"13":{"start":{"line":46,"column":12},"end":{"line":46,"column":56}},"14":{"start":{"line":48,"column":12},"end":{"line":48,"column":35}},"15":{"start":{"line":49,"column":12},"end":{"line":49,"column":49}},"16":{"start":{"line":50,"column":12},"end":{"line":50,"column":43}}},"branchMap":{"1":{"line":25,"type":"binary-expr","locations":[{"start":{"line":25,"column":23},"end":{"line":25,"column":62}},{"start":{"line":26,"column":20},"end":{"line":26,"column":70}},{"start":{"line":27,"column":20},"end":{"line":27,"column":71}},{"start":{"line":28,"column":20},"end":{"line":28,"column":29}}]},"2":{"line":30,"type":"binary-expr","locations":[{"start":{"line":30,"column":23},"end":{"line":30,"column":37}},{"start":{"line":31,"column":20},"end":{"line":31,"column":61}},{"start":{"line":32,"column":20},"end":{"line":32,"column":70}},{"start":{"line":33,"column":20},"end":{"line":33,"column":26}}]},"3":{"line":37,"type":"cond-expr","locations":[{"start":{"line":38,"column":14},"end":{"line":38,"column":20}},{"start":{"line":39,"column":14},"end":{"line":39,"column":20}}]},"4":{"line":41,"type":"binary-expr","locations":[{"start":{"line":41,"column":16},"end":{"line":41,"column":44}},{"start":{"line":41,"column":48},"end":{"line":41,"column":53}}]},"5":{"line":45,"type":"if","locations":[{"start":{"line":45,"column":8},"end":{"line":45,"column":8}},{"start":{"line":45,"column":8},"end":{"line":45,"column":8}}]}},"code":["/* istanbul instrument in package npmtest_noble */","/*jslint","    bitwise: true,","    browser: true,","    maxerr: 8,","    maxlen: 96,","    node: true,","    nomen: true,","    regexp: true,","    stupid: true","*/","(function () {","    'use strict';","    var local;","","","","    // run shared js-env code - pre-init","    (function () {","        // init local","        local = {};","        // init modeJs","        local.modeJs = (function () {","            try {","                return typeof navigator.userAgent === 'string' &&","                    typeof document.querySelector('body') === 'object' &&","                    typeof XMLHttpRequest.prototype.open === 'function' &&","                    'browser';","            } catch (errorCaughtBrowser) {","                return module.exports &&","                    typeof process.versions.node === 'string' &&","                    typeof require('http').createServer === 'function' &&","                    'node';","            }","        }());","        // init global","        local.global = local.modeJs === 'browser'","            ? window","            : global;","        // init utility2_rollup","        local = local.global.utility2_rollup || local;","        // init lib","        local.local = local.npmtest_noble = local;","        // init exports","        if (local.modeJs === 'browser') {","            local.global.utility2_npmtest_noble = local;","        } else {","            module.exports = local;","            module.exports.__dirname = __dirname;","            module.exports.module = module;","        }","    }());","}());",""],"l":{"12":2,"14":2,"19":2,"21":2,"23":2,"24":2,"25":2,"30":1,"37":2,"41":2,"43":2,"45":2,"46":1,"48":1,"49":1,"50":1}},"/home/travis/build/npmtest/node-npmtest-noble/example.js":{"path":"/home/travis/build/npmtest/node-npmtest-noble/example.js","s":{"1":2,"2":2,"3":2,"4":2,"5":2,"6":2,"7":2,"8":1,"9":2,"10":2,"11":2,"12":2,"13":1,"14":2,"15":2,"16":2,"17":2,"18":2,"19":0,"20":2,"21":1,"22":1,"23":1,"24":1,"25":1,"26":0,"27":0,"28":1,"29":1,"30":2,"31":0,"32":0,"33":0,"34":1,"35":2,"36":2,"37":3,"38":3,"39":3,"40":3,"41":0,"42":3,"43":3,"44":3,"45":1,"46":3,"47":1,"48":1,"49":1,"50":1,"51":1,"52":1,"53":1,"54":1,"55":1,"56":1,"57":0,"58":1,"59":6,"60":6,"61":1,"62":2,"63":0,"64":2,"65":1,"66":1,"67":0,"68":0,"69":0,"70":0,"71":0,"72":0,"73":0,"74":0,"75":0,"76":0,"77":0,"78":0,"79":0,"80":0,"81":0,"82":0,"83":0},"b":{"1":[2,1,1,1],"2":[1,1,1,1],"3":[1,1],"4":[2,2],"5":[1,1],"6":[1,1],"7":[2,0],"8":[2,1,1,1,1,1],"9":[0,2,0],"10":[1,1],"11":[2,1,1],"12":[1,0],"13":[0,2],"14":[2,0,0,0,0,0,0],"15":[0,3],"16":[3,0],"17":[1,1],"18":[0,1],"19":[1,2,0,2],"20":[1,0],"21":[1,1],"22":[0,0],"23":[0,0],"24":[0,0],"25":[0,0],"26":[0,0],"27":[0,0],"28":[0,0]},"f":{"1":2,"2":2,"3":2,"4":2,"5":2,"6":2,"7":3,"8":3,"9":3,"10":1,"11":6,"12":0},"fnMap":{"1":{"name":"(anonymous_1)","line":26,"loc":{"start":{"line":26,"column":1},"end":{"line":26,"column":13}}},"2":{"name":"(anonymous_2)","line":33,"loc":{"start":{"line":33,"column":5},"end":{"line":33,"column":17}}},"3":{"name":"(anonymous_3)","line":37,"loc":{"start":{"line":37,"column":24},"end":{"line":37,"column":36}}},"4":{"name":"(anonymous_4)","line":69,"loc":{"start":{"line":69,"column":31},"end":{"line":69,"column":48}},"skip":true},"5":{"name":"(anonymous_5)","line":78,"loc":{"start":{"line":78,"column":26},"end":{"line":78,"column":45}},"skip":true},"6":{"name":"(anonymous_6)","line":123,"loc":{"start":{"line":123,"column":33},"end":{"line":123,"column":48}},"skip":true},"7":{"name":"(anonymous_7)","line":125,"loc":{"start":{"line":125,"column":27},"end":{"line":125,"column":39}},"skip":true},"8":{"name":"(anonymous_8)","line":133,"loc":{"start":{"line":133,"column":59},"end":{"line":133,"column":74}},"skip":true},"9":{"name":"(anonymous_9)","line":143,"loc":{"start":{"line":143,"column":45},"end":{"line":143,"column":62}},"skip":true},"10":{"name":"(anonymous_10)","line":144,"loc":{"start":{"line":144,"column":73},"end":{"line":144,"column":92}},"skip":true},"11":{"name":"(anonymous_11)","line":272,"loc":{"start":{"line":272,"column":51},"end":{"line":272,"column":77}},"skip":true},"12":{"name":"(anonymous_12)","line":315,"loc":{"start":{"line":315,"column":32},"end":{"line":315,"column":61}},"skip":true}},"statementMap":{"1":{"start":{"line":26,"column":0},"end":{"line":326,"column":5}},"2":{"start":{"line":28,"column":4},"end":{"line":28,"column":14}},"3":{"start":{"line":33,"column":4},"end":{"line":60,"column":9}},"4":{"start":{"line":35,"column":8},"end":{"line":35,"column":19}},"5":{"start":{"line":37,"column":8},"end":{"line":49,"column":13}},"6":{"start":{"line":38,"column":12},"end":{"line":48,"column":13}},"7":{"start":{"line":39,"column":16},"end":{"line":42,"column":30}},"8":{"start":{"line":44,"column":16},"end":{"line":47,"column":27}},"9":{"start":{"line":51,"column":8},"end":{"line":53,"column":21}},"10":{"start":{"line":55,"column":8},"end":{"line":57,"column":45}},"11":{"start":{"line":59,"column":8},"end":{"line":59,"column":35}},"12":{"start":{"line":61,"column":4},"end":{"line":325,"column":5}},"13":{"start":{"line":69,"column":8},"end":{"line":121,"column":10},"skip":true},"14":{"start":{"line":70,"column":12},"end":{"line":88,"column":13},"skip":true},"15":{"start":{"line":76,"column":16},"end":{"line":87,"column":19},"skip":true},"16":{"start":{"line":79,"column":20},"end":{"line":86,"column":21},"skip":true},"17":{"start":{"line":82,"column":24},"end":{"line":82,"column":43},"skip":true},"18":{"start":{"line":83,"column":24},"end":{"line":83,"column":30},"skip":true},"19":{"start":{"line":85,"column":24},"end":{"line":85,"column":49},"skip":true},"20":{"start":{"line":89,"column":12},"end":{"line":107,"column":13},"skip":true},"21":{"start":{"line":92,"column":16},"end":{"line":102,"column":17},"skip":true},"22":{"start":{"line":93,"column":20},"end":{"line":93,"column":86},"skip":true},"23":{"start":{"line":94,"column":20},"end":{"line":95,"column":45},"skip":true},"24":{"start":{"line":96,"column":20},"end":{"line":96,"column":42},"skip":true},"25":{"start":{"line":97,"column":20},"end":{"line":97,"column":48},"skip":true},"26":{"start":{"line":100,"column":20},"end":{"line":100,"column":85},"skip":true},"27":{"start":{"line":101,"column":20},"end":{"line":101,"column":96},"skip":true},"28":{"start":{"line":103,"column":16},"end":{"line":103,"column":22},"skip":true},"29":{"start":{"line":106,"column":16},"end":{"line":106,"column":22},"skip":true},"30":{"start":{"line":108,"column":12},"end":{"line":120,"column":13},"skip":true},"31":{"start":{"line":114,"column":16},"end":{"line":119,"column":17},"skip":true},"32":{"start":{"line":116,"column":20},"end":{"line":116,"column":78},"skip":true},"33":{"start":{"line":118,"column":20},"end":{"line":118,"column":47},"skip":true},"34":{"start":{"line":123,"column":8},"end":{"line":141,"column":11},"skip":true},"35":{"start":{"line":124,"column":12},"end":{"line":124,"column":54},"skip":true},"36":{"start":{"line":125,"column":12},"end":{"line":140,"column":14},"skip":true},"37":{"start":{"line":126,"column":16},"end":{"line":126,"column":28},"skip":true},"38":{"start":{"line":127,"column":16},"end":{"line":127,"column":69},"skip":true},"39":{"start":{"line":128,"column":16},"end":{"line":128,"column":75},"skip":true},"40":{"start":{"line":129,"column":16},"end":{"line":131,"column":17},"skip":true},"41":{"start":{"line":130,"column":20},"end":{"line":130,"column":27},"skip":true},"42":{"start":{"line":133,"column":16},"end":{"line":137,"column":36},"skip":true},"43":{"start":{"line":134,"column":20},"end":{"line":136,"column":55},"skip":true},"44":{"start":{"line":139,"column":16},"end":{"line":139,"column":57},"skip":true},"45":{"start":{"line":143,"column":8},"end":{"line":147,"column":11},"skip":true},"46":{"start":{"line":144,"column":12},"end":{"line":146,"column":15},"skip":true},"47":{"start":{"line":145,"column":16},"end":{"line":145,"column":70},"skip":true},"48":{"start":{"line":149,"column":8},"end":{"line":149,"column":31},"skip":true},"49":{"start":{"line":150,"column":8},"end":{"line":150,"column":14},"skip":true},"50":{"start":{"line":158,"column":8},"end":{"line":158,"column":31},"skip":true},"51":{"start":{"line":160,"column":8},"end":{"line":160,"column":33},"skip":true},"52":{"start":{"line":161,"column":8},"end":{"line":161,"column":37},"skip":true},"53":{"start":{"line":162,"column":8},"end":{"line":162,"column":35},"skip":true},"54":{"start":{"line":164,"column":8},"end":{"line":164,"column":50},"skip":true},"55":{"start":{"line":166,"column":8},"end":{"line":256,"column":2},"skip":true},"56":{"start":{"line":258,"column":8},"end":{"line":286,"column":9},"skip":true},"57":{"start":{"line":259,"column":12},"end":{"line":269,"column":14},"skip":true},"58":{"start":{"line":271,"column":12},"end":{"line":285,"column":19},"skip":true},"59":{"start":{"line":274,"column":20},"end":{"line":274,"column":35},"skip":true},"60":{"start":{"line":275,"column":20},"end":{"line":284,"column":21},"skip":true},"61":{"start":{"line":277,"column":24},"end":{"line":277,"column":64},"skip":true},"62":{"start":{"line":279,"column":24},"end":{"line":279,"column":40},"skip":true},"63":{"start":{"line":281,"column":24},"end":{"line":281,"column":40},"skip":true},"64":{"start":{"line":283,"column":24},"end":{"line":283,"column":39},"skip":true},"65":{"start":{"line":288,"column":8},"end":{"line":290,"column":9},"skip":true},"66":{"start":{"line":289,"column":12},"end":{"line":289,"column":18},"skip":true},"67":{"start":{"line":291,"column":8},"end":{"line":293,"column":54},"skip":true},"68":{"start":{"line":296,"column":8},"end":{"line":301,"column":37},"skip":true},"69":{"start":{"line":303,"column":8},"end":{"line":303,"column":82},"skip":true},"70":{"start":{"line":306,"column":8},"end":{"line":308,"column":9},"skip":true},"71":{"start":{"line":307,"column":12},"end":{"line":307,"column":82},"skip":true},"72":{"start":{"line":310,"column":8},"end":{"line":312,"column":9},"skip":true},"73":{"start":{"line":311,"column":12},"end":{"line":311,"column":18},"skip":true},"74":{"start":{"line":313,"column":8},"end":{"line":313,"column":54},"skip":true},"75":{"start":{"line":314,"column":8},"end":{"line":314,"column":69},"skip":true},"76":{"start":{"line":315,"column":8},"end":{"line":323,"column":36},"skip":true},"77":{"start":{"line":316,"column":12},"end":{"line":316,"column":61},"skip":true},"78":{"start":{"line":317,"column":12},"end":{"line":320,"column":13},"skip":true},"79":{"start":{"line":318,"column":16},"end":{"line":318,"column":75},"skip":true},"80":{"start":{"line":319,"column":16},"end":{"line":319,"column":23},"skip":true},"81":{"start":{"line":321,"column":12},"end":{"line":321,"column":38},"skip":true},"82":{"start":{"line":322,"column":12},"end":{"line":322,"column":27},"skip":true},"83":{"start":{"line":324,"column":8},"end":{"line":324,"column":14},"skip":true}},"branchMap":{"1":{"line":39,"type":"binary-expr","locations":[{"start":{"line":39,"column":23},"end":{"line":39,"column":62}},{"start":{"line":40,"column":20},"end":{"line":40,"column":70}},{"start":{"line":41,"column":20},"end":{"line":41,"column":71}},{"start":{"line":42,"column":20},"end":{"line":42,"column":29}}]},"2":{"line":44,"type":"binary-expr","locations":[{"start":{"line":44,"column":23},"end":{"line":44,"column":37}},{"start":{"line":45,"column":20},"end":{"line":45,"column":61}},{"start":{"line":46,"column":20},"end":{"line":46,"column":70}},{"start":{"line":47,"column":20},"end":{"line":47,"column":26}}]},"3":{"line":51,"type":"cond-expr","locations":[{"start":{"line":52,"column":14},"end":{"line":52,"column":20}},{"start":{"line":53,"column":14},"end":{"line":53,"column":20}}]},"4":{"line":55,"type":"binary-expr","locations":[{"start":{"line":55,"column":16},"end":{"line":55,"column":44}},{"start":{"line":55,"column":49},"end":{"line":57,"column":43}}]},"5":{"line":55,"type":"cond-expr","locations":[{"start":{"line":56,"column":14},"end":{"line":56,"column":49}},{"start":{"line":57,"column":14},"end":{"line":57,"column":43}}]},"6":{"line":61,"type":"switch","locations":[{"start":{"line":68,"column":4},"end":{"line":150,"column":14},"skip":true},{"start":{"line":156,"column":4},"end":{"line":324,"column":14},"skip":true}]},"7":{"line":70,"type":"if","locations":[{"start":{"line":70,"column":12},"end":{"line":70,"column":12},"skip":true},{"start":{"line":70,"column":12},"end":{"line":70,"column":12},"skip":true}]},"8":{"line":70,"type":"binary-expr","locations":[{"start":{"line":70,"column":16},"end":{"line":70,"column":22},"skip":true},{"start":{"line":70,"column":27},"end":{"line":70,"column":32},"skip":true},{"start":{"line":71,"column":20},"end":{"line":71,"column":39},"skip":true},{"start":{"line":72,"column":20},"end":{"line":72,"column":49},"skip":true},{"start":{"line":73,"column":20},"end":{"line":73,"column":58},"skip":true},{"start":{"line":74,"column":20},"end":{"line":74,"column":69},"skip":true}]},"9":{"line":79,"type":"switch","locations":[{"start":{"line":80,"column":20},"end":{"line":80,"column":33},"skip":true},{"start":{"line":81,"column":20},"end":{"line":83,"column":30},"skip":true},{"start":{"line":84,"column":20},"end":{"line":85,"column":49},"skip":true}]},"10":{"line":89,"type":"switch","locations":[{"start":{"line":90,"column":12},"end":{"line":103,"column":22},"skip":true},{"start":{"line":105,"column":12},"end":{"line":106,"column":22},"skip":true}]},"11":{"line":89,"type":"binary-expr","locations":[{"start":{"line":89,"column":20},"end":{"line":89,"column":25},"skip":true},{"start":{"line":89,"column":29},"end":{"line":89,"column":48},"skip":true},{"start":{"line":89,"column":52},"end":{"line":89,"column":74},"skip":true}]},"12":{"line":92,"type":"if","locations":[{"start":{"line":92,"column":16},"end":{"line":92,"column":16},"skip":true},{"start":{"line":92,"column":16},"end":{"line":92,"column":16},"skip":true}]},"13":{"line":108,"type":"if","locations":[{"start":{"line":108,"column":12},"end":{"line":108,"column":12},"skip":true},{"start":{"line":108,"column":12},"end":{"line":108,"column":12},"skip":true}]},"14":{"line":108,"type":"binary-expr","locations":[{"start":{"line":108,"column":16},"end":{"line":108,"column":61},"skip":true},{"start":{"line":108,"column":66},"end":{"line":108,"column":72},"skip":true},{"start":{"line":108,"column":77},"end":{"line":108,"column":82},"skip":true},{"start":{"line":109,"column":20},"end":{"line":109,"column":39},"skip":true},{"start":{"line":110,"column":20},"end":{"line":110,"column":49},"skip":true},{"start":{"line":111,"column":20},"end":{"line":111,"column":58},"skip":true},{"start":{"line":112,"column":20},"end":{"line":112,"column":68},"skip":true}]},"15":{"line":129,"type":"if","locations":[{"start":{"line":129,"column":16},"end":{"line":129,"column":16},"skip":true},{"start":{"line":129,"column":16},"end":{"line":129,"column":16},"skip":true}]},"16":{"line":134,"type":"cond-expr","locations":[{"start":{"line":135,"column":26},"end":{"line":135,"column":29},"skip":true},{"start":{"line":136,"column":26},"end":{"line":136,"column":54},"skip":true}]},"17":{"line":164,"type":"binary-expr","locations":[{"start":{"line":164,"column":27},"end":{"line":164,"column":43},"skip":true},{"start":{"line":164,"column":47},"end":{"line":164,"column":49},"skip":true}]},"18":{"line":258,"type":"if","locations":[{"start":{"line":258,"column":8},"end":{"line":258,"column":8},"skip":true},{"start":{"line":258,"column":8},"end":{"line":258,"column":8},"skip":true}]},"19":{"line":275,"type":"switch","locations":[{"start":{"line":276,"column":20},"end":{"line":277,"column":64},"skip":true},{"start":{"line":278,"column":20},"end":{"line":279,"column":40},"skip":true},{"start":{"line":280,"column":20},"end":{"line":281,"column":40},"skip":true},{"start":{"line":282,"column":20},"end":{"line":283,"column":39},"skip":true}]},"20":{"line":288,"type":"if","locations":[{"start":{"line":288,"column":8},"end":{"line":288,"column":8},"skip":true},{"start":{"line":288,"column":8},"end":{"line":288,"column":8},"skip":true}]},"21":{"line":288,"type":"binary-expr","locations":[{"start":{"line":288,"column":12},"end":{"line":288,"column":40},"skip":true},{"start":{"line":288,"column":44},"end":{"line":288,"column":67},"skip":true}]},"22":{"line":292,"type":"binary-expr","locations":[{"start":{"line":292,"column":12},"end":{"line":292,"column":50},"skip":true},{"start":{"line":293,"column":12},"end":{"line":293,"column":53},"skip":true}]},"23":{"line":297,"type":"binary-expr","locations":[{"start":{"line":297,"column":12},"end":{"line":297,"column":63},"skip":true},{"start":{"line":298,"column":12},"end":{"line":301,"column":36},"skip":true}]},"24":{"line":303,"type":"binary-expr","locations":[{"start":{"line":303,"column":43},"end":{"line":303,"column":75},"skip":true},{"start":{"line":303,"column":79},"end":{"line":303,"column":81},"skip":true}]},"25":{"line":306,"type":"if","locations":[{"start":{"line":306,"column":8},"end":{"line":306,"column":8},"skip":true},{"start":{"line":306,"column":8},"end":{"line":306,"column":8},"skip":true}]},"26":{"line":310,"type":"if","locations":[{"start":{"line":310,"column":8},"end":{"line":310,"column":8},"skip":true},{"start":{"line":310,"column":8},"end":{"line":310,"column":8},"skip":true}]},"27":{"line":313,"type":"binary-expr","locations":[{"start":{"line":313,"column":27},"end":{"line":313,"column":43},"skip":true},{"start":{"line":313,"column":47},"end":{"line":313,"column":53},"skip":true}]},"28":{"line":317,"type":"if","locations":[{"start":{"line":317,"column":12},"end":{"line":317,"column":12},"skip":true},{"start":{"line":317,"column":12},"end":{"line":317,"column":12},"skip":true}]}},"code":["/*","example.js","","quickstart example","","instruction","    1. save this script as example.js","    2. run the shell command:","        $ npm install npmtest-noble && PORT=8081 node example.js","    3. play with the browser-demo on http://127.0.0.1:8081","*/","","","","/* istanbul instrument in package npmtest_noble */","/*jslint","    bitwise: true,","    browser: true,","    maxerr: 8,","    maxlen: 96,","    node: true,","    nomen: true,","    regexp: true,","    stupid: true","*/","(function () {","    'use strict';","    var local;","","","","    // run shared js-env code - pre-init","    (function () {","        // init local","        local = {};","        // init modeJs","        local.modeJs = (function () {","            try {","                return typeof navigator.userAgent === 'string' &&","                    typeof document.querySelector('body') === 'object' &&","                    typeof XMLHttpRequest.prototype.open === 'function' &&","                    'browser';","            } catch (errorCaughtBrowser) {","                return module.exports &&","                    typeof process.versions.node === 'string' &&","                    typeof require('http').createServer === 'function' &&","                    'node';","            }","        }());","        // init global","        local.global = local.modeJs === 'browser'","            ? window","            : global;","        // init utility2_rollup","        local = local.global.utility2_rollup || (local.modeJs === 'browser'","            ? local.global.utility2_npmtest_noble","            : global.utility2_moduleExports);","        // export local","        local.global.local = local;","    }());","    switch (local.modeJs) {","","","","    // post-init","    // run browser js-env code - post-init","    /* istanbul ignore next */","    case 'browser':","        local.testRunBrowser = function (event) {","            if (!event || (event &&","                    event.currentTarget &&","                    event.currentTarget.className &&","                    event.currentTarget.className.includes &&","                    event.currentTarget.className.includes('onreset'))) {","                // reset output","                Array.from(","                    document.querySelectorAll('body > .resettable')","                ).forEach(function (element) {","                    switch (element.tagName) {","                    case 'INPUT':","                    case 'TEXTAREA':","                        element.value = '';","                        break;","                    default:","                        element.textContent = '';","                    }","                });","            }","            switch (event && event.currentTarget && event.currentTarget.id) {","            case 'testRunButton1':","                // show tests","                if (document.querySelector('#testReportDiv1').style.display === 'none') {","                    document.querySelector('#testReportDiv1').style.display = 'block';","                    document.querySelector('#testRunButton1').textContent =","                        'hide internal test';","                    local.modeTest = true;","                    local.testRunDefault(local);","                // hide tests","                } else {","                    document.querySelector('#testReportDiv1').style.display = 'none';","                    document.querySelector('#testRunButton1').textContent = 'run internal test';","                }","                break;","            // custom-case","            default:","                break;","            }","            if (document.querySelector('#inputTextareaEval1') && (!event || (event &&","                    event.currentTarget &&","                    event.currentTarget.className &&","                    event.currentTarget.className.includes &&","                    event.currentTarget.className.includes('oneval')))) {","                // try to eval input-code","                try {","                    /*jslint evil: true*/","                    eval(document.querySelector('#inputTextareaEval1').value);","                } catch (errorCaught) {","                    console.error(errorCaught);","                }","            }","        };","        // log stderr and stdout to #outputTextareaStdout1","        ['error', 'log'].forEach(function (key) {","            console[key + '_original'] = console[key];","            console[key] = function () {","                var element;","                console[key + '_original'].apply(console, arguments);","                element = document.querySelector('#outputTextareaStdout1');","                if (!element) {","                    return;","                }","                // append text to #outputTextareaStdout1","                element.value += Array.from(arguments).map(function (arg) {","                    return typeof arg === 'string'","                        ? arg","                        : JSON.stringify(arg, null, 4);","                }).join(' ') + '\\n';","                // scroll textarea to bottom","                element.scrollTop = element.scrollHeight;","            };","        });","        // init event-handling","        ['change', 'click', 'keyup'].forEach(function (event) {","            Array.from(document.querySelectorAll('.on' + event)).forEach(function (element) {","                element.addEventListener(event, local.testRunBrowser);","            });","        });","        // run tests","        local.testRunBrowser();","        break;","","","","    // run node js-env code - post-init","    /* istanbul ignore next */","    case 'node':","        // export local","        module.exports = local;","        // require modules","        local.fs = require('fs');","        local.http = require('http');","        local.url = require('url');","        // init assets","        local.assetsDict = local.assetsDict || {};","        /* jslint-ignore-begin */","        local.assetsDict['/assets.index.template.html'] = '\\","<!doctype html>\\n\\","<html lang=\"en\">\\n\\","<head>\\n\\","<meta charset=\"UTF-8\">\\n\\","<meta name=\"viewport\" content=\"width=device-width, initial-scale=1\">\\n\\","<title>{{env.npm_package_name}} (v{{env.npm_package_version}})</title>\\n\\","<style>\\n\\","/*csslint\\n\\","    box-sizing: false,\\n\\","    universal-selector: false\\n\\","*/\\n\\","* {\\n\\","    box-sizing: border-box;\\n\\","}\\n\\","body {\\n\\","    background: #dde;\\n\\","    font-family: Arial, Helvetica, sans-serif;\\n\\","    margin: 2rem;\\n\\","}\\n\\","body > * {\\n\\","    margin-bottom: 1rem;\\n\\","}\\n\\",".utility2FooterDiv {\\n\\","    margin-top: 20px;\\n\\","    text-align: center;\\n\\","}\\n\\","</style>\\n\\","<style>\\n\\","/*csslint\\n\\","*/\\n\\","textarea {\\n\\","    font-family: monospace;\\n\\","    height: 10rem;\\n\\","    width: 100%;\\n\\","}\\n\\","textarea[readonly] {\\n\\","    background: #ddd;\\n\\","}\\n\\","</style>\\n\\","</head>\\n\\","<body>\\n\\","<!-- utility2-comment\\n\\","<div id=\"ajaxProgressDiv1\" style=\"background: #d00; height: 2px; left: 0; margin: 0; padding: 0; position: fixed; top: 0; transition: background 0.5s, width 1.5s; width: 25%;\"></div>\\n\\","utility2-comment -->\\n\\","<h1>\\n\\","<!-- utility2-comment\\n\\","    <a\\n\\","        {{#if env.npm_package_homepage}}\\n\\","        href=\"{{env.npm_package_homepage}}\"\\n\\","        {{/if env.npm_package_homepage}}\\n\\","        target=\"_blank\"\\n\\","    >\\n\\","utility2-comment -->\\n\\","        {{env.npm_package_name}} (v{{env.npm_package_version}})\\n\\","<!-- utility2-comment\\n\\","    </a>\\n\\","utility2-comment -->\\n\\","</h1>\\n\\","<h3>{{env.npm_package_description}}</h3>\\n\\","<!-- utility2-comment\\n\\","<h4><a download href=\"assets.app.js\">download standalone app</a></h4>\\n\\","<button class=\"onclick onreset\" id=\"testRunButton1\">run internal test</button><br>\\n\\","<div id=\"testReportDiv1\" style=\"display: none;\"></div>\\n\\","utility2-comment -->\\n\\","\\n\\","\\n\\","\\n\\","<label>stderr and stdout</label>\\n\\","<textarea class=\"resettable\" id=\"outputTextareaStdout1\" readonly></textarea>\\n\\","<!-- utility2-comment\\n\\","{{#if isRollup}}\\n\\","<script src=\"assets.app.js\"></script>\\n\\","{{#unless isRollup}}\\n\\","utility2-comment -->\\n\\","<script src=\"assets.utility2.rollup.js\"></script>\\n\\","<script src=\"jsonp.utility2._stateInit?callback=window.utility2._stateInit\"></script>\\n\\","<script src=\"assets.npmtest_noble.rollup.js\"></script>\\n\\","<script src=\"assets.example.js\"></script>\\n\\","<script src=\"assets.test.js\"></script>\\n\\","<!-- utility2-comment\\n\\","{{/if isRollup}}\\n\\","utility2-comment -->\\n\\","<div class=\"utility2FooterDiv\">\\n\\","    [ this app was created with\\n\\","    <a href=\"https://github.com/kaizhu256/node-utility2\" target=\"_blank\">utility2</a>\\n\\","    ]\\n\\","</div>\\n\\","</body>\\n\\","</html>\\n\\","';","        /* jslint-ignore-end */","        if (local.templateRender) {","            local.assetsDict['/'] = local.templateRender(","                local.assetsDict['/assets.index.template.html'],","                {","                    env: local.objectSetDefault(local.env, {","                        npm_package_description: 'the greatest app in the world!',","                        npm_package_name: 'my-app',","                        npm_package_nameAlias: 'my_app',","                        npm_package_version: '0.0.1'","                    })","                }","            );","        } else {","            local.assetsDict['/'] = local.assetsDict['/assets.index.template.html']","                .replace((/\\{\\{env\\.(\\w+?)\\}\\}/g), function (match0, match1) {","                    // jslint-hack","                    String(match0);","                    switch (match1) {","                    case 'npm_package_description':","                        return 'the greatest app in the world!';","                    case 'npm_package_name':","                        return 'my-app';","                    case 'npm_package_nameAlias':","                        return 'my_app';","                    case 'npm_package_version':","                        return '0.0.1';","                    }","                });","        }","        // run the cli","        if (local.global.utility2_rollup || module !== require.main) {","            break;","        }","        local.assetsDict['/assets.example.js'] =","            local.assetsDict['/assets.example.js'] ||","            local.fs.readFileSync(__filename, 'utf8');","        // bug-workaround - long $npm_package_buildCustomOrg","        /* jslint-ignore-begin */","        local.assetsDict['/assets.npmtest_noble.rollup.js'] =","            local.assetsDict['/assets.npmtest_noble.rollup.js'] ||","            local.fs.readFileSync(","                local.npmtest_noble.__dirname + '/lib.npmtest_noble.js',","                'utf8'","            ).replace((/^#!/), '//');","        /* jslint-ignore-end */","        local.assetsDict['/favicon.ico'] = local.assetsDict['/favicon.ico'] || '';","        // if $npm_config_timeout_exit exists,","        // then exit this process after $npm_config_timeout_exit ms","        if (Number(process.env.npm_config_timeout_exit)) {","            setTimeout(process.exit, Number(process.env.npm_config_timeout_exit));","        }","        // start server","        if (local.global.utility2_serverHttp1) {","            break;","        }","        process.env.PORT = process.env.PORT || '8081';","        console.error('server starting on port ' + process.env.PORT);","        local.http.createServer(function (request, response) {","            request.urlParsed = local.url.parse(request.url);","            if (local.assetsDict[request.urlParsed.pathname] !== undefined) {","                response.end(local.assetsDict[request.urlParsed.pathname]);","                return;","            }","            response.statusCode = 404;","            response.end();","        }).listen(process.env.PORT);","        break;","    }","}());",""],"l":{"26":2,"28":2,"33":2,"35":2,"37":2,"38":2,"39":2,"44":1,"51":2,"55":2,"59":2,"61":2,"69":1,"70":2,"76":2,"79":2,"82":2,"83":2,"85":1,"89":2,"92":1,"93":1,"94":1,"96":1,"97":1,"100":1,"101":1,"103":1,"106":1,"108":2,"114":1,"116":1,"118":1,"123":1,"124":2,"125":2,"126":3,"127":3,"128":3,"129":3,"130":1,"133":3,"134":3,"139":3,"143":1,"144":3,"145":1,"149":1,"150":1,"158":1,"160":1,"161":1,"162":1,"164":1,"166":1,"258":1,"259":1,"271":1,"274":6,"275":6,"277":1,"279":2,"281":1,"283":2,"288":1,"289":1,"291":1,"296":1,"303":1,"306":1,"307":1,"310":1,"311":1,"313":1,"314":1,"315":1,"316":1,"317":1,"318":1,"319":1,"321":1,"322":1,"324":1}},"/home/travis/build/npmtest/node-npmtest-noble/node_modules/noble/index.js":{"path":"/home/travis/build/npmtest/node-npmtest-noble/node_modules/noble/index.js","s":{"1":1,"2":1,"3":1},"b":{},"f":{},"fnMap":{},"statementMap":{"1":{"start":{"line":1,"column":0},"end":{"line":1,"column":35}},"2":{"start":{"line":2,"column":0},"end":{"line":2,"column":51}},"3":{"start":{"line":4,"column":0},"end":{"line":4,"column":37}}},"branchMap":{},"code":["var Noble = require('./lib/noble');","var bindings = require('./lib/resolve-bindings')();","","module.exports = new Noble(bindings);",""],"l":{"1":1,"2":1,"4":1}},"/home/travis/build/npmtest/node-npmtest-noble/node_modules/noble/lib/noble.js":{"path":"/home/travis/build/npmtest/node-npmtest-noble/node_modules/noble/lib/noble.js","s":{"1":1,"2":1,"3":1,"4":1,"5":1,"6":1,"7":1,"8":1,"9":1,"10":1,"11":1,"12":1,"13":1,"14":1,"15":1,"16":1,"17":1,"18":1,"19":1,"20":1,"21":1,"22":1,"23":1,"24":1,"25":1,"26":1,"27":1,"28":1,"29":1,"30":1,"31":1,"32":1,"33":1,"34":1,"35":1,"36":1,"37":1,"38":1,"39":0,"40":0,"41":1,"42":1,"43":1,"44":1,"45":1,"46":1,"47":1,"48":0,"49":0,"50":1,"51":0,"52":0,"53":0,"54":0,"55":0,"56":0,"57":0,"58":0,"59":0,"60":0,"61":0,"62":1,"63":0,"64":0,"65":1,"66":0,"67":0,"68":0,"69":1,"70":0,"71":0,"72":1,"73":0,"74":0,"75":0,"76":0,"77":0,"78":0,"79":0,"80":0,"81":0,"82":0,"83":0,"84":0,"85":0,"86":0,"87":0,"88":0,"89":1,"90":0,"91":1,"92":0,"93":0,"94":0,"95":0,"96":0,"97":1,"98":0,"99":1,"100":0,"101":0,"102":0,"103":0,"104":0,"105":1,"106":0,"107":1,"108":0,"109":0,"110":0,"111":0,"112":0,"113":1,"114":0,"115":1,"116":0,"117":0,"118":0,"119":0,"120":0,"121":0,"122":0,"123":0,"124":0,"125":0,"126":0,"127":0,"128":0,"129":1,"130":0,"131":1,"132":0,"133":0,"134":0,"135":0,"136":0,"137":1,"138":0,"139":1,"140":0,"141":0,"142":0,"143":0,"144":0,"145":0,"146":0,"147":0,"148":0,"149":0,"150":0,"151":0,"152":1,"153":0,"154":1,"155":0,"156":0,"157":0,"158":0,"159":0,"160":1,"161":0,"162":1,"163":0,"164":0,"165":0,"166":0,"167":1,"168":0,"169":1,"170":0,"171":0,"172":0,"173":0,"174":1,"175":0,"176":1,"177":0,"178":0,"179":0,"180":0,"181":1,"182":0,"183":1,"184":0,"185":0,"186":0,"187":0,"188":0,"189":0,"190":0,"191":0,"192":0,"193":0,"194":0,"195":1,"196":0,"197":1,"198":0,"199":0,"200":0,"201":0,"202":1,"203":0,"204":1,"205":0,"206":0,"207":0,"208":0,"209":1,"210":0,"211":1,"212":0,"213":0,"214":0,"215":0,"216":1,"217":0,"218":1,"219":0,"220":0,"221":0,"222":0,"223":1,"224":0,"225":0,"226":0,"227":0,"228":1},"b":{"1":[0,0],"2":[0,0],"3":[0,0],"4":[0,0],"5":[0,0],"6":[0,0],"7":[0,0],"8":[0,0],"9":[0,0],"10":[0,0],"11":[0,0],"12":[0,0],"13":[0,0],"14":[0,0],"15":[0,0],"16":[0,0],"17":[0,0],"18":[0,0],"19":[0,0],"20":[0,0],"21":[0,0],"22":[0,0],"23":[0,0],"24":[0,0],"25":[0,0],"26":[0,0],"27":[0,0]},"f":{"1":1,"2":0,"3":1,"4":0,"5":0,"6":0,"7":0,"8":0,"9":0,"10":0,"11":0,"12":0,"13":0,"14":0,"15":0,"16":0,"17":0,"18":0,"19":0,"20":0,"21":0,"22":0,"23":0,"24":0,"25":0,"26":0,"27":0,"28":0,"29":0,"30":0,"31":0,"32":0,"33":0,"34":0,"35":0,"36":0,"37":0,"38":0,"39":0,"40":0,"41":0},"fnMap":{"1":{"name":"Noble","line":11,"loc":{"start":{"line":11,"column":0},"end":{"line":11,"column":25}}},"2":{"name":"(anonymous_2)","line":44,"loc":{"start":{"line":44,"column":21},"end":{"line":44,"column":39}}},"3":{"name":"(anonymous_3)","line":55,"loc":{"start":{"line":55,"column":32},"end":{"line":55,"column":48}}},"4":{"name":"(anonymous_4)","line":63,"loc":{"start":{"line":63,"column":34},"end":{"line":63,"column":52}}},"5":{"name":"(anonymous_5)","line":69,"loc":{"start":{"line":69,"column":32},"end":{"line":69,"column":82}}},"6":{"name":"(anonymous_6)","line":80,"loc":{"start":{"line":80,"column":29},"end":{"line":80,"column":56}}},"7":{"name":"(anonymous_7)","line":92,"loc":{"start":{"line":92,"column":30},"end":{"line":92,"column":57}}},"8":{"name":"(anonymous_8)","line":97,"loc":{"start":{"line":97,"column":31},"end":{"line":97,"column":50}}},"9":{"name":"(anonymous_9)","line":104,"loc":{"start":{"line":104,"column":29},"end":{"line":104,"column":40}}},"10":{"name":"(anonymous_10)","line":109,"loc":{"start":{"line":109,"column":29},"end":{"line":109,"column":100}}},"11":{"name":"(anonymous_11)","line":141,"loc":{"start":{"line":141,"column":26},"end":{"line":141,"column":51}}},"12":{"name":"(anonymous_12)","line":145,"loc":{"start":{"line":145,"column":28},"end":{"line":145,"column":60}}},"13":{"name":"(anonymous_13)","line":156,"loc":{"start":{"line":156,"column":29},"end":{"line":156,"column":54}}},"14":{"name":"(anonymous_14)","line":160,"loc":{"start":{"line":160,"column":31},"end":{"line":160,"column":56}}},"15":{"name":"(anonymous_15)","line":171,"loc":{"start":{"line":171,"column":29},"end":{"line":171,"column":54}}},"16":{"name":"(anonymous_16)","line":175,"loc":{"start":{"line":175,"column":31},"end":{"line":175,"column":62}}},"17":{"name":"(anonymous_17)","line":187,"loc":{"start":{"line":187,"column":35},"end":{"line":187,"column":67}}},"18":{"name":"(anonymous_18)","line":191,"loc":{"start":{"line":191,"column":37},"end":{"line":191,"column":76}}},"19":{"name":"(anonymous_19)","line":216,"loc":{"start":{"line":216,"column":43},"end":{"line":216,"column":95}}},"20":{"name":"(anonymous_20)","line":220,"loc":{"start":{"line":220,"column":45},"end":{"line":220,"column":105}}},"21":{"name":"(anonymous_21)","line":232,"loc":{"start":{"line":232,"column":42},"end":{"line":232,"column":101}}},"22":{"name":"(anonymous_22)","line":236,"loc":{"start":{"line":236,"column":44},"end":{"line":236,"column":99}}},"23":{"name":"(anonymous_23)","line":267,"loc":{"start":{"line":267,"column":23},"end":{"line":267,"column":81}}},"24":{"name":"(anonymous_24)","line":271,"loc":{"start":{"line":271,"column":25},"end":{"line":271,"column":105}}},"25":{"name":"(anonymous_25)","line":283,"loc":{"start":{"line":283,"column":24},"end":{"line":283,"column":105}}},"26":{"name":"(anonymous_26)","line":287,"loc":{"start":{"line":287,"column":26},"end":{"line":287,"column":84}}},"27":{"name":"(anonymous_27)","line":297,"loc":{"start":{"line":297,"column":28},"end":{"line":297,"column":97}}},"28":{"name":"(anonymous_28)","line":301,"loc":{"start":{"line":301,"column":30},"end":{"line":301,"column":95}}},"29":{"name":"(anonymous_29)","line":311,"loc":{"start":{"line":311,"column":25},"end":{"line":311,"column":91}}},"30":{"name":"(anonymous_30)","line":315,"loc":{"start":{"line":315,"column":27},"end":{"line":315,"column":92}}},"31":{"name":"(anonymous_31)","line":325,"loc":{"start":{"line":325,"column":38},"end":{"line":325,"column":96}}},"32":{"name":"(anonymous_32)","line":329,"loc":{"start":{"line":329,"column":40},"end":{"line":329,"column":111}}},"33":{"name":"(anonymous_33)","line":359,"loc":{"start":{"line":359,"column":28},"end":{"line":359,"column":102}}},"34":{"name":"(anonymous_34)","line":363,"loc":{"start":{"line":363,"column":30},"end":{"line":363,"column":110}}},"35":{"name":"(anonymous_35)","line":373,"loc":{"start":{"line":373,"column":29},"end":{"line":373,"column":109}}},"36":{"name":"(anonymous_36)","line":377,"loc":{"start":{"line":377,"column":31},"end":{"line":377,"column":105}}},"37":{"name":"(anonymous_37)","line":387,"loc":{"start":{"line":387,"column":29},"end":{"line":387,"column":62}}},"38":{"name":"(anonymous_38)","line":391,"loc":{"start":{"line":391,"column":31},"end":{"line":391,"column":70}}},"39":{"name":"(anonymous_39)","line":401,"loc":{"start":{"line":401,"column":30},"end":{"line":401,"column":86}}},"40":{"name":"(anonymous_40)","line":405,"loc":{"start":{"line":405,"column":32},"end":{"line":405,"column":65}}},"41":{"name":"(anonymous_41)","line":415,"loc":{"start":{"line":415,"column":33},"end":{"line":415,"column":72}}}},"statementMap":{"1":{"start":{"line":1,"column":0},"end":{"line":1,"column":38}},"2":{"start":{"line":3,"column":0},"end":{"line":3,"column":31}},"3":{"start":{"line":4,"column":0},"end":{"line":4,"column":27}},"4":{"start":{"line":6,"column":0},"end":{"line":6,"column":41}},"5":{"start":{"line":7,"column":0},"end":{"line":7,"column":35}},"6":{"start":{"line":8,"column":0},"end":{"line":8,"column":49}},"7":{"start":{"line":9,"column":0},"end":{"line":9,"column":41}},"8":{"start":{"line":11,"column":0},"end":{"line":51,"column":1}},"9":{"start":{"line":12,"column":2},"end":{"line":12,"column":25}},"10":{"start":{"line":13,"column":2},"end":{"line":13,"column":27}},"11":{"start":{"line":15,"column":2},"end":{"line":15,"column":28}},"12":{"start":{"line":16,"column":2},"end":{"line":16,"column":25}},"13":{"start":{"line":17,"column":2},"end":{"line":17,"column":22}},"14":{"start":{"line":18,"column":2},"end":{"line":18,"column":29}},"15":{"start":{"line":19,"column":2},"end":{"line":19,"column":25}},"16":{"start":{"line":20,"column":2},"end":{"line":20,"column":39}},"17":{"start":{"line":22,"column":2},"end":{"line":22,"column":66}},"18":{"start":{"line":23,"column":2},"end":{"line":23,"column":70}},"19":{"start":{"line":24,"column":2},"end":{"line":24,"column":62}},"20":{"start":{"line":25,"column":2},"end":{"line":25,"column":60}},"21":{"start":{"line":26,"column":2},"end":{"line":26,"column":60}},"22":{"start":{"line":27,"column":2},"end":{"line":27,"column":58}},"23":{"start":{"line":28,"column":2},"end":{"line":28,"column":64}},"24":{"start":{"line":29,"column":2},"end":{"line":29,"column":64}},"25":{"start":{"line":30,"column":2},"end":{"line":30,"column":76}},"26":{"start":{"line":31,"column":2},"end":{"line":31,"column":92}},"27":{"start":{"line":32,"column":2},"end":{"line":32,"column":90}},"28":{"start":{"line":33,"column":2},"end":{"line":33,"column":52}},"29":{"start":{"line":34,"column":2},"end":{"line":34,"column":54}},"30":{"start":{"line":35,"column":2},"end":{"line":35,"column":62}},"31":{"start":{"line":36,"column":2},"end":{"line":36,"column":56}},"32":{"start":{"line":37,"column":2},"end":{"line":37,"column":82}},"33":{"start":{"line":38,"column":2},"end":{"line":38,"column":62}},"34":{"start":{"line":39,"column":2},"end":{"line":39,"column":64}},"35":{"start":{"line":40,"column":2},"end":{"line":40,"column":64}},"36":{"start":{"line":41,"column":2},"end":{"line":41,"column":66}},"37":{"start":{"line":42,"column":2},"end":{"line":42,"column":68}},"38":{"start":{"line":44,"column":2},"end":{"line":48,"column":16}},"39":{"start":{"line":45,"column":4},"end":{"line":47,"column":5}},"40":{"start":{"line":46,"column":6},"end":{"line":46,"column":40}},"41":{"start":{"line":50,"column":2},"end":{"line":50,"column":24}},"42":{"start":{"line":53,"column":0},"end":{"line":53,"column":42}},"43":{"start":{"line":55,"column":0},"end":{"line":61,"column":2}},"44":{"start":{"line":56,"column":2},"end":{"line":56,"column":32}},"45":{"start":{"line":58,"column":2},"end":{"line":58,"column":21}},"46":{"start":{"line":60,"column":2},"end":{"line":60,"column":34}},"47":{"start":{"line":63,"column":0},"end":{"line":67,"column":2}},"48":{"start":{"line":64,"column":2},"end":{"line":64,"column":36}},"49":{"start":{"line":66,"column":2},"end":{"line":66,"column":25}},"50":{"start":{"line":69,"column":0},"end":{"line":90,"column":2}},"51":{"start":{"line":70,"column":2},"end":{"line":89,"column":3}},"52":{"start":{"line":71,"column":4},"end":{"line":71,"column":99}},"53":{"start":{"line":73,"column":4},"end":{"line":77,"column":5}},"54":{"start":{"line":74,"column":6},"end":{"line":74,"column":22}},"55":{"start":{"line":76,"column":6},"end":{"line":76,"column":18}},"56":{"start":{"line":79,"column":4},"end":{"line":83,"column":5}},"57":{"start":{"line":80,"column":6},"end":{"line":82,"column":9}},"58":{"start":{"line":81,"column":8},"end":{"line":81,"column":41}},"59":{"start":{"line":85,"column":4},"end":{"line":85,"column":41}},"60":{"start":{"line":86,"column":4},"end":{"line":86,"column":44}},"61":{"start":{"line":88,"column":4},"end":{"line":88,"column":64}},"62":{"start":{"line":92,"column":0},"end":{"line":95,"column":2}},"63":{"start":{"line":93,"column":2},"end":{"line":93,"column":21}},"64":{"start":{"line":94,"column":2},"end":{"line":94,"column":43}},"65":{"start":{"line":97,"column":0},"end":{"line":102,"column":2}},"66":{"start":{"line":98,"column":2},"end":{"line":100,"column":3}},"67":{"start":{"line":99,"column":4},"end":{"line":99,"column":36}},"68":{"start":{"line":101,"column":2},"end":{"line":101,"column":32}},"69":{"start":{"line":104,"column":0},"end":{"line":107,"column":2}},"70":{"start":{"line":105,"column":2},"end":{"line":105,"column":20}},"71":{"start":{"line":106,"column":2},"end":{"line":106,"column":24}},"72":{"start":{"line":109,"column":0},"end":{"line":139,"column":2}},"73":{"start":{"line":110,"column":2},"end":{"line":110,"column":43}},"74":{"start":{"line":112,"column":2},"end":{"line":128,"column":3}},"75":{"start":{"line":113,"column":4},"end":{"line":113,"column":100}},"76":{"start":{"line":115,"column":4},"end":{"line":115,"column":41}},"77":{"start":{"line":116,"column":4},"end":{"line":116,"column":30}},"78":{"start":{"line":117,"column":4},"end":{"line":117,"column":37}},"79":{"start":{"line":118,"column":4},"end":{"line":118,"column":33}},"80":{"start":{"line":121,"column":4},"end":{"line":125,"column":5}},"81":{"start":{"line":122,"column":6},"end":{"line":124,"column":7}},"82":{"start":{"line":123,"column":8},"end":{"line":123,"column":55}},"83":{"start":{"line":127,"column":4},"end":{"line":127,"column":27}},"84":{"start":{"line":130,"column":2},"end":{"line":130,"column":83}},"85":{"start":{"line":132,"column":2},"end":{"line":134,"column":3}},"86":{"start":{"line":133,"column":4},"end":{"line":133,"column":47}},"87":{"start":{"line":136,"column":2},"end":{"line":138,"column":3}},"88":{"start":{"line":137,"column":4},"end":{"line":137,"column":38}},"89":{"start":{"line":141,"column":0},"end":{"line":143,"column":2}},"90":{"start":{"line":142,"column":2},"end":{"line":142,"column":41}},"91":{"start":{"line":145,"column":0},"end":{"line":154,"column":2}},"92":{"start":{"line":146,"column":2},"end":{"line":146,"column":53}},"93":{"start":{"line":148,"column":2},"end":{"line":153,"column":3}},"94":{"start":{"line":149,"column":4},"end":{"line":149,"column":53}},"95":{"start":{"line":150,"column":4},"end":{"line":150,"column":38}},"96":{"start":{"line":152,"column":4},"end":{"line":152,"column":81}},"97":{"start":{"line":156,"column":0},"end":{"line":158,"column":2}},"98":{"start":{"line":157,"column":2},"end":{"line":157,"column":44}},"99":{"start":{"line":160,"column":0},"end":{"line":169,"column":2}},"100":{"start":{"line":161,"column":2},"end":{"line":161,"column":53}},"101":{"start":{"line":163,"column":2},"end":{"line":168,"column":3}},"102":{"start":{"line":164,"column":4},"end":{"line":164,"column":38}},"103":{"start":{"line":165,"column":4},"end":{"line":165,"column":34}},"104":{"start":{"line":167,"column":4},"end":{"line":167,"column":84}},"105":{"start":{"line":171,"column":0},"end":{"line":173,"column":2}},"106":{"start":{"line":172,"column":2},"end":{"line":172,"column":44}},"107":{"start":{"line":175,"column":0},"end":{"line":185,"column":2}},"108":{"start":{"line":176,"column":2},"end":{"line":176,"column":53}},"109":{"start":{"line":178,"column":2},"end":{"line":184,"column":3}},"110":{"start":{"line":179,"column":4},"end":{"line":179,"column":27}},"111":{"start":{"line":181,"column":4},"end":{"line":181,"column":40}},"112":{"start":{"line":183,"column":4},"end":{"line":183,"column":83}},"113":{"start":{"line":187,"column":0},"end":{"line":189,"column":2}},"114":{"start":{"line":188,"column":2},"end":{"line":188,"column":57}},"115":{"start":{"line":191,"column":0},"end":{"line":214,"column":2}},"116":{"start":{"line":192,"column":2},"end":{"line":192,"column":53}},"117":{"start":{"line":194,"column":2},"end":{"line":213,"column":3}},"118":{"start":{"line":195,"column":4},"end":{"line":195,"column":22}},"119":{"start":{"line":197,"column":4},"end":{"line":206,"column":5}},"120":{"start":{"line":198,"column":6},"end":{"line":198,"column":40}},"121":{"start":{"line":199,"column":6},"end":{"line":199,"column":67}},"122":{"start":{"line":201,"column":6},"end":{"line":201,"column":60}},"123":{"start":{"line":202,"column":6},"end":{"line":202,"column":62}},"124":{"start":{"line":203,"column":6},"end":{"line":203,"column":58}},"125":{"start":{"line":205,"column":6},"end":{"line":205,"column":29}},"126":{"start":{"line":208,"column":4},"end":{"line":208,"column":35}},"127":{"start":{"line":210,"column":4},"end":{"line":210,"column":50}},"128":{"start":{"line":212,"column":4},"end":{"line":212,"column":89}},"129":{"start":{"line":216,"column":0},"end":{"line":218,"column":2}},"130":{"start":{"line":217,"column":2},"end":{"line":217,"column":85}},"131":{"start":{"line":220,"column":0},"end":{"line":230,"column":2}},"132":{"start":{"line":221,"column":2},"end":{"line":221,"column":60}},"133":{"start":{"line":223,"column":2},"end":{"line":229,"column":3}},"134":{"start":{"line":224,"column":4},"end":{"line":224,"column":56}},"135":{"start":{"line":226,"column":4},"end":{"line":226,"column":67}},"136":{"start":{"line":228,"column":4},"end":{"line":228,"column":119}},"137":{"start":{"line":232,"column":0},"end":{"line":234,"column":2}},"138":{"start":{"line":233,"column":2},"end":{"line":233,"column":91}},"139":{"start":{"line":236,"column":0},"end":{"line":265,"column":2}},"140":{"start":{"line":237,"column":2},"end":{"line":237,"column":60}},"141":{"start":{"line":239,"column":2},"end":{"line":264,"column":3}},"142":{"start":{"line":240,"column":4},"end":{"line":240,"column":30}},"143":{"start":{"line":242,"column":4},"end":{"line":257,"column":5}},"144":{"start":{"line":243,"column":6},"end":{"line":243,"column":55}},"145":{"start":{"line":245,"column":6},"end":{"line":251,"column":30}},"146":{"start":{"line":253,"column":6},"end":{"line":253,"column":94}},"147":{"start":{"line":254,"column":6},"end":{"line":254,"column":78}},"148":{"start":{"line":256,"column":6},"end":{"line":256,"column":44}},"149":{"start":{"line":259,"column":4},"end":{"line":259,"column":47}},"150":{"start":{"line":261,"column":4},"end":{"line":261,"column":62}},"151":{"start":{"line":263,"column":4},"end":{"line":263,"column":117}},"152":{"start":{"line":267,"column":0},"end":{"line":269,"column":2}},"153":{"start":{"line":268,"column":3},"end":{"line":268,"column":72}},"154":{"start":{"line":271,"column":0},"end":{"line":281,"column":2}},"155":{"start":{"line":272,"column":2},"end":{"line":272,"column":94}},"156":{"start":{"line":274,"column":2},"end":{"line":280,"column":3}},"157":{"start":{"line":275,"column":4},"end":{"line":275,"column":54}},"158":{"start":{"line":277,"column":4},"end":{"line":277,"column":54}},"159":{"start":{"line":279,"column":4},"end":{"line":279,"column":125}},"160":{"start":{"line":283,"column":0},"end":{"line":285,"column":2}},"161":{"start":{"line":284,"column":3},"end":{"line":284,"column":96}},"162":{"start":{"line":287,"column":0},"end":{"line":295,"column":2}},"163":{"start":{"line":288,"column":2},"end":{"line":288,"column":94}},"164":{"start":{"line":290,"column":2},"end":{"line":294,"column":3}},"165":{"start":{"line":291,"column":4},"end":{"line":291,"column":33}},"166":{"start":{"line":293,"column":4},"end":{"line":293,"column":126}},"167":{"start":{"line":297,"column":0},"end":{"line":299,"column":2}},"168":{"start":{"line":298,"column":3},"end":{"line":298,"column":88}},"169":{"start":{"line":301,"column":0},"end":{"line":309,"column":2}},"170":{"start":{"line":302,"column":2},"end":{"line":302,"column":94}},"171":{"start":{"line":304,"column":2},"end":{"line":308,"column":3}},"172":{"start":{"line":305,"column":4},"end":{"line":305,"column":44}},"173":{"start":{"line":307,"column":4},"end":{"line":307,"column":130}},"174":{"start":{"line":311,"column":0},"end":{"line":313,"column":2}},"175":{"start":{"line":312,"column":3},"end":{"line":312,"column":82}},"176":{"start":{"line":315,"column":0},"end":{"line":323,"column":2}},"177":{"start":{"line":316,"column":2},"end":{"line":316,"column":94}},"178":{"start":{"line":318,"column":2},"end":{"line":322,"column":3}},"179":{"start":{"line":319,"column":4},"end":{"line":319,"column":41}},"180":{"start":{"line":321,"column":4},"end":{"line":321,"column":127}},"181":{"start":{"line":325,"column":0},"end":{"line":327,"column":2}},"182":{"start":{"line":326,"column":2},"end":{"line":326,"column":86}},"183":{"start":{"line":329,"column":0},"end":{"line":357,"column":2}},"184":{"start":{"line":330,"column":2},"end":{"line":330,"column":94}},"185":{"start":{"line":332,"column":2},"end":{"line":356,"column":3}},"186":{"start":{"line":333,"column":4},"end":{"line":333,"column":26}},"187":{"start":{"line":335,"column":4},"end":{"line":349,"column":5}},"188":{"start":{"line":336,"column":6},"end":{"line":336,"column":42}},"189":{"start":{"line":338,"column":6},"end":{"line":344,"column":26}},"190":{"start":{"line":346,"column":6},"end":{"line":346,"column":102}},"191":{"start":{"line":348,"column":6},"end":{"line":348,"column":36}},"192":{"start":{"line":351,"column":4},"end":{"line":351,"column":46}},"193":{"start":{"line":353,"column":4},"end":{"line":353,"column":61}},"194":{"start":{"line":355,"column":4},"end":{"line":355,"column":141}},"195":{"start":{"line":359,"column":0},"end":{"line":361,"column":2}},"196":{"start":{"line":360,"column":2},"end":{"line":360,"column":92}},"197":{"start":{"line":363,"column":0},"end":{"line":371,"column":2}},"198":{"start":{"line":364,"column":2},"end":{"line":364,"column":102}},"199":{"start":{"line":366,"column":2},"end":{"line":370,"column":3}},"200":{"start":{"line":367,"column":4},"end":{"line":367,"column":39}},"201":{"start":{"line":369,"column":4},"end":{"line":369,"column":155}},"202":{"start":{"line":373,"column":0},"end":{"line":375,"column":2}},"203":{"start":{"line":374,"column":2},"end":{"line":374,"column":99}},"204":{"start":{"line":377,"column":0},"end":{"line":385,"column":2}},"205":{"start":{"line":378,"column":2},"end":{"line":378,"column":102}},"206":{"start":{"line":380,"column":2},"end":{"line":384,"column":3}},"207":{"start":{"line":381,"column":4},"end":{"line":381,"column":34}},"208":{"start":{"line":383,"column":4},"end":{"line":383,"column":156}},"209":{"start":{"line":387,"column":0},"end":{"line":389,"column":2}},"210":{"start":{"line":388,"column":2},"end":{"line":388,"column":52}},"211":{"start":{"line":391,"column":0},"end":{"line":399,"column":2}},"212":{"start":{"line":392,"column":2},"end":{"line":392,"column":53}},"213":{"start":{"line":394,"column":2},"end":{"line":398,"column":3}},"214":{"start":{"line":395,"column":4},"end":{"line":395,"column":49}},"215":{"start":{"line":397,"column":4},"end":{"line":397,"column":83}},"216":{"start":{"line":401,"column":0},"end":{"line":403,"column":2}},"217":{"start":{"line":402,"column":2},"end":{"line":402,"column":76}},"218":{"start":{"line":405,"column":0},"end":{"line":413,"column":2}},"219":{"start":{"line":406,"column":2},"end":{"line":406,"column":53}},"220":{"start":{"line":408,"column":2},"end":{"line":412,"column":3}},"221":{"start":{"line":409,"column":4},"end":{"line":409,"column":44}},"222":{"start":{"line":411,"column":4},"end":{"line":411,"column":84}},"223":{"start":{"line":415,"column":0},"end":{"line":423,"column":2}},"224":{"start":{"line":416,"column":2},"end":{"line":416,"column":53}},"225":{"start":{"line":418,"column":2},"end":{"line":422,"column":3}},"226":{"start":{"line":419,"column":4},"end":{"line":419,"column":50}},"227":{"start":{"line":421,"column":4},"end":{"line":421,"column":85}},"228":{"start":{"line":425,"column":0},"end":{"line":425,"column":23}}},"branchMap":{"1":{"line":45,"type":"if","locations":[{"start":{"line":45,"column":4},"end":{"line":45,"column":4}},{"start":{"line":45,"column":4},"end":{"line":45,"column":4}}]},"2":{"line":70,"type":"if","locations":[{"start":{"line":70,"column":2},"end":{"line":70,"column":2}},{"start":{"line":70,"column":2},"end":{"line":70,"column":2}}]},"3":{"line":73,"type":"if","locations":[{"start":{"line":73,"column":4},"end":{"line":73,"column":4}},{"start":{"line":73,"column":4},"end":{"line":73,"column":4}}]},"4":{"line":79,"type":"if","locations":[{"start":{"line":79,"column":4},"end":{"line":79,"column":4}},{"start":{"line":79,"column":4},"end":{"line":79,"column":4}}]},"5":{"line":98,"type":"if","locations":[{"start":{"line":98,"column":2},"end":{"line":98,"column":2}},{"start":{"line":98,"column":2},"end":{"line":98,"column":2}}]},"6":{"line":112,"type":"if","locations":[{"start":{"line":112,"column":2},"end":{"line":112,"column":2}},{"start":{"line":112,"column":2},"end":{"line":112,"column":2}}]},"7":{"line":122,"type":"if","locations":[{"start":{"line":122,"column":6},"end":{"line":122,"column":6}},{"start":{"line":122,"column":6},"end":{"line":122,"column":6}}]},"8":{"line":132,"type":"if","locations":[{"start":{"line":132,"column":2},"end":{"line":132,"column":2}},{"start":{"line":132,"column":2},"end":{"line":132,"column":2}}]},"9":{"line":136,"type":"if","locations":[{"start":{"line":136,"column":2},"end":{"line":136,"column":2}},{"start":{"line":136,"column":2},"end":{"line":136,"column":2}}]},"10":{"line":136,"type":"binary-expr","locations":[{"start":{"line":136,"column":6},"end":{"line":136,"column":27}},{"start":{"line":136,"column":31},"end":{"line":136,"column":51}}]},"11":{"line":148,"type":"if","locations":[{"start":{"line":148,"column":2},"end":{"line":148,"column":2}},{"start":{"line":148,"column":2},"end":{"line":148,"column":2}}]},"12":{"line":149,"type":"cond-expr","locations":[{"start":{"line":149,"column":31},"end":{"line":149,"column":38}},{"start":{"line":149,"column":41},"end":{"line":149,"column":52}}]},"13":{"line":163,"type":"if","locations":[{"start":{"line":163,"column":2},"end":{"line":163,"column":2}},{"start":{"line":163,"column":2},"end":{"line":163,"column":2}}]},"14":{"line":178,"type":"if","locations":[{"start":{"line":178,"column":2},"end":{"line":178,"column":2}},{"start":{"line":178,"column":2},"end":{"line":178,"column":2}}]},"15":{"line":194,"type":"if","locations":[{"start":{"line":194,"column":2},"end":{"line":194,"column":2}},{"start":{"line":194,"column":2},"end":{"line":194,"column":2}}]},"16":{"line":223,"type":"if","locations":[{"start":{"line":223,"column":2},"end":{"line":223,"column":2}},{"start":{"line":223,"column":2},"end":{"line":223,"column":2}}]},"17":{"line":239,"type":"if","locations":[{"start":{"line":239,"column":2},"end":{"line":239,"column":2}},{"start":{"line":239,"column":2},"end":{"line":239,"column":2}}]},"18":{"line":274,"type":"if","locations":[{"start":{"line":274,"column":2},"end":{"line":274,"column":2}},{"start":{"line":274,"column":2},"end":{"line":274,"column":2}}]},"19":{"line":290,"type":"if","locations":[{"start":{"line":290,"column":2},"end":{"line":290,"column":2}},{"start":{"line":290,"column":2},"end":{"line":290,"column":2}}]},"20":{"line":304,"type":"if","locations":[{"start":{"line":304,"column":2},"end":{"line":304,"column":2}},{"start":{"line":304,"column":2},"end":{"line":304,"column":2}}]},"21":{"line":318,"type":"if","locations":[{"start":{"line":318,"column":2},"end":{"line":318,"column":2}},{"start":{"line":318,"column":2},"end":{"line":318,"column":2}}]},"22":{"line":332,"type":"if","locations":[{"start":{"line":332,"column":2},"end":{"line":332,"column":2}},{"start":{"line":332,"column":2},"end":{"line":332,"column":2}}]},"23":{"line":366,"type":"if","locations":[{"start":{"line":366,"column":2},"end":{"line":366,"column":2}},{"start":{"line":366,"column":2},"end":{"line":366,"column":2}}]},"24":{"line":380,"type":"if","locations":[{"start":{"line":380,"column":2},"end":{"line":380,"column":2}},{"start":{"line":380,"column":2},"end":{"line":380,"column":2}}]},"25":{"line":394,"type":"if","locations":[{"start":{"line":394,"column":2},"end":{"line":394,"column":2}},{"start":{"line":394,"column":2},"end":{"line":394,"column":2}}]},"26":{"line":408,"type":"if","locations":[{"start":{"line":408,"column":2},"end":{"line":408,"column":2}},{"start":{"line":408,"column":2},"end":{"line":408,"column":2}}]},"27":{"line":418,"type":"if","locations":[{"start":{"line":418,"column":2},"end":{"line":418,"column":2}},{"start":{"line":418,"column":2},"end":{"line":418,"column":2}}]}},"code":["var debug = require('debug')('noble');","","var events = require('events');","var util = require('util');","","var Peripheral = require('./peripheral');","var Service = require('./service');","var Characteristic = require('./characteristic');","var Descriptor = require('./descriptor');","","function Noble(bindings) {","  this.state = 'unknown';","  this.address = 'unknown';","","  this._bindings = bindings;","  this._peripherals = {};","  this._services = {};","  this._characteristics = {};","  this._descriptors = {};","  this._discoveredPeripheralUUids = [];","","  this._bindings.on('stateChange', this.onStateChange.bind(this));","  this._bindings.on('addressChange', this.onAddressChange.bind(this));","  this._bindings.on('scanStart', this.onScanStart.bind(this));","  this._bindings.on('scanStop', this.onScanStop.bind(this));","  this._bindings.on('discover', this.onDiscover.bind(this));","  this._bindings.on('connect', this.onConnect.bind(this));","  this._bindings.on('disconnect', this.onDisconnect.bind(this));","  this._bindings.on('rssiUpdate', this.onRssiUpdate.bind(this));","  this._bindings.on('servicesDiscover', this.onServicesDiscover.bind(this));","  this._bindings.on('includedServicesDiscover', this.onIncludedServicesDiscover.bind(this));","  this._bindings.on('characteristicsDiscover', this.onCharacteristicsDiscover.bind(this));","  this._bindings.on('read', this.onRead.bind(this));","  this._bindings.on('write', this.onWrite.bind(this));","  this._bindings.on('broadcast', this.onBroadcast.bind(this));","  this._bindings.on('notify', this.onNotify.bind(this));","  this._bindings.on('descriptorsDiscover', this.onDescriptorsDiscover.bind(this));","  this._bindings.on('valueRead', this.onValueRead.bind(this));","  this._bin
[...]
","/**"," * Response to dicover included services"," *"," * @dicussion tested"," */","nobleBindings.on('kCBMsgId63', function(args) {","  var deviceUuid = args.kCBMsgArgDeviceUUID.toString('hex');","  var serviceStartHandle = args.kCBMsgArgServiceStartHandle;","  var serviceUuid = this._peripherals[deviceUuid].services[serviceStartHandle].uuid;","  var result = args.kCBMsgArgResult;","  var includedServiceUuids = [];","","  this._peripherals[deviceUuid].services[serviceStartHandle].includedServices = {};","","  for(var i = 0; i < args.kCBMsgArgServices.length; i++) {","    var includedService = {","      uuid: args.kCBMsgArgServices[i].kCBMsgArgUUID.toString('hex'),","      startHandle: args.kCBMsgArgServices[i].kCBMsgArgServiceStartHandle,","      endHandle: args.kCBMsgArgServices[i].kCBMsgArgServiceEndHandle","    };","","    this._peripherals[deviceUuid].services[serviceStartHandle].includedServices[includedServices.uuid] =","      this._peripherals[deviceUuid].services[serviceStartHandle].includedServices[includedServices.startHandle] = includedService;","","    includedServiceUuids.push(includedService.uuid);","  }","","  this.emit('includedServicesDiscover', deviceUuid, serviceUuid, includedServiceUuids);","});","","","","/**"," * Discover characteristic"," *"," * @param  {String} deviceUuid          Peripheral UUID"," * @param  {String} serviceUuid         Service UUID"," * @param  {Array} characteristicUuids  Characteristics to discover, all if empty"," *"," * @discussion tested"," */","nobleBindings.discoverCharacteristics = function(deviceUuid, serviceUuid, characteristicUuids) {","  var args = {","    kCBMsgArgDeviceUUID: this._peripherals[deviceUuid].uuid,","    kCBMsgArgServiceStartHandle: this._peripherals[deviceUuid].services[serviceUuid].startHandle,","    kCBMsgArgServiceEndHandle: this._peripherals[deviceUuid].services[serviceUuid].endHandle,","    kCBMsgArgUUIDs: []","  };","","  if (characteristicUuids) {","    for(var i = 0; i < characteristicUuids.length; i++) {","      args.kCBMsgArgUUIDs[i] = new Buffer(characteristicUuids[i], 'hex');","    }","  }","","  this.sendCBMsg(62, args);","};","","/**"," * Response to characteristic discovery"," *"," * @discussion tested"," */","nobleBindings.on('kCBMsgId64', function(args) {","  var deviceUuid = args.kCBMsgArgDeviceUUID.toString('hex');","  var serviceStartHandle = args.kCBMsgArgServiceStartHandle;","  var serviceUuid = this._peripherals[deviceUuid].services[serviceStartHandle].uuid;","  var result = args.kCBMsgArgResult;","  var characteristics = [];","","  this._peripherals[deviceUuid].services[serviceStartHandle].characteristics = {};","","  for(var i = 0; i < args.kCBMsgArgCharacteristics.length; i++) {","    var properties = args.kCBMsgArgCharacteristics[i].kCBMsgArgCharacteristicProperties;","","    var characteristic = {","      uuid: args.kCBMsgArgCharacteristics[i].kCBMsgArgUUID.toString('hex'),","      handle: args.kCBMsgArgCharacteristics[i].kCBMsgArgCharacteristicHandle,","      valueHandle: args.kCBMsgArgCharacteristics[i].kCBMsgArgCharacteristicValueHandle,","      properties: []","    };","","    if (properties & 0x01) {","      characteristic.properties.push('broadcast');","    }","","    if (properties & 0x02) {","      characteristic.properties.push('read');","    }","","    if (properties & 0x04) {","      characteristic.properties.push('writeWithoutResponse');","    }","","    if (properties & 0x08) {","      characteristic.properties.push('write');","    }","","    if (properties & 0x10) {","      characteristic.properties.push('notify');","    }","","    if (properties & 0x20) {","      characteristic.properties.push('indicate');","    }","","    if (properties & 0x40) {","      characteristic.properties.push('authenticatedSignedWrites');","    }","","    if (properties & 0x80) {","      characteristic.properties.push('extendedProperties');","    }","","    this._peripherals[deviceUuid].services[serviceStartHandle].characteristics[characteristic.uuid] =","      this._peripherals[deviceUuid].services[serviceStartHandle].characteristics[characteristic.handle] =","      this._peripherals[deviceUuid].services[serviceStartHandle].characteristics[characteristic.valueHandle] = characteristic;","","    characteristics.push({","      uuid: characteristic.uuid,","      properties: characteristic.properties","    });","  }","","  this.emit('characteristicsDiscover', deviceUuid, serviceUuid, characteristics);","});","","","","/**"," * Read value"," *"," * @param  {[type]} deviceUuid         [description]"," * @param  {[type]} serviceUuid        [description]"," * @param  {[type]} characteristicUuid [description]"," *"," * @discussion tested"," */","nobleBindings.read = function(deviceUuid, serviceUuid, characteristicUuid) {","  this.sendCBMsg(65 , {","    kCBMsgArgDeviceUUID: this._peripherals[deviceUuid].uuid,","    kCBMsgArgCharacteristicHandle: this._peripherals[deviceUuid].services[serviceUuid].characteristics[characteristicUuid].handle,","    kCBMsgArgCharacteristicValueHandle: this._peripherals[deviceUuid].services[serviceUuid].characteristics[characteristicUuid].valueHandle","  });","};","","/**"," * Response to read value"," *"," * @discussion tested"," */","nobleBindings.on('kCBMsgId71', function(args) {","  var deviceUuid = args.kCBMsgArgDeviceUUID.toString('hex');","  var characteristicHandle = args.kCBMsgArgCharacteristicHandle;","  var isNotification = args.kCBMsgArgIsNotification ? true : false;","  var data = args.kCBMsgArgData;","","  var peripheral = this._peripherals[deviceUuid];","","  if (peripheral) {","    for(var i in peripheral.services) {","      if (peripheral.services[i].characteristics &&","          peripheral.services[i].characteristics[characteristicHandle]) {","","        this.emit('read', deviceUuid, peripheral.services[i].uuid,","          peripheral.services[i].characteristics[characteristicHandle].uuid, data, isNotification);","        break;","      }","    }","  } else {","    console.warn('noble (mac yosemite): received read event from unknown peripheral: ' + deviceUuid + ' !');","  }","});","","","","/**"," * Write value"," * @param  {String} deviceUuid"," * @param  {String} serviceUuid"," * @param  {String} characteristicUuid"," * @param  {[Type]} data"," * @param  {Bool} withoutResponse"," *"," * @discussion tested"," */","nobleBindings.write = function(deviceUuid, serviceUuid, characteristicUuid, data, withoutResponse) {","  this.sendCBMsg(66, {","    kCBMsgArgDeviceUUID: this._peripherals[deviceUuid].uuid,","    kCBMsgArgCharacteristicHandle: this._peripherals[deviceUuid].services[serviceUuid].characteristics[characteristicUuid].handle,","    kCBMsgArgCharacteristicValueHandle: this._peripherals[deviceUuid].services[serviceUuid].characteristics[characteristicUuid].valueHandle,","    kCBMsgArgData: data,","    kCBMsgArgType: (withoutResponse ? 1 : 0)","  });","","  if (withoutResponse) {","    this.emit('write', deviceUuid, serviceUuid, characteristicUuid);","  }","};","","/**"," * Response to write"," *"," * @discussion tested"," */","nobleBindings.on('kCBMsgId72', function(args) {","  var deviceUuid = args.kCBMsgArgDeviceUUID.toString('hex');","  var characteristicHandle = args.kCBMsgArgCharacteristicHandle;","  var result = args.kCBMsgArgResult;","","  for(var i in this._peripherals[deviceUuid].services) {","    if (this._peripherals[deviceUuid].services[i].characteristics &&","        this._peripherals[deviceUuid].services[i].characteristics[characteristicHandle]) {","      this.emit('write', deviceUuid, this._peripherals[deviceUuid].services[i].uuid,","        this._peripherals[deviceUuid].services[i].characteristics[characteristicHandle].uuid);","      break;","    }","  }","});","","","","/**"," * Broadcast"," *"," * @param  {[type]} deviceUuid         [description]"," * @param  {[type]} serviceUuid        [description]"," * @param  {[type]} characteristicUuid [description]"," * @param  {[type]} broadcast          [description]"," * @return {[type]}                    [description]"," *"," * @discussion The ids were incemented but there seems to be no CoreBluetooth function to call/verify this."," */","nobleBindings.broadcast = function(deviceUuid, serviceUuid, characteristicUuid, broadcast) {","  this.sendCBMsg(67, {","    kCBMsgArgDeviceUUID: this._peripherals[deviceUuid].uuid,","    kCBMsgArgCharacteristicHandle: this._peripherals[deviceUuid].services[serviceUuid].characteristics[characteristicUuid].handle,","    kCBMsgArgCharacteristicValueHandle: this._peripherals[deviceUuid].services[serviceUuid].characteristics[characteristicUuid].valueHandle,","    kCBMsgArgState: (broadcast ? 1 : 0)","  });","};","","/**"," * Response to broadcast"," *"," * @discussion The ids were incemented but there seems to be no CoreBluetooth function to call/verify this."," */","nobleBindings.on('kCBMsgId73', function(args) {","  var deviceUuid = args.kCBMsgArgDeviceUUID.toString('hex');","  var characteristicHandle = args.kCBMsgArgCharacteristicHandle;","  var result = args.kCBMsgArgResult;","  var state = args.kCBMsgArgState ? true : false;","","  for(var i in this._peripherals[deviceUuid].services) {","    if (this._peripherals[deviceUuid].services[i].characteristics &&","        this._peripherals[deviceUuid].services[i].characteristics[characteristicHandle]) {","      this.emit('broadcast', deviceUuid, this._peripherals[deviceUuid].services[i].uuid,","        this._peripherals[deviceUuid].services[i].characteristics[characteristicHandle].uuid, state);","      break;","    }","  }","});","","","","/**"," * Register notification hanlder"," *"," * @param  {String} deviceUuid            Peripheral UUID"," * @param  {String} serviceUuid           Service UUID"," * @param  {String} characteristicUuid    Charactereistic UUID"," * @param  {Bool}   notify                If want to get notification"," *"," * @discussion tested"," */","nobleBindings.notify = function(deviceUuid, serviceUuid, characteristicUuid, notify) {","  this.sendCBMsg(68, {","    kCBMsgArgDeviceUUID: this._peripherals[deviceUuid].uuid,","    kCBMsgArgCharacteristicHandle: this._peripherals[deviceUuid].services[serviceUuid].characteristics[characteristicUuid].handle,","    kCBMsgArgCharacteristicValueHandle: this._peripherals[deviceUuid].services[serviceUuid].characteristics[characteristicUuid].valueHandle,","    kCBMsgArgState: (notify ? 1 : 0)","  });","};","","/**"," * Response notification"," *"," * @discussion tested"," */","nobleBindings.on('kCBMsgId74', function(args) {","  var deviceUuid = args.kCBMsgArgDeviceUUID.toString('hex');","  var characteristicHandle = args.kCBMsgArgCharacteristicHandle;","  var result = args.kCBMsgArgResult;","  var state = args.kCBMsgArgState ? true : false;","","  for(var i in this._peripherals[deviceUuid].services) {","    if (this._peripherals[deviceUuid].services[i].characteristics &&","        this._peripherals[deviceUuid].services[i].characteristics[characteristicHandle]) {","      this.emit('notify', deviceUuid, this._peripherals[deviceUuid].services[i].uuid,","        this._peripherals[deviceUuid].services[i].characteristics[characteristicHandle].uuid, state);","      break;","    }","  }","});","","","","/**"," * Discover service descriptors"," *"," * @param  {String} deviceUuid"," * @param  {String} serviceUuid"," * @param  {String} characteristicUuid"," *"," * @discussion tested"," */","nobleBindings.discoverDescriptors = function(deviceUuid, serviceUuid, characteristicUuid) {","  this.sendCBMsg(70, {","    kCBMsgArgDeviceUUID: this._peripherals[deviceUuid].uuid,","    kCBMsgArgCharacteristicHandle: this._peripherals[deviceUuid].services[serviceUuid].characteristics[characteristicUuid].handle,","    kCBMsgArgCharacteristicValueHandle: this._peripherals[deviceUuid].services[serviceUuid].characteristics[characteristicUuid].valueHandle","  });","};","","/**"," * Response to descriptor discovery"," *"," * @discussion tested"," */","nobleBindings.on('kCBMsgId76', function(args) {","  var deviceUuid = args.kCBMsgArgDeviceUUID.toString('hex');","  var characteristicHandle = args.kCBMsgArgCharacteristicHandle;","  var result = args.kCBMsgArgResult;","  var descriptors = []; //args.kCBMsgArgDescriptors;","","  for(var i in this._peripherals[deviceUuid].services) {","    if (this._peripherals[deviceUuid].services[i].characteristics &&","        this._peripherals[deviceUuid].services[i].characteristics[characteristicHandle]) {","","      this._peripherals[deviceUuid].services[i].characteristics[characteristicHandle].descriptors = {};","","      for(var j = 0; j < args.kCBMsgArgDescriptors.length; j++) {","        var descriptor = {","          uuid: args.kCBMsgArgDescriptors[j].kCBMsgArgUUID.toString('hex'),","          handle: args.kCBMsgArgDescriptors[j].kCBMsgArgDescriptorHandle","        };","","        this._peripherals[deviceUuid].services[i].characteristics[characteristicHandle].descriptors[descriptor.uuid] =","          this._peripherals[deviceUuid].services[i].characteristics[characteristicHandle].descriptors[descriptor.handle] = descriptor;","","        descriptors.push(descriptor.uuid);","      }","","      this.emit('descriptorsDiscover', deviceUuid, this._peripherals[deviceUuid].services[i].uuid,","        this._peripherals[deviceUuid].services[i].characteristics[characteristicHandle].uuid, descriptors);","      break;","    }","  }","});","","","","/**"," * Read value"," *"," * @param  {[type]} deviceUuid         [description]"," * @param  {[type]} serviceUuid        [description]"," * @param  {[type]} characteristicUuid [description]"," * @param  {[type]} descriptorUuid     [description]"," *"," * @discussion tested"," */","nobleBindings.readValue = function(deviceUuid, serviceUuid, characteristicUuid, descriptorUuid) {","  this.sendCBMsg(77, {","    kCBMsgArgDeviceUUID: this._peripherals[deviceUuid].uuid,","    kCBMsgArgDescriptorHandle: this._peripherals[deviceUuid].services[serviceUuid].characteristics[characteristicUuid].descriptors[descriptorUuid].handle","  });","};","","/**"," * Response to read value"," *"," * @discussion tested"," */","nobleBindings.on('kCBMsgId79', function(args) {","  var deviceUuid = args.kCBMsgArgDeviceUUID.toString('hex');","  var descriptorHandle = args.kCBMsgArgDescriptorHandle;","  var result = args.kCBMsgArgResult;","  var data = args.kCBMsgArgData;","","  this.emit('handleRead', deviceUuid, descriptorHandle, data);","","  for(var i in this._peripherals[deviceUuid].services) {","    for(var j in this._peripherals[deviceUuid].services[i].characteristics) {","      if (this._peripherals[deviceUuid].services[i].characteristics[j].descriptors &&","        this._peripherals[deviceUuid].services[i].characteristics[j].descriptors[descriptorHandle]) {","","        this.emit('valueRead', deviceUuid, this._peripherals[deviceUuid].services[i].uuid,","          this._peripherals[deviceUuid].services[i].characteristics[j].uuid,","          this._peripherals[deviceUuid].services[i].characteristics[j].descriptors[descriptorHandle].uuid, data);","        return; // break;","      }","    }","  }","});","","","","/**"," * Write value"," *"," * @param  {[type]} deviceUuid         [description]"," * @param  {[type]} serviceUuid        [description]"," * @param  {[type]} characteristicUuid [description]"," * @param  {[type]} descriptorUuid     [description]"," * @param  {[type]} data               [description]"," *"," * @discussion tested"," */","nobleBindings.writeValue = function(deviceUuid, serviceUuid, characteristicUuid, descriptorUuid, data) {","  this.sendCBMsg(78, {","    kCBMsgArgDeviceUUID: this._peripherals[deviceUuid].uuid,","    kCBMsgArgDescriptorHandle: this._peripherals[deviceUuid].services[serviceUuid].characteristics[characteristicUuid].descriptors[descriptorUuid].handle,","    kCBMsgArgData: data","  });","};","","/**"," * Response to write value"," *"," * @discussion tested"," */","nobleBindings.on('kCBMsgId80', function(args) {","  var deviceUuid = args.kCBMsgArgDeviceUUID.toString('hex');","  var descriptorHandle = args.kCBMsgArgDescriptorHandle;","  var result = args.kCBMsgArgResult;","","  this.emit('handleWrite', deviceUuid, descriptorHandle);","","  for(var i in this._peripherals[deviceUuid].services) {","    for(var j in this._peripherals[deviceUuid].services[i].characteristics) {","      if (this._peripherals[deviceUuid].services[i].characteristics[j].descriptors &&","        this._peripherals[deviceUuid].services[i].characteristics[j].descriptors[descriptorHandle]) {","","        this.emit('valueWrite', deviceUuid, this._peripherals[deviceUuid].services[i].uuid,","          this._peripherals[deviceUuid].services[i].characteristics[j].uuid,","          this._peripherals[deviceUuid].services[i].characteristics[j].descriptors[descriptorHandle].uuid);","        return; // break;","      }","    }","  }","});","","","","/**"," * Reade value directly from handle"," *"," * @param  {[type]} deviceUuid [description]"," * @param  {[type]} handle     [description]"," *"," * @discussion tested"," */","nobleBindings.readHandle = function(deviceUuid, handle) {","  this.sendCBMsg(77, {","    kCBMsgArgDeviceUUID: this._peripherals[deviceUuid].uuid,","    kCBMsgArgDescriptorHandle: handle","  });","};","","","","/**"," * Write value directly to handle"," *"," * @param  {[type]} deviceUuid      [description]"," * @param  {[type]} handle          [description]"," * @param  {[type]} data            [description]"," * @param  {[type]} withoutResponse [description]"," *"," * @discussion tested"," */","nobleBindings.writeHandle = function(deviceUuid, handle, data, withoutResponse) {","  // TODO: use without response","  this.sendCBMsg(78, {","    kCBMsgArgDeviceUUID: this._peripherals[deviceUuid].uuid,","    kCBMsgArgDescriptorHandle: handle,","    kCBMsgArgData: data","  });","};","","","// Exports","module.exports = nobleBindings;",""],"l":{"1":2,"2":2,"3":2,"5":2,"7":2,"9":0,"10":0,"15":0,"16":0,"18":0,"19":0,"20":0,"23":0,"25":0,"26":0,"29":0,"32":0,"33":0,"35":0,"36":0,"37":0,"40":0,"41":0,"44":0,"45":0,"46":0,"57":0,"58":0,"60":0,"61":0,"62":0,"65":0,"75":0,"76":0,"77":0,"78":0,"90":0,"91":0,"96":0,"97":0,"98":0,"102":0,"103":0,"106":0,"107":0,"128":0,"129":0,"132":0,"135":0,"136":0,"143":0,"144":0,"145":0,"147":0,"148":0,"149":0,"153":0,"154":0,"155":0,"156":0,"157":0,"159":0,"166":0,"168":0,"169":0,"171":0,"172":0,"175":0,"176":0,"177":0,"178":0,"180":0,"181":0,"182":0,"183":0,"185":0,"186":0,"188":0,"199":0,"200":0,"201":0,"212":0,"213":0,"221":0,"222":0,"224":0,"226":0,"238":0,"239":0,"249":0,"250":0,"252":0,"254":0,"264":0,"265":0,"275":0,"276":0,"277":0,"279":0,"281":0,"283":0,"296":0,"297":0,"302":0,"303":0,"304":0,"308":0,"316":0,"317":0,"318":0,"320":0,"322":0,"323":0,"324":0,"330":0,"332":0,"337":0,"351":0,"352":0,"359":0,"360":0,"361":0,"365":0,"373":0,"374":0,"375":0,"376":0,"377":0,"378":0,"380":0,"382":0,"383":0,"389":0,"392":0,"395":0,"409":0,"410":0,"417":0,"418":0,"419":0,"423":0,"431":0,"432":0,"433":0,"434":0,"435":0,"436":0,"438":0,"440":0,"441":0,"443":0,"450":0,"451":0,"454":0,"455":0,"458":0,"459":0,"462":0,"463":0,"466":0,"467":0,"470":0,"471":0,"474":0,"475":0,"478":0,"479":0,"482":0,"486":0,"492":0,"506":0,"507":0,"519":0,"520":0,"521":0,"522":0,"523":0,"525":0,"527":0,"528":0,"529":0,"532":0,"534":0,"538":0,"554":0,"555":0,"563":0,"564":0,"573":0,"574":0,"575":0,"576":0,"578":0,"579":0,"581":0,"583":0,"601":0,"602":0,"615":0,"616":0,"617":0,"618":0,"619":0,"621":0,"622":0,"624":0,"626":0,"643":0,"644":0,"657":0,"658":0,"659":0,"660":0,"661":0,"663":0,"664":0,"666":0,"668":0,"684":0,"685":0,"697":0,"698":0,"699":0,"700":0,"701":0,"703":0,"704":0,"707":0,"709":0,"710":0,"715":0,"718":0,"721":0,"723":0,"740":0,"741":0,"752":0,"753":0,"754":0,"755":0,"756":0,"758":0,"760":0,"761":0,"762":0,"765":0,"768":0,"787":0,"788":0,"800":0,"801":0,"802":0,"803":0,"805":0,"807":0,"808":0,"809":0,"812":0,"815":0,"831":0,"832":0,"850":0,"852":0,"861":0}}}