{"/home/travis/build/npmtest/node-npmtest-noble/test.js":{"path":"/home/travis/build/npmtest/node-npmtest-noble/test.js","s":{"1":2,"2":2,"3":2,"4":2,"5":2,"6":2,"7":2,"8":1,"9":2,"10":2,"11":1,"12":1,"13":1,"14":1,"15":2,"16":2,"17":2,"18":2,"19":1,"20":1,"21":2,"22":2,"23":2,"24":1,"25":1,"26":1,"27":1,"28":1,"29":1,"30":1,"31":1,"32":1,"33":1,"34":1,"35":1,"36":1,"37":2,"38":2,"39":1,"40":2,"41":2,"42":1,"43":2,"44":2,"45":1,"46":2,"47":2,"48":1,"49":1,"50":1,"51":1,"52":1},"b":{"1":[2,1,1,1],"2":[1,1,1,1],"3":[1,1],"4":[1,1],"5":[1,1],"6":[1,1],"7":[1,1],"8":[1,1],"9":[1,1,1],"10":[1,1],"11":[1,1],"12":[1,1],"13":[1,1],"14":[1,1],"15":[1,1],"16":[1,1]},"f":{"1":2,"2":2,"3":2,"4":2,"5":2,"6":1,"7":1,"8":2,"9":2,"10":2,"11":2,"12":1},"fnMap":{"1":{"name":"(anonymous_1)","line":12,"loc":{"start":{"line":12,"column":1},"end":{"line":12,"column":13}}},"2":{"name":"(anonymous_2)","line":19,"loc":{"start":{"line":19,"column":5},"end":{"line":19,"column":17}}},"3":{"name":"(anonymous_3)","line":23,"loc":{"start":{"line":23,"column":24},"end":{"line":23,"column":36}}},"4":{"name":"(anonymous_4)","line":61,"loc":{"start":{"line":61,"column":5},"end":{"line":61,"column":17}}},"5":{"name":"(anonymous_5)","line":82,"loc":{"start":{"line":82,"column":5},"end":{"line":82,"column":17}}},"6":{"name":"(anonymous_6)","line":102,"loc":{"start":{"line":102,"column":83},"end":{"line":105,"column":10}},"skip":true},"7":{"name":"(anonymous_7)","line":113,"loc":{"start":{"line":113,"column":77},"end":{"line":116,"column":10}},"skip":true},"8":{"name":"(anonymous_8)","line":129,"loc":{"start":{"line":129,"column":12},"end":{"line":129,"column":40}},"skip":true},"9":{"name":"(anonymous_9)","line":137,"loc":{"start":{"line":137,"column":77},"end":{"line":140,"column":10}},"skip":true},"10":{"name":"(anonymous_10)","line":148,"loc":{"start":{"line":148,"column":83},"end":{"line":151,"column":10}},"skip":true},"11":{"name":"(anonymous_11)","line":159,"loc":{"start":{"line":159,"column":79},"end":{"line":162,"column":10}},"skip":true},"12":{"name":"(anonymous_12)","line":170,"loc":{"start":{"line":170,"column":75},"end":{"line":173,"column":10}},"skip":true}},"statementMap":{"1":{"start":{"line":12,"column":0},"end":{"line":185,"column":5}},"2":{"start":{"line":14,"column":4},"end":{"line":14,"column":14}},"3":{"start":{"line":19,"column":4},"end":{"line":56,"column":9}},"4":{"start":{"line":21,"column":8},"end":{"line":21,"column":19}},"5":{"start":{"line":23,"column":8},"end":{"line":35,"column":13}},"6":{"start":{"line":24,"column":12},"end":{"line":34,"column":13}},"7":{"start":{"line":25,"column":16},"end":{"line":28,"column":30}},"8":{"start":{"line":30,"column":16},"end":{"line":33,"column":27}},"9":{"start":{"line":37,"column":8},"end":{"line":39,"column":21}},"10":{"start":{"line":40,"column":8},"end":{"line":53,"column":9}},"11":{"start":{"line":43,"column":12},"end":{"line":46,"column":14}},"12":{"start":{"line":47,"column":12},"end":{"line":47,"column":18}},"13":{"start":{"line":50,"column":12},"end":{"line":51,"column":46}},"14":{"start":{"line":52,"column":12},"end":{"line":52,"column":18}},"15":{"start":{"line":55,"column":8},"end":{"line":55,"column":35}},"16":{"start":{"line":61,"column":4},"end":{"line":63,"column":9}},"17":{"start":{"line":62,"column":8},"end":{"line":62,"column":15}},"18":{"start":{"line":64,"column":4},"end":{"line":77,"column":5}},"19":{"start":{"line":70,"column":8},"end":{"line":70,"column":14}},"20":{"start":{"line":76,"column":8},"end":{"line":76,"column":14}},"21":{"start":{"line":82,"column":4},"end":{"line":84,"column":9}},"22":{"start":{"line":83,"column":8},"end":{"line":83,"column":15}},"23":{"start":{"line":85,"column":4},"end":{"line":184,"column":5}},"24":{"start":{"line":92,"column":8},"end":{"line":94,"column":63}},"25":{"start":{"line":95,"column":8},"end":{"line":95,"column":14}},"26":{"start":{"line":102,"column":8},"end":{"line":111,"column":10},"skip":true},"27":{"start":{"line":109,"column":12},"end":{"line":109,"column":55},"skip":true},"28":{"start":{"line":110,"column":12},"end":{"line":110,"column":48},"skip":true},"29":{"start":{"line":113,"column":8},"end":{"line":126,"column":10},"skip":true},"30":{"start":{"line":120,"column":12},"end":{"line":120,"column":76},"skip":true},"31":{"start":{"line":121,"column":12},"end":{"line":121,"column":73},"skip":true},"32":{"start":{"line":122,"column":12},"end":{"line":122,"column":74},"skip":true},"33":{"start":{"line":123,"column":12},"end":{"line":123,"column":79},"skip":true},"34":{"start":{"line":124,"column":12},"end":{"line":124,"column":25},"skip":true},"35":{"start":{"line":125,"column":12},"end":{"line":125,"column":45},"skip":true},"36":{"start":{"line":128,"column":8},"end":{"line":135,"column":14},"skip":true},"37":{"start":{"line":133,"column":16},"end":{"line":133,"column":29},"skip":true},"38":{"start":{"line":134,"column":16},"end":{"line":134,"column":55},"skip":true},"39":{"start":{"line":137,"column":8},"end":{"line":146,"column":10},"skip":true},"40":{"start":{"line":144,"column":12},"end":{"line":144,"column":25},"skip":true},"41":{"start":{"line":145,"column":12},"end":{"line":145,"column":45},"skip":true},"42":{"start":{"line":148,"column":8},"end":{"line":157,"column":10},"skip":true},"43":{"start":{"line":155,"column":12},"end":{"line":155,"column":25},"skip":true},"44":{"start":{"line":156,"column":12},"end":{"line":156,"column":48},"skip":true},"45":{"start":{"line":159,"column":8},"end":{"line":168,"column":10},"skip":true},"46":{"start":{"line":166,"column":12},"end":{"line":166,"column":25},"skip":true},"47":{"start":{"line":167,"column":12},"end":{"line":167,"column":46},"skip":true},"48":{"start":{"line":170,"column":8},"end":{"line":179,"column":10},"skip":true},"49":{"start":{"line":177,"column":12},"end":{"line":177,"column":94},"skip":true},"50":{"start":{"line":178,"column":12},"end":{"line":178,"column":48},"skip":true},"51":{"start":{"line":182,"column":8},"end":{"line":182,"column":35},"skip":true},"52":{"start":{"line":183,"column":8},"end":{"line":183,"column":14},"skip":true}},"branchMap":{"1":{"line":25,"type":"binary-expr","locations":[{"start":{"line":25,"column":23},"end":{"line":25,"column":62}},{"start":{"line":26,"column":20},"end":{"line":26,"column":70}},{"start":{"line":27,"column":20},"end":{"line":27,"column":71}},{"start":{"line":28,"column":20},"end":{"line":28,"column":29}}]},"2":{"line":30,"type":"binary-expr","locations":[{"start":{"line":30,"column":23},"end":{"line":30,"column":37}},{"start":{"line":31,"column":20},"end":{"line":31,"column":61}},{"start":{"line":32,"column":20},"end":{"line":32,"column":70}},{"start":{"line":33,"column":20},"end":{"line":33,"column":26}}]},"3":{"line":37,"type":"cond-expr","locations":[{"start":{"line":38,"column":14},"end":{"line":38,"column":20}},{"start":{"line":39,"column":14},"end":{"line":39,"column":20}}]},"4":{"line":40,"type":"switch","locations":[{"start":{"line":42,"column":8},"end":{"line":47,"column":18}},{"start":{"line":49,"column":8},"end":{"line":52,"column":18}}]},"5":{"line":44,"type":"binary-expr","locations":[{"start":{"line":44,"column":16},"end":{"line":44,"column":44}},{"start":{"line":44,"column":48},"end":{"line":44,"column":66}}]},"6":{"line":50,"type":"binary-expr","locations":[{"start":{"line":50,"column":21},"end":{"line":50,"column":49}},{"start":{"line":50,"column":53},"end":{"line":50,"column":72}}]},"7":{"line":64,"type":"switch","locations":[{"start":{"line":69,"column":4},"end":{"line":70,"column":14}},{"start":{"line":75,"column":4},"end":{"line":76,"column":14}}]},"8":{"line":85,"type":"switch","locations":[{"start":{"line":90,"column":4},"end":{"line":95,"column":14}},{"start":{"line":101,"column":4},"end":{"line":183,"column":14},"skip":true}]},"9":{"line":92,"type":"binary-expr","locations":[{"start":{"line":92,"column":18},"end":{"line":92,"column":32}},{"start":{"line":93,"column":12},"end":{"line":93,"column":53}},{"start":{"line":94,"column":12},"end":{"line":94,"column":61}}]},"10":{"line":102,"type":"binary-expr","locations":[{"start":{"line":102,"column":45},"end":{"line":102,"column":79},"skip":true},{"start":{"line":102,"column":83},"end":{"line":111,"column":9},"skip":true}]},"11":{"line":113,"type":"binary-expr","locations":[{"start":{"line":113,"column":42},"end":{"line":113,"column":73},"skip":true},{"start":{"line":113,"column":77},"end":{"line":126,"column":9},"skip":true}]},"12":{"line":128,"type":"binary-expr","locations":[{"start":{"line":128,"column":48},"end":{"line":128,"column":85},"skip":true},{"start":{"line":129,"column":12},"end":{"line":135,"column":13},"skip":true}]},"13":{"line":137,"type":"binary-expr","locations":[{"start":{"line":137,"column":42},"end":{"line":137,"column":73},"skip":true},{"start":{"line":137,"column":77},"end":{"line":146,"column":9},"skip":true}]},"14":{"line":148,"type":"binary-expr","locations":[{"start":{"line":148,"column":45},"end":{"line":148,"column":79},"skip":true},{"start":{"line":148,"column":83},"end":{"line":157,"column":9},"skip":true}]},"15":{"line":159,"type":"binary-expr","locations":[{"start":{"line":159,"column":43},"end":{"line":159,"column":75},"skip":true},{"start":{"line":159,"column":79},"end":{"line":168,"column":9},"skip":true}]},"16":{"line":170,"type":"binary-expr","locations":[{"start":{"line":170,"column":41},"end":{"line":170,"column":71},"skip":true},{"start":{"line":170,"column":75},"end":{"line":179,"column":9},"skip":true}]}},"code":["/* istanbul instrument in package npmtest_noble */","/*jslint","    bitwise: true,","    browser: true,","    maxerr: 8,","    maxlen: 96,","    node: true,","    nomen: true,","    regexp: true,","    stupid: true","*/","(function () {","    'use strict';","    var local;","","","","    // run shared js-env code - pre-init","    (function () {","        // init local","        local = {};","        // init modeJs","        local.modeJs = (function () {","            try {","                return typeof navigator.userAgent === 'string' &&","                    typeof document.querySelector('body') === 'object' &&","                    typeof XMLHttpRequest.prototype.open === 'function' &&","                    'browser';","            } catch (errorCaughtBrowser) {","                return module.exports &&","                    typeof process.versions.node === 'string' &&","                    typeof require('http').createServer === 'function' &&","                    'node';","            }","        }());","        // init global","        local.global = local.modeJs === 'browser'","            ? window","            : global;","        switch (local.modeJs) {","        // re-init local from window.local","        case 'browser':","            local = local.global.utility2.objectSetDefault(","                local.global.utility2_rollup || local.global.local,","                local.global.utility2","            );","            break;","        // re-init local from example.js","        case 'node':","            local = (local.global.utility2_rollup || require('utility2'))","                .requireExampleJsFromReadme();","            break;","        }","        // export local","        local.global.local = local;","    }());","","","","    // run shared js-env code - function","    (function () {","        return;","    }());","    switch (local.modeJs) {","","","","    // run browser js-env code - function","    case 'browser':","        break;","","","","    // run node js-env code - function","    case 'node':","        break;","    }","","","","    // run shared js-env code - post-init","    (function () {","        return;","    }());","    switch (local.modeJs) {","","","","    // run browser js-env code - post-init","    case 'browser':","        // run tests","        local.nop(local.modeTest &&","            document.querySelector('#testRunButton1') &&","            document.querySelector('#testRunButton1').click());","        break;","","","","    // run node js-env code - post-init","    /* istanbul ignore next */","    case 'node':","        local.testCase_buildApidoc_default = local.testCase_buildApidoc_default || function (","            options,","            onError","        ) {","        /*","         * this function will test buildApidoc's default handling-behavior-behavior","         */","            options = { modulePathList: module.paths };","            local.buildApidoc(options, onError);","        };","","        local.testCase_buildApp_default = local.testCase_buildApp_default || function (","            options,","            onError","        ) {","        /*","         * this function will test buildApp's default handling-behavior-behavior","         */","            local.testCase_buildReadme_default(options, local.onErrorThrow);","            local.testCase_buildLib_default(options, local.onErrorThrow);","            local.testCase_buildTest_default(options, local.onErrorThrow);","            local.testCase_buildCustomOrg_default(options, local.onErrorThrow);","            options = [];","            local.buildApp(options, onError);","        };","","        local.testCase_buildCustomOrg_default = local.testCase_buildCustomOrg_default ||","            function (options, onError) {","            /*","             * this function will test buildCustomOrg's default handling-behavior","             */","                options = {};","                local.buildCustomOrg(options, onError);","            };","","        local.testCase_buildLib_default = local.testCase_buildLib_default || function (","            options,","            onError","        ) {","        /*","         * this function will test buildLib's default handling-behavior","         */","            options = {};","            local.buildLib(options, onError);","        };","","        local.testCase_buildReadme_default = local.testCase_buildReadme_default || function (","            options,","            onError","        ) {","        /*","         * this function will test buildReadme's default handling-behavior-behavior","         */","            options = {};","            local.buildReadme(options, onError);","        };","","        local.testCase_buildTest_default = local.testCase_buildTest_default || function (","            options,","            onError","        ) {","        /*","         * this function will test buildTest's default handling-behavior","         */","            options = {};","            local.buildTest(options, onError);","        };","","        local.testCase_webpage_default = local.testCase_webpage_default || function (","            options,","            onError","        ) {","        /*","         * this function will test webpage's default handling-behavior","         */","            options = { modeCoverageMerge: true, url: local.serverLocalHost + '?modeTest=1' };","            local.browserTest(options, onError);","        };","","        // run test-server","        local.testRunServer(local);","        break;","    }","}());",""],"l":{"12":2,"14":2,"19":2,"21":2,"23":2,"24":2,"25":2,"30":1,"37":2,"40":2,"43":1,"47":1,"50":1,"52":1,"55":2,"61":2,"62":2,"64":2,"70":1,"76":1,"82":2,"83":2,"85":2,"92":1,"95":1,"102":1,"109":1,"110":1,"113":1,"120":1,"121":1,"122":1,"123":1,"124":1,"125":1,"128":1,"133":2,"134":2,"137":1,"144":2,"145":2,"148":1,"155":2,"156":2,"159":1,"166":2,"167":2,"170":1,"177":1,"178":1,"182":1,"183":1}},"/home/travis/build/npmtest/node-npmtest-noble/lib.npmtest_noble.js":{"path":"/home/travis/build/npmtest/node-npmtest-noble/lib.npmtest_noble.js","s":{"1":2,"2":2,"3":2,"4":2,"5":2,"6":2,"7":2,"8":1,"9":2,"10":2,"11":2,"12":2,"13":1,"14":1,"15":1,"16":1},"b":{"1":[2,1,1,1],"2":[1,1,1,1],"3":[1,1],"4":[2,2],"5":[1,1]},"f":{"1":2,"2":2,"3":2},"fnMap":{"1":{"name":"(anonymous_1)","line":12,"loc":{"start":{"line":12,"column":1},"end":{"line":12,"column":13}}},"2":{"name":"(anonymous_2)","line":19,"loc":{"start":{"line":19,"column":5},"end":{"line":19,"column":17}}},"3":{"name":"(anonymous_3)","line":23,"loc":{"start":{"line":23,"column":24},"end":{"line":23,"column":36}}}},"statementMap":{"1":{"start":{"line":12,"column":0},"end":{"line":53,"column":5}},"2":{"start":{"line":14,"column":4},"end":{"line":14,"column":14}},"3":{"start":{"line":19,"column":4},"end":{"line":52,"column":9}},"4":{"start":{"line":21,"column":8},"end":{"line":21,"column":19}},"5":{"start":{"line":23,"column":8},"end":{"line":35,"column":13}},"6":{"start":{"line":24,"column":12},"end":{"line":34,"column":13}},"7":{"start":{"line":25,"column":16},"end":{"line":28,"column":30}},"8":{"start":{"line":30,"column":16},"end":{"line":33,"column":27}},"9":{"start":{"line":37,"column":8},"end":{"line":39,"column":21}},"10":{"start":{"line":41,"column":8},"end":{"line":41,"column":54}},"11":{"start":{"line":43,"column":8},"end":{"line":43,"column":50}},"12":{"start":{"line":45,"column":8},"end":{"line":51,"column":9}},"13":{"start":{"line":46,"column":12},"end":{"line":46,"column":56}},"14":{"start":{"line":48,"column":12},"end":{"line":48,"column":35}},"15":{"start":{"line":49,"column":12},"end":{"line":49,"column":49}},"16":{"start":{"line":50,"column":12},"end":{"line":50,"column":43}}},"branchMap":{"1":{"line":25,"type":"binary-expr","locations":[{"start":{"line":25,"column":23},"end":{"line":25,"column":62}},{"start":{"line":26,"column":20},"end":{"line":26,"column":70}},{"start":{"line":27,"column":20},"end":{"line":27,"column":71}},{"start":{"line":28,"column":20},"end":{"line":28,"column":29}}]},"2":{"line":30,"type":"binary-expr","locations":[{"start":{"line":30,"column":23},"end":{"line":30,"column":37}},{"start":{"line":31,"column":20},"end":{"line":31,"column":61}},{"start":{"line":32,"column":20},"end":{"line":32,"column":70}},{"start":{"line":33,"column":20},"end":{"line":33,"column":26}}]},"3":{"line":37,"type":"cond-expr","locations":[{"start":{"line":38,"column":14},"end":{"line":38,"column":20}},{"start":{"line":39,"column":14},"end":{"line":39,"column":20}}]},"4":{"line":41,"type":"binary-expr","locations":[{"start":{"line":41,"column":16},"end":{"line":41,"column":44}},{"start":{"line":41,"column":48},"end":{"line":41,"column":53}}]},"5":{"line":45,"type":"if","locations":[{"start":{"line":45,"column":8},"end":{"line":45,"column":8}},{"start":{"line":45,"column":8},"end":{"line":45,"column":8}}]}},"code":["/* istanbul instrument in package npmtest_noble */","/*jslint","    bitwise: true,","    browser: true,","    maxerr: 8,","    maxlen: 96,","    node: true,","    nomen: true,","    regexp: true,","    stupid: true","*/","(function () {","    'use strict';","    var local;","","","","    // run shared js-env code - pre-init","    (function () {","        // init local","        local = {};","        // init modeJs","        local.modeJs = (function () {","            try {","                return typeof navigator.userAgent === 'string' &&","                    typeof document.querySelector('body') === 'object' &&","                    typeof XMLHttpRequest.prototype.open === 'function' &&","                    'browser';","            } catch (errorCaughtBrowser) {","                return module.exports &&","                    typeof process.versions.node === 'string' &&","                    typeof require('http').createServer === 'function' &&","                    'node';","            }","        }());","        // init global","        local.global = local.modeJs === 'browser'","            ? window","            : global;","        // init utility2_rollup","        local = local.global.utility2_rollup || local;","        // init lib","        local.local = local.npmtest_noble = local;","        // init exports","        if (local.modeJs === 'browser') {","            local.global.utility2_npmtest_noble = local;","        } else {","            module.exports = local;","            module.exports.__dirname = __dirname;","            module.exports.module = module;","        }","    }());","}());",""],"l":{"12":2,"14":2,"19":2,"21":2,"23":2,"24":2,"25":2,"30":1,"37":2,"41":2,"43":2,"45":2,"46":1,"48":1,"49":1,"50":1}},"/home/travis/build/npmtest/node-npmtest-noble/example.js":{"path":"/home/travis/build/npmtest/node-npmtest-noble/example.js","s":{"1":2,"2":2,"3":2,"4":2,"5":2,"6":2,"7":2,"8":1,"9":2,"10":2,"11":2,"12":2,"13":1,"14":2,"15":2,"16":2,"17":2,"18":2,"19":0,"20":2,"21":1,"22":1,"23":1,"24":1,"25":1,"26":0,"27":0,"28":1,"29":1,"30":2,"31":0,"32":0,"33":0,"34":1,"35":2,"36":2,"37":2,"38":2,"39":2,"40":2,"41":0,"42":2,"43":2,"44":2,"45":1,"46":3,"47":1,"48":1,"49":1,"50":1,"51":1,"52":1,"53":1,"54":1,"55":1,"56":1,"57":0,"58":1,"59":6,"60":6,"61":1,"62":2,"63":0,"64":2,"65":1,"66":1,"67":0,"68":0,"69":0,"70":0,"71":0,"72":0,"73":0,"74":0,"75":0,"76":0,"77":0,"78":0,"79":0,"80":0,"81":0,"82":0,"83":0},"b":{"1":[2,1,1,1],"2":[1,1,1,1],"3":[1,1],"4":[2,2],"5":[1,1],"6":[1,1],"7":[2,0],"8":[2,1,1,1,1,1],"9":[0,2,0],"10":[1,1],"11":[2,1,1],"12":[1,0],"13":[0,2],"14":[2,0,0,0,0,0,0],"15":[0,2],"16":[2,0],"17":[1,1],"18":[0,1],"19":[1,2,0,2],"20":[1,0],"21":[1,1],"22":[0,0],"23":[0,0],"24":[0,0],"25":[0,0],"26":[0,0],"27":[0,0],"28":[0,0]},"f":{"1":2,"2":2,"3":2,"4":2,"5":2,"6":2,"7":2,"8":2,"9":3,"10":1,"11":6,"12":0},"fnMap":{"1":{"name":"(anonymous_1)","line":26,"loc":{"start":{"line":26,"column":1},"end":{"line":26,"column":13}}},"2":{"name":"(anonymous_2)","line":33,"loc":{"start":{"line":33,"column":5},"end":{"line":33,"column":17}}},"3":{"name":"(anonymous_3)","line":37,"loc":{"start":{"line":37,"column":24},"end":{"line":37,"column":36}}},"4":{"name":"(anonymous_4)","line":69,"loc":{"start":{"line":69,"column":31},"end":{"line":69,"column":48}},"skip":true},"5":{"name":"(anonymous_5)","line":78,"loc":{"start":{"line":78,"column":26},"end":{"line":78,"column":45}},"skip":true},"6":{"name":"(anonymous_6)","line":123,"loc":{"start":{"line":123,"column":33},"end":{"line":123,"column":48}},"skip":true},"7":{"name":"(anonymous_7)","line":125,"loc":{"start":{"line":125,"column":27},"end":{"line":125,"column":39}},"skip":true},"8":{"name":"(anonymous_8)","line":133,"loc":{"start":{"line":133,"column":59},"end":{"line":133,"column":74}},"skip":true},"9":{"name":"(anonymous_9)","line":143,"loc":{"start":{"line":143,"column":45},"end":{"line":143,"column":62}},"skip":true},"10":{"name":"(anonymous_10)","line":144,"loc":{"start":{"line":144,"column":73},"end":{"line":144,"column":92}},"skip":true},"11":{"name":"(anonymous_11)","line":272,"loc":{"start":{"line":272,"column":51},"end":{"line":272,"column":77}},"skip":true},"12":{"name":"(anonymous_12)","line":314,"loc":{"start":{"line":314,"column":32},"end":{"line":314,"column":61}},"skip":true}},"statementMap":{"1":{"start":{"line":26,"column":0},"end":{"line":325,"column":5}},"2":{"start":{"line":28,"column":4},"end":{"line":28,"column":14}},"3":{"start":{"line":33,"column":4},"end":{"line":60,"column":9}},"4":{"start":{"line":35,"column":8},"end":{"line":35,"column":19}},"5":{"start":{"line":37,"column":8},"end":{"line":49,"column":13}},"6":{"start":{"line":38,"column":12},"end":{"line":48,"column":13}},"7":{"start":{"line":39,"column":16},"end":{"line":42,"column":30}},"8":{"start":{"line":44,"column":16},"end":{"line":47,"column":27}},"9":{"start":{"line":51,"column":8},"end":{"line":53,"column":21}},"10":{"start":{"line":55,"column":8},"end":{"line":57,"column":45}},"11":{"start":{"line":59,"column":8},"end":{"line":59,"column":35}},"12":{"start":{"line":61,"column":4},"end":{"line":324,"column":5}},"13":{"start":{"line":69,"column":8},"end":{"line":121,"column":10},"skip":true},"14":{"start":{"line":70,"column":12},"end":{"line":88,"column":13},"skip":true},"15":{"start":{"line":76,"column":16},"end":{"line":87,"column":19},"skip":true},"16":{"start":{"line":79,"column":20},"end":{"line":86,"column":21},"skip":true},"17":{"start":{"line":82,"column":24},"end":{"line":82,"column":43},"skip":true},"18":{"start":{"line":83,"column":24},"end":{"line":83,"column":30},"skip":true},"19":{"start":{"line":85,"column":24},"end":{"line":85,"column":49},"skip":true},"20":{"start":{"line":89,"column":12},"end":{"line":107,"column":13},"skip":true},"21":{"start":{"line":92,"column":16},"end":{"line":102,"column":17},"skip":true},"22":{"start":{"line":93,"column":20},"end":{"line":93,"column":86},"skip":true},"23":{"start":{"line":94,"column":20},"end":{"line":95,"column":45},"skip":true},"24":{"start":{"line":96,"column":20},"end":{"line":96,"column":42},"skip":true},"25":{"start":{"line":97,"column":20},"end":{"line":97,"column":48},"skip":true},"26":{"start":{"line":100,"column":20},"end":{"line":100,"column":85},"skip":true},"27":{"start":{"line":101,"column":20},"end":{"line":101,"column":96},"skip":true},"28":{"start":{"line":103,"column":16},"end":{"line":103,"column":22},"skip":true},"29":{"start":{"line":106,"column":16},"end":{"line":106,"column":22},"skip":true},"30":{"start":{"line":108,"column":12},"end":{"line":120,"column":13},"skip":true},"31":{"start":{"line":114,"column":16},"end":{"line":119,"column":17},"skip":true},"32":{"start":{"line":116,"column":20},"end":{"line":116,"column":78},"skip":true},"33":{"start":{"line":118,"column":20},"end":{"line":118,"column":53},"skip":true},"34":{"start":{"line":123,"column":8},"end":{"line":141,"column":11},"skip":true},"35":{"start":{"line":124,"column":12},"end":{"line":124,"column":54},"skip":true},"36":{"start":{"line":125,"column":12},"end":{"line":140,"column":14},"skip":true},"37":{"start":{"line":126,"column":16},"end":{"line":126,"column":28},"skip":true},"38":{"start":{"line":127,"column":16},"end":{"line":127,"column":69},"skip":true},"39":{"start":{"line":128,"column":16},"end":{"line":128,"column":75},"skip":true},"40":{"start":{"line":129,"column":16},"end":{"line":131,"column":17},"skip":true},"41":{"start":{"line":130,"column":20},"end":{"line":130,"column":27},"skip":true},"42":{"start":{"line":133,"column":16},"end":{"line":137,"column":36},"skip":true},"43":{"start":{"line":134,"column":20},"end":{"line":136,"column":55},"skip":true},"44":{"start":{"line":139,"column":16},"end":{"line":139,"column":57},"skip":true},"45":{"start":{"line":143,"column":8},"end":{"line":147,"column":11},"skip":true},"46":{"start":{"line":144,"column":12},"end":{"line":146,"column":15},"skip":true},"47":{"start":{"line":145,"column":16},"end":{"line":145,"column":70},"skip":true},"48":{"start":{"line":149,"column":8},"end":{"line":149,"column":31},"skip":true},"49":{"start":{"line":150,"column":8},"end":{"line":150,"column":14},"skip":true},"50":{"start":{"line":158,"column":8},"end":{"line":158,"column":31},"skip":true},"51":{"start":{"line":160,"column":8},"end":{"line":160,"column":33},"skip":true},"52":{"start":{"line":161,"column":8},"end":{"line":161,"column":37},"skip":true},"53":{"start":{"line":162,"column":8},"end":{"line":162,"column":35},"skip":true},"54":{"start":{"line":164,"column":8},"end":{"line":164,"column":50},"skip":true},"55":{"start":{"line":166,"column":8},"end":{"line":256,"column":2},"skip":true},"56":{"start":{"line":258,"column":8},"end":{"line":286,"column":9},"skip":true},"57":{"start":{"line":259,"column":12},"end":{"line":269,"column":14},"skip":true},"58":{"start":{"line":271,"column":12},"end":{"line":285,"column":19},"skip":true},"59":{"start":{"line":274,"column":20},"end":{"line":274,"column":35},"skip":true},"60":{"start":{"line":275,"column":20},"end":{"line":284,"column":21},"skip":true},"61":{"start":{"line":277,"column":24},"end":{"line":277,"column":64},"skip":true},"62":{"start":{"line":279,"column":24},"end":{"line":279,"column":40},"skip":true},"63":{"start":{"line":281,"column":24},"end":{"line":281,"column":40},"skip":true},"64":{"start":{"line":283,"column":24},"end":{"line":283,"column":39},"skip":true},"65":{"start":{"line":288,"column":8},"end":{"line":290,"column":9},"skip":true},"66":{"start":{"line":289,"column":12},"end":{"line":289,"column":18},"skip":true},"67":{"start":{"line":291,"column":8},"end":{"line":293,"column":54},"skip":true},"68":{"start":{"line":294,"column":8},"end":{"line":301,"column":37},"skip":true},"69":{"start":{"line":302,"column":8},"end":{"line":302,"column":82},"skip":true},"70":{"start":{"line":305,"column":8},"end":{"line":307,"column":9},"skip":true},"71":{"start":{"line":306,"column":12},"end":{"line":306,"column":82},"skip":true},"72":{"start":{"line":309,"column":8},"end":{"line":311,"column":9},"skip":true},"73":{"start":{"line":310,"column":12},"end":{"line":310,"column":18},"skip":true},"74":{"start":{"line":312,"column":8},"end":{"line":312,"column":54},"skip":true},"75":{"start":{"line":313,"column":8},"end":{"line":313,"column":69},"skip":true},"76":{"start":{"line":314,"column":8},"end":{"line":322,"column":36},"skip":true},"77":{"start":{"line":315,"column":12},"end":{"line":315,"column":61},"skip":true},"78":{"start":{"line":316,"column":12},"end":{"line":319,"column":13},"skip":true},"79":{"start":{"line":317,"column":16},"end":{"line":317,"column":75},"skip":true},"80":{"start":{"line":318,"column":16},"end":{"line":318,"column":23},"skip":true},"81":{"start":{"line":320,"column":12},"end":{"line":320,"column":38},"skip":true},"82":{"start":{"line":321,"column":12},"end":{"line":321,"column":27},"skip":true},"83":{"start":{"line":323,"column":8},"end":{"line":323,"column":14},"skip":true}},"branchMap":{"1":{"line":39,"type":"binary-expr","locations":[{"start":{"line":39,"column":23},"end":{"line":39,"column":62}},{"start":{"line":40,"column":20},"end":{"line":40,"column":70}},{"start":{"line":41,"column":20},"end":{"line":41,"column":71}},{"start":{"line":42,"column":20},"end":{"line":42,"column":29}}]},"2":{"line":44,"type":"binary-expr","locations":[{"start":{"line":44,"column":23},"end":{"line":44,"column":37}},{"start":{"line":45,"column":20},"end":{"line":45,"column":61}},{"start":{"line":46,"column":20},"end":{"line":46,"column":70}},{"start":{"line":47,"column":20},"end":{"line":47,"column":26}}]},"3":{"line":51,"type":"cond-expr","locations":[{"start":{"line":52,"column":14},"end":{"line":52,"column":20}},{"start":{"line":53,"column":14},"end":{"line":53,"column":20}}]},"4":{"line":55,"type":"binary-expr","locations":[{"start":{"line":55,"column":16},"end":{"line":55,"column":44}},{"start":{"line":55,"column":49},"end":{"line":57,"column":43}}]},"5":{"line":55,"type":"cond-expr","locations":[{"start":{"line":56,"column":14},"end":{"line":56,"column":49}},{"start":{"line":57,"column":14},"end":{"line":57,"column":43}}]},"6":{"line":61,"type":"switch","locations":[{"start":{"line":68,"column":4},"end":{"line":150,"column":14},"skip":true},{"start":{"line":156,"column":4},"end":{"line":323,"column":14},"skip":true}]},"7":{"line":70,"type":"if","locations":[{"start":{"line":70,"column":12},"end":{"line":70,"column":12},"skip":true},{"start":{"line":70,"column":12},"end":{"line":70,"column":12},"skip":true}]},"8":{"line":70,"type":"binary-expr","locations":[{"start":{"line":70,"column":16},"end":{"line":70,"column":22},"skip":true},{"start":{"line":70,"column":27},"end":{"line":70,"column":32},"skip":true},{"start":{"line":71,"column":20},"end":{"line":71,"column":39},"skip":true},{"start":{"line":72,"column":20},"end":{"line":72,"column":49},"skip":true},{"start":{"line":73,"column":20},"end":{"line":73,"column":58},"skip":true},{"start":{"line":74,"column":20},"end":{"line":74,"column":69},"skip":true}]},"9":{"line":79,"type":"switch","locations":[{"start":{"line":80,"column":20},"end":{"line":80,"column":33},"skip":true},{"start":{"line":81,"column":20},"end":{"line":83,"column":30},"skip":true},{"start":{"line":84,"column":20},"end":{"line":85,"column":49},"skip":true}]},"10":{"line":89,"type":"switch","locations":[{"start":{"line":90,"column":12},"end":{"line":103,"column":22},"skip":true},{"start":{"line":105,"column":12},"end":{"line":106,"column":22},"skip":true}]},"11":{"line":89,"type":"binary-expr","locations":[{"start":{"line":89,"column":20},"end":{"line":89,"column":25},"skip":true},{"start":{"line":89,"column":29},"end":{"line":89,"column":48},"skip":true},{"start":{"line":89,"column":52},"end":{"line":89,"column":74},"skip":true}]},"12":{"line":92,"type":"if","locations":[{"start":{"line":92,"column":16},"end":{"line":92,"column":16},"skip":true},{"start":{"line":92,"column":16},"end":{"line":92,"column":16},"skip":true}]},"13":{"line":108,"type":"if","locations":[{"start":{"line":108,"column":12},"end":{"line":108,"column":12},"skip":true},{"start":{"line":108,"column":12},"end":{"line":108,"column":12},"skip":true}]},"14":{"line":108,"type":"binary-expr","locations":[{"start":{"line":108,"column":16},"end":{"line":108,"column":61},"skip":true},{"start":{"line":108,"column":66},"end":{"line":108,"column":72},"skip":true},{"start":{"line":108,"column":77},"end":{"line":108,"column":82},"skip":true},{"start":{"line":109,"column":20},"end":{"line":109,"column":39},"skip":true},{"start":{"line":110,"column":20},"end":{"line":110,"column":49},"skip":true},{"start":{"line":111,"column":20},"end":{"line":111,"column":58},"skip":true},{"start":{"line":112,"column":20},"end":{"line":112,"column":68},"skip":true}]},"15":{"line":129,"type":"if","locations":[{"start":{"line":129,"column":16},"end":{"line":129,"column":16},"skip":true},{"start":{"line":129,"column":16},"end":{"line":129,"column":16},"skip":true}]},"16":{"line":134,"type":"cond-expr","locations":[{"start":{"line":135,"column":26},"end":{"line":135,"column":29},"skip":true},{"start":{"line":136,"column":26},"end":{"line":136,"column":54},"skip":true}]},"17":{"line":164,"type":"binary-expr","locations":[{"start":{"line":164,"column":27},"end":{"line":164,"column":43},"skip":true},{"start":{"line":164,"column":47},"end":{"line":164,"column":49},"skip":true}]},"18":{"line":258,"type":"if","locations":[{"start":{"line":258,"column":8},"end":{"line":258,"column":8},"skip":true},{"start":{"line":258,"column":8},"end":{"line":258,"column":8},"skip":true}]},"19":{"line":275,"type":"switch","locations":[{"start":{"line":276,"column":20},"end":{"line":277,"column":64},"skip":true},{"start":{"line":278,"column":20},"end":{"line":279,"column":40},"skip":true},{"start":{"line":280,"column":20},"end":{"line":281,"column":40},"skip":true},{"start":{"line":282,"column":20},"end":{"line":283,"column":39},"skip":true}]},"20":{"line":288,"type":"if","locations":[{"start":{"line":288,"column":8},"end":{"line":288,"column":8},"skip":true},{"start":{"line":288,"column":8},"end":{"line":288,"column":8},"skip":true}]},"21":{"line":288,"type":"binary-expr","locations":[{"start":{"line":288,"column":12},"end":{"line":288,"column":40},"skip":true},{"start":{"line":288,"column":44},"end":{"line":288,"column":67},"skip":true}]},"22":{"line":292,"type":"binary-expr","locations":[{"start":{"line":292,"column":12},"end":{"line":292,"column":50},"skip":true},{"start":{"line":293,"column":12},"end":{"line":293,"column":53},"skip":true}]},"23":{"line":295,"type":"binary-expr","locations":[{"start":{"line":295,"column":12},"end":{"line":295,"column":63},"skip":true},{"start":{"line":296,"column":12},"end":{"line":301,"column":36},"skip":true}]},"24":{"line":302,"type":"binary-expr","locations":[{"start":{"line":302,"column":43},"end":{"line":302,"column":75},"skip":true},{"start":{"line":302,"column":79},"end":{"line":302,"column":81},"skip":true}]},"25":{"line":305,"type":"if","locations":[{"start":{"line":305,"column":8},"end":{"line":305,"column":8},"skip":true},{"start":{"line":305,"column":8},"end":{"line":305,"column":8},"skip":true}]},"26":{"line":309,"type":"if","locations":[{"start":{"line":309,"column":8},"end":{"line":309,"column":8},"skip":true},{"start":{"line":309,"column":8},"end":{"line":309,"column":8},"skip":true}]},"27":{"line":312,"type":"binary-expr","locations":[{"start":{"line":312,"column":27},"end":{"line":312,"column":43},"skip":true},{"start":{"line":312,"column":47},"end":{"line":312,"column":53},"skip":true}]},"28":{"line":316,"type":"if","locations":[{"start":{"line":316,"column":12},"end":{"line":316,"column":12},"skip":true},{"start":{"line":316,"column":12},"end":{"line":316,"column":12},"skip":true}]}},"code":["/*","example.js","","quickstart example","","instruction","    1. save this script as example.js","    2. run the shell command:","        $ npm install npmtest-noble && PORT=8081 node example.js","    3. play with the browser-demo on http://127.0.0.1:8081","*/","","","","/* istanbul instrument in package npmtest_noble */","/*jslint","    bitwise: true,","    browser: true,","    maxerr: 8,","    maxlen: 96,","    node: true,","    nomen: true,","    regexp: true,","    stupid: true","*/","(function () {","    'use strict';","    var local;","","","","    // run shared js-env code - pre-init","    (function () {","        // init local","        local = {};","        // init modeJs","        local.modeJs = (function () {","            try {","                return typeof navigator.userAgent === 'string' &&","                    typeof document.querySelector('body') === 'object' &&","                    typeof XMLHttpRequest.prototype.open === 'function' &&","                    'browser';","            } catch (errorCaughtBrowser) {","                return module.exports &&","                    typeof process.versions.node === 'string' &&","                    typeof require('http').createServer === 'function' &&","                    'node';","            }","        }());","        // init global","        local.global = local.modeJs === 'browser'","            ? window","            : global;","        // init utility2_rollup","        local = local.global.utility2_rollup || (local.modeJs === 'browser'","            ? local.global.utility2_npmtest_noble","            : global.utility2_moduleExports);","        // export local","        local.global.local = local;","    }());","    switch (local.modeJs) {","","","","    // post-init","    // run browser js-env code - post-init","    /* istanbul ignore next */","    case 'browser':","        local.testRunBrowser = function (event) {","            if (!event || (event &&","                    event.currentTarget &&","                    event.currentTarget.className &&","                    event.currentTarget.className.includes &&","                    event.currentTarget.className.includes('onreset'))) {","                // reset output","                Array.from(","                    document.querySelectorAll('body > .resettable')","                ).forEach(function (element) {","                    switch (element.tagName) {","                    case 'INPUT':","                    case 'TEXTAREA':","                        element.value = '';","                        break;","                    default:","                        element.textContent = '';","                    }","                });","            }","            switch (event && event.currentTarget && event.currentTarget.id) {","            case 'testRunButton1':","                // show tests","                if (document.querySelector('#testReportDiv1').style.display === 'none') {","                    document.querySelector('#testReportDiv1').style.display = 'block';","                    document.querySelector('#testRunButton1').textContent =","                        'hide internal test';","                    local.modeTest = true;","                    local.testRunDefault(local);","                // hide tests","                } else {","                    document.querySelector('#testReportDiv1').style.display = 'none';","                    document.querySelector('#testRunButton1').textContent = 'run internal test';","                }","                break;","            // custom-case","            default:","                break;","            }","            if (document.querySelector('#inputTextareaEval1') && (!event || (event &&","                    event.currentTarget &&","                    event.currentTarget.className &&","                    event.currentTarget.className.includes &&","                    event.currentTarget.className.includes('oneval')))) {","                // try to eval input-code","                try {","                    /*jslint evil: true*/","                    eval(document.querySelector('#inputTextareaEval1').value);","                } catch (errorCaught) {","                    console.error(errorCaught.stack);","                }","            }","        };","        // log stderr and stdout to #outputTextareaStdout1","        ['error', 'log'].forEach(function (key) {","            console[key + '_original'] = console[key];","            console[key] = function () {","                var element;","                console[key + '_original'].apply(console, arguments);","                element = document.querySelector('#outputTextareaStdout1');","                if (!element) {","                    return;","                }","                // append text to #outputTextareaStdout1","                element.value += Array.from(arguments).map(function (arg) {","                    return typeof arg === 'string'","                        ? arg","                        : JSON.stringify(arg, null, 4);","                }).join(' ') + '\\n';","                // scroll textarea to bottom","                element.scrollTop = element.scrollHeight;","            };","        });","        // init event-handling","        ['change', 'click', 'keyup'].forEach(function (event) {","            Array.from(document.querySelectorAll('.on' + event)).forEach(function (element) {","                element.addEventListener(event, local.testRunBrowser);","            });","        });","        // run tests","        local.testRunBrowser();","        break;","","","","    // run node js-env code - post-init","    /* istanbul ignore next */","    case 'node':","        // export local","        module.exports = local;","        // require modules","        local.fs = require('fs');","        local.http = require('http');","        local.url = require('url');","        // init assets","        local.assetsDict = local.assetsDict || {};","        /* jslint-ignore-begin */","        local.assetsDict['/assets.index.template.html'] = '\\","<!doctype html>\\n\\","<html lang=\"en\">\\n\\","<head>\\n\\","<meta charset=\"UTF-8\">\\n\\","<meta name=\"viewport\" content=\"width=device-width, initial-scale=1\">\\n\\","<title>{{env.npm_package_name}} (v{{env.npm_package_version}})</title>\\n\\","<style>\\n\\","/*csslint\\n\\","    box-sizing: false,\\n\\","    universal-selector: false\\n\\","*/\\n\\","* {\\n\\","    box-sizing: border-box;\\n\\","}\\n\\","body {\\n\\","    background: #dde;\\n\\","    font-family: Arial, Helvetica, sans-serif;\\n\\","    margin: 2rem;\\n\\","}\\n\\","body > * {\\n\\","    margin-bottom: 1rem;\\n\\","}\\n\\",".utility2FooterDiv {\\n\\","    margin-top: 20px;\\n\\","    text-align: center;\\n\\","}\\n\\","</style>\\n\\","<style>\\n\\","/*csslint\\n\\","*/\\n\\","textarea {\\n\\","    font-family: monospace;\\n\\","    height: 10rem;\\n\\","    width: 100%;\\n\\","}\\n\\","textarea[readonly] {\\n\\","    background: #ddd;\\n\\","}\\n\\","</style>\\n\\","</head>\\n\\","<body>\\n\\","<!-- utility2-comment\\n\\","<div id=\"ajaxProgressDiv1\" style=\"background: #d00; height: 2px; left: 0; margin: 0; padding: 0; position: fixed; top: 0; transition: background 0.5s, width 1.5s; width: 25%;\"></div>\\n\\","utility2-comment -->\\n\\","<h1>\\n\\","<!-- utility2-comment\\n\\","    <a\\n\\","        {{#if env.npm_package_homepage}}\\n\\","        href=\"{{env.npm_package_homepage}}\"\\n\\","        {{/if env.npm_package_homepage}}\\n\\","        target=\"_blank\"\\n\\","    >\\n\\","utility2-comment -->\\n\\","        {{env.npm_package_name}} (v{{env.npm_package_version}})\\n\\","<!-- utility2-comment\\n\\","    </a>\\n\\","utility2-comment -->\\n\\","</h1>\\n\\","<h3>{{env.npm_package_description}}</h3>\\n\\","<!-- utility2-comment\\n\\","<h4><a download href=\"assets.app.js\">download standalone app</a></h4>\\n\\","<button class=\"onclick onreset\" id=\"testRunButton1\">run internal test</button><br>\\n\\","<div id=\"testReportDiv1\" style=\"display: none;\"></div>\\n\\","utility2-comment -->\\n\\","\\n\\","\\n\\","\\n\\","<label>stderr and stdout</label>\\n\\","<textarea class=\"resettable\" id=\"outputTextareaStdout1\" readonly></textarea>\\n\\","<!-- utility2-comment\\n\\","{{#if isRollup}}\\n\\","<script src=\"assets.app.js\"></script>\\n\\","{{#unless isRollup}}\\n\\","utility2-comment -->\\n\\","<script src=\"assets.utility2.rollup.js\"></script>\\n\\","<script src=\"jsonp.utility2._stateInit?callback=window.utility2._stateInit\"></script>\\n\\","<script src=\"assets.npmtest_noble.rollup.js\"></script>\\n\\","<script src=\"assets.example.js\"></script>\\n\\","<script src=\"assets.test.js\"></script>\\n\\","<!-- utility2-comment\\n\\","{{/if isRollup}}\\n\\","utility2-comment -->\\n\\","<div class=\"utility2FooterDiv\">\\n\\","    [ this app was created with\\n\\","    <a href=\"https://github.com/kaizhu256/node-utility2\" target=\"_blank\">utility2</a>\\n\\","    ]\\n\\","</div>\\n\\","</body>\\n\\","</html>\\n\\","';","        /* jslint-ignore-end */","        if (local.templateRender) {","            local.assetsDict['/'] = local.templateRender(","                local.assetsDict['/assets.index.template.html'],","                {","                    env: local.objectSetDefault(local.env, {","                        npm_package_description: 'the greatest app in the world!',","                        npm_package_name: 'my-app',","                        npm_package_nameAlias: 'my_app',","                        npm_package_version: '0.0.1'","                    })","                }","            );","        } else {","            local.assetsDict['/'] = local.assetsDict['/assets.index.template.html']","                .replace((/\\{\\{env\\.(\\w+?)\\}\\}/g), function (match0, match1) {","                    // jslint-hack","                    String(match0);","                    switch (match1) {","                    case 'npm_package_description':","                        return 'the greatest app in the world!';","                    case 'npm_package_name':","                        return 'my-app';","                    case 'npm_package_nameAlias':","                        return 'my_app';","                    case 'npm_package_version':","                        return '0.0.1';","                    }","                });","        }","        // run the cli","        if (local.global.utility2_rollup || module !== require.main) {","            break;","        }","        local.assetsDict['/assets.example.js'] =","            local.assetsDict['/assets.example.js'] ||","            local.fs.readFileSync(__filename, 'utf8');","        local.assetsDict['/assets.npmtest_noble.rollup.js'] =","            local.assetsDict['/assets.npmtest_noble.rollup.js'] ||","            local.fs.readFileSync(","                // buildCustomOrg-hack","                local.npmtest_noble.__dirname +","                    '/lib.npmtest_noble.js',","                'utf8'","            ).replace((/^#!/), '//');","        local.assetsDict['/favicon.ico'] = local.assetsDict['/favicon.ico'] || '';","        // if $npm_config_timeout_exit exists,","        // then exit this process after $npm_config_timeout_exit ms","        if (Number(process.env.npm_config_timeout_exit)) {","            setTimeout(process.exit, Number(process.env.npm_config_timeout_exit));","        }","        // start server","        if (local.global.utility2_serverHttp1) {","            break;","        }","        process.env.PORT = process.env.PORT || '8081';","        console.error('server starting on port ' + process.env.PORT);","        local.http.createServer(function (request, response) {","            request.urlParsed = local.url.parse(request.url);","            if (local.assetsDict[request.urlParsed.pathname] !== undefined) {","                response.end(local.assetsDict[request.urlParsed.pathname]);","                return;","            }","            response.statusCode = 404;","            response.end();","        }).listen(process.env.PORT);","        break;","    }","}());",""],"l":{"26":2,"28":2,"33":2,"35":2,"37":2,"38":2,"39":2,"44":1,"51":2,"55":2,"59":2,"61":2,"69":1,"70":2,"76":2,"79":2,"82":2,"83":2,"85":1,"89":2,"92":1,"93":1,"94":1,"96":1,"97":1,"100":1,"101":1,"103":1,"106":1,"108":2,"114":1,"116":1,"118":1,"123":1,"124":2,"125":2,"126":2,"127":2,"128":2,"129":2,"130":1,"133":2,"134":2,"139":2,"143":1,"144":3,"145":1,"149":1,"150":1,"158":1,"160":1,"161":1,"162":1,"164":1,"166":1,"258":1,"259":1,"271":1,"274":6,"275":6,"277":1,"279":2,"281":1,"283":2,"288":1,"289":1,"291":1,"294":1,"302":1,"305":1,"306":1,"309":1,"310":1,"312":1,"313":1,"314":1,"315":1,"316":1,"317":1,"318":1,"320":1,"321":1,"323":1}},"/home/travis/build/npmtest/node-npmtest-noble/noble/index.js":{"path":"/home/travis/build/npmtest/node-npmtest-noble/noble/index.js","s":{"1":1,"2":1,"3":1},"b":{},"f":{},"fnMap":{},"statementMap":{"1":{"start":{"line":1,"column":0},"end":{"line":1,"column":35}},"2":{"start":{"line":2,"column":0},"end":{"line":2,"column":51}},"3":{"start":{"line":4,"column":0},"end":{"line":4,"column":37}}},"branchMap":{},"code":["var Noble = require('./lib/noble');","var bindings = require('./lib/resolve-bindings')();","","module.exports = new Noble(bindings);",""],"l":{"1":1,"2":1,"4":1}},"/home/travis/build/npmtest/node-npmtest-noble/noble/lib/noble.js":{"path":"/home/travis/build/npmtest/node-npmtest-noble/noble/lib/noble.js","s":{"1":1,"2":1,"3":1,"4":1,"5":1,"6":1,"7":1,"8":1,"9":1,"10":1,"11":1,"12":1,"13":1,"14":1,"15":1,"16":1,"17":1,"18":1,"19":1,"20":1,"21":1,"22":1,"23":1,"24":1,"25":1,"26":1,"27":1,"28":1,"29":1,"30":1,"31":1,"32":1,"33":1,"34":1,"35":1,"36":1,"37":1,"38":1,"39":0,"40":0,"41":1,"42":1,"43":1,"44":1,"45":1,"46":1,"47":1,"48":0,"49":0,"50":1,"51":0,"52":0,"53":0,"54":0,"55":0,"56":0,"57":0,"58":0,"59":0,"60":0,"61":0,"62":1,"63":0,"64":0,"65":1,"66":0,"67":0,"68":0,"69":1,"70":0,"71":0,"72":1,"73":0,"74":0,"75":0,"76":0,"77":0,"78":0,"79":0,"80":0,"81":0,"82":0,"83":0,"84":0,"85":0,"86":0,"87":0,"88":0,"89":1,"90":0,"91":1,"92":0,"93":0,"94":0,"95":0,"96":0,"97":1,"98":0,"99":1,"100":0,"101":0,"102":0,"103":0,"104":0,"105":1,"106":0,"107":1,"108":0,"109":0,"110":0,"111":0,"112":0,"113":1,"114":0,"115":1,"116":0,"117":0,"118":0,"119":0,"120":0,"121":0,"122":0,"123":0,"124":0,"125":0,"126":0,"127":0,"128":0,"129":1,"130":0,"131":1,"132":0,"133":0,"134":0,"135":0,"136":0,"137":1,"138":0,"139":1,"140":0,"141":0,"142":0,"143":0,"144":0,"145":0,"146":0,"147":0,"148":0,"149":0,"150":0,"151":0,"152":1,"153":0,"154":1,"155":0,"156":0,"157":0,"158":0,"159":0,"160":0,"161":1,"162":0,"163":1,"164":0,"165":0,"166":0,"167":0,"168":1,"169":0,"170":1,"171":0,"172":0,"173":0,"174":0,"175":1,"176":0,"177":1,"178":0,"179":0,"180":0,"181":0,"182":1,"183":0,"184":1,"185":0,"186":0,"187":0,"188":0,"189":0,"190":0,"191":0,"192":0,"193":0,"194":0,"195":0,"196":1,"197":0,"198":1,"199":0,"200":0,"201":0,"202":0,"203":1,"204":0,"205":1,"206":0,"207":0,"208":0,"209":0,"210":1,"211":0,"212":1,"213":0,"214":0,"215":0,"216":0,"217":1,"218":0,"219":1,"220":0,"221":0,"222":0,"223":0,"224":1,"225":0,"226":0,"227":0,"228":0,"229":1},"b":{"1":[0,0],"2":[0,0],"3":[0,0],"4":[0,0],"5":[0,0],"6":[0,0],"7":[0,0],"8":[0,0],"9":[0,0],"10":[0,0],"11":[0,0],"12":[0,0],"13":[0,0],"14":[0,0],"15":[0,0],"16":[0,0],"17":[0,0],"18":[0,0],"19":[0,0],"20":[0,0],"21":[0,0],"22":[0,0],"23":[0,0],"24":[0,0],"25":[0,0],"26":[0,0],"27":[0,0],"28":[0,0]},"f":{"1":1,"2":0,"3":1,"4":0,"5":0,"6":0,"7":0,"8":0,"9":0,"10":0,"11":0,"12":0,"13":0,"14":0,"15":0,"16":0,"17":0,"18":0,"19":0,"20":0,"21":0,"22":0,"23":0,"24":0,"25":0,"26":0,"27":0,"28":0,"29":0,"30":0,"31":0,"32":0,"33":0,"34":0,"35":0,"36":0,"37":0,"38":0,"39":0,"40":0,"41":0},"fnMap":{"1":{"name":"Noble","line":11,"loc":{"start":{"line":11,"column":0},"end":{"line":11,"column":25}}},"2":{"name":"(anonymous_2)","line":44,"loc":{"start":{"line":44,"column":21},"end":{"line":44,"column":39}}},"3":{"name":"(anonymous_3)","line":55,"loc":{"start":{"line":55,"column":32},"end":{"line":55,"column":48}}},"4":{"name":"(anonymous_4)","line":63,"loc":{"start":{"line":63,"column":34},"end":{"line":63,"column":52}}},"5":{"name":"(anonymous_5)","line":69,"loc":{"start":{"line":69,"column":32},"end":{"line":69,"column":82}}},"6":{"name":"(anonymous_6)","line":80,"loc":{"start":{"line":80,"column":29},"end":{"line":80,"column":56}}},"7":{"name":"(anonymous_7)","line":92,"loc":{"start":{"line":92,"column":30},"end":{"line":92,"column":57}}},"8":{"name":"(anonymous_8)","line":97,"loc":{"start":{"line":97,"column":31},"end":{"line":97,"column":50}}},"9":{"name":"(anonymous_9)","line":104,"loc":{"start":{"line":104,"column":29},"end":{"line":104,"column":40}}},"10":{"name":"(anonymous_10)","line":109,"loc":{"start":{"line":109,"column":29},"end":{"line":109,"column":100}}},"11":{"name":"(anonymous_11)","line":141,"loc":{"start":{"line":141,"column":26},"end":{"line":141,"column":51}}},"12":{"name":"(anonymous_12)","line":145,"loc":{"start":{"line":145,"column":28},"end":{"line":145,"column":60}}},"13":{"name":"(anonymous_13)","line":156,"loc":{"start":{"line":156,"column":29},"end":{"line":156,"column":54}}},"14":{"name":"(anonymous_14)","line":160,"loc":{"start":{"line":160,"column":31},"end":{"line":160,"column":56}}},"15":{"name":"(anonymous_15)","line":171,"loc":{"start":{"line":171,"column":29},"end":{"line":171,"column":54}}},"16":{"name":"(anonymous_16)","line":175,"loc":{"start":{"line":175,"column":31},"end":{"line":175,"column":62}}},"17":{"name":"(anonymous_17)","line":187,"loc":{"start":{"line":187,"column":35},"end":{"line":187,"column":67}}},"18":{"name":"(anonymous_18)","line":191,"loc":{"start":{"line":191,"column":37},"end":{"line":191,"column":76}}},"19":{"name":"(anonymous_19)","line":216,"loc":{"start":{"line":216,"column":43},"end":{"line":216,"column":95}}},"20":{"name":"(anonymous_20)","line":220,"loc":{"start":{"line":220,"column":45},"end":{"line":220,"column":105}}},"21":{"name":"(anonymous_21)","line":232,"loc":{"start":{"line":232,"column":42},"end":{"line":232,"column":101}}},"22":{"name":"(anonymous_22)","line":236,"loc":{"start":{"line":236,"column":44},"end":{"line":236,"column":99}}},"23":{"name":"(anonymous_23)","line":267,"loc":{"start":{"line":267,"column":23},"end":{"line":267,"column":81}}},"24":{"name":"(anonymous_24)","line":271,"loc":{"start":{"line":271,"column":25},"end":{"line":271,"column":105}}},"25":{"name":"(anonymous_25)","line":285,"loc":{"start":{"line":285,"column":24},"end":{"line":285,"column":105}}},"26":{"name":"(anonymous_26)","line":289,"loc":{"start":{"line":289,"column":26},"end":{"line":289,"column":84}}},"27":{"name":"(anonymous_27)","line":299,"loc":{"start":{"line":299,"column":28},"end":{"line":299,"column":97}}},"28":{"name":"(anonymous_28)","line":303,"loc":{"start":{"line":303,"column":30},"end":{"line":303,"column":95}}},"29":{"name":"(anonymous_29)","line":313,"loc":{"start":{"line":313,"column":25},"end":{"line":313,"column":91}}},"30":{"name":"(anonymous_30)","line":317,"loc":{"start":{"line":317,"column":27},"end":{"line":317,"column":92}}},"31":{"name":"(anonymous_31)","line":327,"loc":{"start":{"line":327,"column":38},"end":{"line":327,"column":96}}},"32":{"name":"(anonymous_32)","line":331,"loc":{"start":{"line":331,"column":40},"end":{"line":331,"column":111}}},"33":{"name":"(anonymous_33)","line":361,"loc":{"start":{"line":361,"column":28},"end":{"line":361,"column":102}}},"34":{"name":"(anonymous_34)","line":365,"loc":{"start":{"line":365,"column":30},"end":{"line":365,"column":110}}},"35":{"name":"(anonymous_35)","line":375,"loc":{"start":{"line":375,"column":29},"end":{"line":375,"column":109}}},"36":{"name":"(anonymous_36)","line":379,"loc":{"start":{"line":379,"column":31},"end":{"line":379,"column":105}}},"37":{"name":"(anonymous_37)","line":389,"loc":{"start":{"line":389,"column":29},"end":{"line":389,"column":62}}},"38":{"name":"(anonymous_38)","line":393,"loc":{"start":{"line":393,"column":31},"end":{"line":393,"column":70}}},"39":{"name":"(anonymous_39)","line":403,"loc":{"start":{"line":403,"column":30},"end":{"line":403,"column":86}}},"40":{"name":"(anonymous_40)","line":407,"loc":{"start":{"line":407,"column":32},"end":{"line":407,"column":65}}},"41":{"name":"(anonymous_41)","line":417,"loc":{"start":{"line":417,"column":33},"end":{"line":417,"column":72}}}},"statementMap":{"1":{"start":{"line":1,"column":0},"end":{"line":1,"column":38}},"2":{"start":{"line":3,"column":0},"end":{"line":3,"column":31}},"3":{"start":{"line":4,"column":0},"end":{"line":4,"column":27}},"4":{"start":{"line":6,"column":0},"end":{"line":6,"column":41}},"5":{"start":{"line":7,"column":0},"end":{"line":7,"column":35}},"6":{"start":{"line":8,"column":0},"end":{"line":8,"column":49}},"7":{"start":{"line":9,"column":0},"end":{"line":9,"column":41}},"8":{"start":{"line":11,"column":0},"end":{"line":51,"column":1}},"9":{"start":{"line":12,"column":2},"end":{"line":12,"column":25}},"10":{"start":{"line":13,"column":2},"end":{"line":13,"column":27}},"11":{"start":{"line":15,"column":2},"end":{"line":15,"column":28}},"12":{"start":{"line":16,"column":2},"end":{"line":16,"column":25}},"13":{"start":{"line":17,"column":2},"end":{"line":17,"column":22}},"14":{"start":{"line":18,"column":2},"end":{"line":18,"column":29}},"15":{"start":{"line":19,"column":2},"end":{"line":19,"column":25}},"16":{"start":{"line":20,"column":2},"end":{"line":20,"column":39}},"17":{"start":{"line":22,"column":2},"end":{"line":22,"column":66}},"18":{"start":{"line":23,"column":2},"end":{"line":23,"column":70}},"19":{"start":{"line":24,"column":2},"end":{"line":24,"column":62}},"20":{"start":{"line":25,"column":2},"end":{"line":25,"column":60}},"21":{"start":{"line":26,"column":2},"end":{"line":26,"column":60}},"22":{"start":{"line":27,"column":2},"end":{"line":27,"column":58}},"23":{"start":{"line":28,"column":2},"end":{"line":28,"column":64}},"24":{"start":{"line":29,"column":2},"end":{"line":29,"column":64}},"25":{"start":{"line":30,"column":2},"end":{"line":30,"column":76}},"26":{"start":{"line":31,"column":2},"end":{"line":31,"column":92}},"27":{"start":{"line":32,"column":2},"end":{"line":32,"column":90}},"28":{"start":{"line":33,"column":2},"end":{"line":33,"column":52}},"29":{"start":{"line":34,"column":2},"end":{"line":34,"column":54}},"30":{"start":{"line":35,"column":2},"end":{"line":35,"column":62}},"31":{"start":{"line":36,"column":2},"end":{"line":36,"column":56}},"32":{"start":{"line":37,"column":2},"end":{"line":37,"column":82}},"33":{"start":{"line":38,"column":2},"end":{"line":38,"column":62}},"34":{"start":{"line":39,"column":2},"end":{"line":39,"column":64}},"35":{"start":{"line":40,"column":2},"end":{"line":40,"column":64}},"36":{"start":{"line":41,"column":2},"end":{"line":41,"column":66}},"37":{"start":{"line":42,"column":2},"end":{"line":42,"column":68}},"38":{"start":{"line":44,"column":2},"end":{"line":48,"column":16}},"39":{"start":{"line":45,"column":4},"end":{"line":47,"column":5}},"40":{"start":{"line":46,"column":6},"end":{"line":46,"column":40}},"41":{"start":{"line":50,"column":2},"end":{"line":50,"column":24}},"42":{"start":{"line":53,"column":0},"end":{"line":53,"column":42}},"43":{"start":{"line":55,"column":0},"end":{"line":61,"column":2}},"44":{"start":{"line":56,"column":2},"end":{"line":56,"column":32}},"45":{"start":{"line":58,"column":2},"end":{"line":58,"column":21}},"46":{"start":{"line":60,"column":2},"end":{"line":60,"column":34}},"47":{"start":{"line":63,"column":0},"end":{"line":67,"column":2}},"48":{"start":{"line":64,"column":2},"end":{"line":64,"column":36}},"49":{"start":{"line":66,"column":2},"end":{"line":66,"column":25}},"50":{"start":{"line":69,"column":0},"end":{"line":90,"column":2}},"51":{"start":{"line":70,"column":2},"end":{"line":89,"column":3}},"52":{"start":{"line":71,"column":4},"end":{"line":71,"column":99}},"53":{"start":{"line":73,"column":4},"end":{"line":77,"column":5}},"54":{"start":{"line":74,"column":6},"end":{"line":74,"column":22}},"55":{"start":{"line":76,"column":6},"end":{"line":76,"column":18}},"56":{"start":{"line":79,"column":4},"end":{"line":83,"column":5}},"57":{"start":{"line":80,"column":6},"end":{"line":82,"column":9}},"58":{"start":{"line":81,"column":8},"end":{"line":81,"column":41}},"59":{"start":{"line":85,"column":4},"end":{"line":85,"column":41}},"60":{"start":{"line":86,"column":4},"end":{"line":86,"column":44}},"61":{"start":{"line":88,"column":4},"end":{"line":88,"column":64}},"62":{"start":{"line":92,"column":0},"end":{"line":95,"column":2}},"63":{"start":{"line":93,"column":2},"end":{"line":93,"column":21}},"64":{"start":{"line":94,"column":2},"end":{"line":94,"column":43}},"65":{"start":{"line":97,"column":0},"end":{"line":102,"column":2}},"66":{"start":{"line":98,"column":2},"end":{"line":100,"column":3}},"67":{"start":{"line":99,"column":4},"end":{"line":99,"column":36}},"68":{"start":{"line":101,"column":2},"end":{"line":101,"column":32}},"69":{"start":{"line":104,"column":0},"end":{"line":107,"column":2}},"70":{"start":{"line":105,"column":2},"end":{"line":105,"column":20}},"71":{"start":{"line":106,"column":2},"end":{"line":106,"column":24}},"72":{"start":{"line":109,"column":0},"end":{"line":139,"column":2}},"73":{"start":{"line":110,"column":2},"end":{"line":110,"column":43}},"74":{"start":{"line":112,"column":2},"end":{"line":128,"column":3}},"75":{"start":{"line":113,"column":4},"end":{"line":113,"column":100}},"76":{"start":{"line":115,"column":4},"end":{"line":115,"column":41}},"77":{"start":{"line":116,"column":4},"end":{"line":116,"column":30}},"78":{"start":{"line":117,"column":4},"end":{"line":117,"column":37}},"79":{"start":{"line":118,"column":4},"end":{"line":118,"column":33}},"80":{"start":{"line":121,"column":4},"end":{"line":125,"column":5}},"81":{"start":{"line":122,"column":6},"end":{"line":124,"column":7}},"82":{"start":{"line":123,"column":8},"end":{"line":123,"column":55}},"83":{"start":{"line":127,"column":4},"end":{"line":127,"column":27}},"84":{"start":{"line":130,"column":2},"end":{"line":130,"column":83}},"85":{"start":{"line":132,"column":2},"end":{"line":134,"column":3}},"86":{"start":{"line":133,"column":4},"end":{"line":133,"column":47}},"87":{"start":{"line":136,"column":2},"end":{"line":138,"column":3}},"88":{"start":{"line":137,"column":4},"end":{"line":137,"column":38}},"89":{"start":{"line":141,"column":0},"end":{"line":143,"column":2}},"90":{"start":{"line":142,"column":2},"end":{"line":142,"column":41}},"91":{"start":{"line":145,"column":0},"end":{"line":154,"column":2}},"92":{"start":{"line":146,"column":2},"end":{"line":146,"column":53}},"93":{"start":{"line":148,"column":2},"end":{"line":153,"column":3}},"94":{"start":{"line":149,"column":4},"end":{"line":149,"column":53}},"95":{"start":{"line":150,"column":4},"end":{"line":150,"column":38}},"96":{"start":{"line":152,"column":4},"end":{"line":152,"column":81}},"97":{"start":{"line":156,"column":0},"end":{"line":158,"column":2}},"98":{"start":{"line":157,"column":2},"end":{"line":157,"column":44}},"99":{"start":{"line":160,"column":0},"end":{"line":169,"column":2}},"100":{"start":{"line":161,"column":2},"end":{"line":161,"column":53}},"101":{"start":{"line":163,"column":2},"end":{"line":168,"column":3}},"102":{"start":{"line":164,"column":4},"end":{"line":164,"column":38}},"103":{"start":{"line":165,"column":4},"end":{"line":165,"column":34}},"104":{"start":{"line":167,"column":4},"end":{"line":167,"column":84}},"105":{"start":{"line":171,"column":0},"end":{"line":173,"column":2}},"106":{"start":{"line":172,"column":2},"end":{"line":172,"column":44}},"107":{"start":{"line":175,"column":0},"end":{"line":185,"column":2}},"108":{"start":{"line":176,"column":2},"end":{"line":176,"column":53}},"109":{"start":{"line":178,"column":2},"end":{"line":184,"column":3}},"110":{"start":{"line":179,"column":4},"end":{"line":179,"column":27}},"111":{"start":{"line":181,"column":4},"end":{"line":181,"column":40}},"112":{"start":{"line":183,"column":4},"end":{"line":183,"column":83}},"113":{"start":{"line":187,"column":0},"end":{"line":189,"column":2}},"114":{"start":{"line":188,"column":2},"end":{"line":188,"column":57}},"115":{"start":{"line":191,"column":0},"end":{"line":214,"column":2}},"116":{"start":{"line":192,"column":2},"end":{"line":192,"column":53}},"117":{"start":{"line":194,"column":2},"end":{"line":213,"column":3}},"118":{"start":{"line":195,"column":4},"end":{"line":195,"column":22}},"119":{"start":{"line":197,"column":4},"end":{"line":206,"column":5}},"120":{"start":{"line":198,"column":6},"end":{"line":198,"column":40}},"121":{"start":{"line":199,"column":6},"end":{"line":199,"column":67}},"122":{"start":{"line":201,"column":6},"end":{"line":201,"column":60}},"123":{"start":{"line":202,"column":6},"end":{"line":202,"column":62}},"124":{"start":{"line":203,"column":6},"end":{"line":203,"column":58}},"125":{"start":{"line":205,"column":6},"end":{"line":205,"column":29}},"126":{"start":{"line":208,"column":4},"end":{"line":208,"column":35}},"127":{"start":{"line":210,"column":4},"end":{"line":210,"column":50}},"128":{"start":{"line":212,"column":4},"end":{"line":212,"column":89}},"129":{"start":{"line":216,"column":0},"end":{"line":218,"column":2}},"130":{"start":{"line":217,"column":2},"end":{"line":217,"column":85}},"131":{"start":{"line":220,"column":0},"end":{"line":230,"column":2}},"132":{"start":{"line":221,"column":2},"end":{"line":221,"column":60}},"133":{"start":{"line":223,"column":2},"end":{"line":229,"column":3}},"134":{"start":{"line":224,"column":4},"end":{"line":224,"column":56}},"135":{"start":{"line":226,"column":4},"end":{"line":226,"column":67}},"136":{"start":{"line":228,"column":4},"end":{"line":228,"column":119}},"137":{"start":{"line":232,"column":0},"end":{"line":234,"column":2}},"138":{"start":{"line":233,"column":2},"end":{"line":233,"column":91}},"139":{"start":{"line":236,"column":0},"end":{"line":265,"column":2}},"140":{"start":{"line":237,"column":2},"end":{"line":237,"column":60}},"141":{"start":{"line":239,"column":2},"end":{"line":264,"column":3}},"142":{"start":{"line":240,"column":4},"end":{"line":240,"column":30}},"143":{"start":{"line":242,"column":4},"end":{"line":257,"column":5}},"144":{"start":{"line":243,"column":6},"end":{"line":243,"column":55}},"145":{"start":{"line":245,"column":6},"end":{"line":251,"column":30}},"146":{"start":{"line":253,"column":6},"end":{"line":253,"column":94}},"147":{"start":{"line":254,"column":6},"end":{"line":254,"column":78}},"148":{"start":{"line":256,"column":6},"end":{"line":256,"column":44}},"149":{"start":{"line":259,"column":4},"end":{"line":259,"column":47}},"150":{"start":{"line":261,"column":4},"end":{"line":261,"column":62}},"151":{"start":{"line":263,"column":4},"end":{"line":263,"column":117}},"152":{"start":{"line":267,"column":0},"end":{"line":269,"column":2}},"153":{"start":{"line":268,"column":3},"end":{"line":268,"column":72}},"154":{"start":{"line":271,"column":0},"end":{"line":283,"column":2}},"155":{"start":{"line":272,"column":2},"end":{"line":272,"column":94}},"156":{"start":{"line":274,"column":2},"end":{"line":282,"column":3}},"157":{"start":{"line":275,"column":4},"end":{"line":275,"column":54}},"158":{"start":{"line":277,"column":4},"end":{"line":279,"column":5}},"159":{"start":{"line":278,"column":6},"end":{"line":278,"column":56}},"160":{"start":{"line":281,"column":4},"end":{"line":281,"column":125}},"161":{"start":{"line":285,"column":0},"end":{"line":287,"column":2}},"162":{"start":{"line":286,"column":3},"end":{"line":286,"column":96}},"163":{"start":{"line":289,"column":0},"end":{"line":297,"column":2}},"164":{"start":{"line":290,"column":2},"end":{"line":290,"column":94}},"165":{"start":{"line":292,"column":2},"end":{"line":296,"column":3}},"166":{"start":{"line":293,"column":4},"end":{"line":293,"column":33}},"167":{"start":{"line":295,"column":4},"end":{"line":295,"column":126}},"168":{"start":{"line":299,"column":0},"end":{"line":301,"column":2}},"169":{"start":{"line":300,"column":3},"end":{"line":300,"column":88}},"170":{"start":{"line":303,"column":0},"end":{"line":311,"column":2}},"171":{"start":{"line":304,"column":2},"end":{"line":304,"column":94}},"172":{"start":{"line":306,"column":2},"end":{"line":310,"column":3}},"173":{"start":{"line":307,"column":4},"end":{"line":307,"column":44}},"174":{"start":{"line":309,"column":4},"end":{"line":309,"column":130}},"175":{"start":{"line":313,"column":0},"end":{"line":315,"column":2}},"176":{"start":{"line":314,"column":3},"end":{"line":314,"column":82}},"177":{"start":{"line":317,"column":0},"end":{"line":325,"column":2}},"178":{"start":{"line":318,"column":2},"end":{"line":318,"column":94}},"179":{"start":{"line":320,"column":2},"end":{"line":324,"column":3}},"180":{"start":{"line":321,"column":4},"end":{"line":321,"column":41}},"181":{"start":{"line":323,"column":4},"end":{"line":323,"column":127}},"182":{"start":{"line":327,"column":0},"end":{"line":329,"column":2}},"183":{"start":{"line":328,"column":2},"end":{"line":328,"column":86}},"184":{"start":{"line":331,"column":0},"end":{"line":359,"column":2}},"185":{"start":{"line":332,"column":2},"end":{"line":332,"column":94}},"186":{"start":{"line":334,"column":2},"end":{"line":358,"column":3}},"187":{"start":{"line":335,"column":4},"end":{"line":335,"column":26}},"188":{"start":{"line":337,"column":4},"end":{"line":351,"column":5}},"189":{"start":{"line":338,"column":6},"end":{"line":338,"column":42}},"190":{"start":{"line":340,"column":6},"end":{"line":346,"column":26}},"191":{"start":{"line":348,"column":6},"end":{"line":348,"column":102}},"192":{"start":{"line":350,"column":6},"end":{"line":350,"column":36}},"193":{"start":{"line":353,"column":4},"end":{"line":353,"column":46}},"194":{"start":{"line":355,"column":4},"end":{"line":355,"column":61}},"195":{"start":{"line":357,"column":4},"end":{"line":357,"column":141}},"196":{"start":{"line":361,"column":0},"end":{"line":363,"column":2}},"197":{"start":{"line":362,"column":2},"end":{"line":362,"column":92}},"198":{"start":{"line":365,"column":0},"end":{"line":373,"column":2}},"199":{"start":{"line":366,"column":2},"end":{"line":366,"column":102}},"200":{"start":{"line":368,"column":2},"end":{"line":372,"column":3}},"201":{"start":{"line":369,"column":4},"end":{"line":369,"column":39}},"202":{"start":{"line":371,"column":4},"end":{"line":371,"column":155}},"203":{"start":{"line":375,"column":0},"end":{"line":377,"column":2}},"204":{"start":{"line":376,"column":2},"end":{"line":376,"column":99}},"205":{"start":{"line":379,"column":0},"end":{"line":387,"column":2}},"206":{"start":{"line":380,"column":2},"end":{"line":380,"column":102}},"207":{"start":{"line":382,"column":2},"end":{"line":386,"column":3}},"208":{"start":{"line":383,"column":4},"end":{"line":383,"column":34}},"209":{"start":{"line":385,"column":4},"end":{"line":385,"column":156}},"210":{"start":{"line":389,"column":0},"end":{"line":391,"column":2}},"211":{"start":{"line":390,"column":2},"end":{"line":390,"column":52}},"212":{"start":{"line":393,"column":0},"end":{"line":401,"column":2}},"213":{"start":{"line":394,"column":2},"end":{"line":394,"column":53}},"214":{"start":{"line":396,"column":2},"end":{"line":400,"column":3}},"215":{"start":{"line":397,"column":4},"end":{"line":397,"column":49}},"216":{"start":{"line":399,"column":4},"end":{"line":399,"column":83}},"217":{"start":{"line":403,"column":0},"end":{"line":405,"column":2}},"218":{"start":{"line":404,"column":2},"end":{"line":404,"column":76}},"219":{"start":{"line":407,"column":0},"end":{"line":415,"column":2}},"220":{"start":{"line":408,"column":2},"end":{"line":408,"column":53}},"221":{"start":{"line":410,"column":2},"end":{"line":414,"column":3}},"222":{"start":{"line":411,"column":4},"end":{"line":411,"column":44}},"223":{"start":{"line":413,"column":4},"end":{"line":413,"column":84}},"224":{"start":{"line":417,"column":0},"end":{"line":425,"column":2}},"225":{"start":{"line":418,"column":2},"end":{"line":418,"column":53}},"226":{"start":{"line":420,"column":2},"end":{"line":424,"column":3}},"227":{"start":{"line":421,"column":4},"end":{"line":421,"column":50}},"228":{"start":{"line":423,"column":4},"end":{"line":423,"column":85}},"229":{"start":{"line":427,"column":0},"end":{"line":427,"column":23}}},"branchMap":{"1":{"line":45,"type":"if","locations":[{"start":{"line":45,"column":4},"end":{"line":45,"column":4}},{"start":{"line":45,"column":4},"end":{"line":45,"column":4}}]},"2":{"line":70,"type":"if","locations":[{"start":{"line":70,"column":2},"end":{"line":70,"column":2}},{"start":{"line":70,"column":2},"end":{"line":70,"column":2}}]},"3":{"line":73,"type":"if","locations":[{"start":{"line":73,"column":4},"end":{"line":73,"column":4}},{"start":{"line":73,"column":4},"end":{"line":73,"column":4}}]},"4":{"line":79,"type":"if","locations":[{"start":{"line":79,"column":4},"end":{"line":79,"column":4}},{"start":{"line":79,"column":4},"end":{"line":79,"column":4}}]},"5":{"line":98,"type":"if","locations":[{"start":{"line":98,"column":2},"end":{"line":98,"column":2}},{"start":{"line":98,"column":2},"end":{"line":98,"column":2}}]},"6":{"line":112,"type":"if","locations":[{"start":{"line":112,"column":2},"end":{"line":112,"column":2}},{"start":{"line":112,"column":2},"end":{"line":112,"column":2}}]},"7":{"line":122,"type":"if","locations":[{"start":{"line":122,"column":6},"end":{"line":122,"column":6}},{"start":{"line":122,"column":6},"end":{"line":122,"column":6}}]},"8":{"line":132,"type":"if","locations":[{"start":{"line":132,"column":2},"end":{"line":132,"column":2}},{"start":{"line":132,"column":2},"end":{"line":132,"column":2}}]},"9":{"line":136,"type":"if","locations":[{"start":{"line":136,"column":2},"end":{"line":136,"column":2}},{"start":{"line":136,"column":2},"end":{"line":136,"column":2}}]},"10":{"line":136,"type":"binary-expr","locations":[{"start":{"line":136,"column":6},"end":{"line":136,"column":27}},{"start":{"line":136,"column":31},"end":{"line":136,"column":51}}]},"11":{"line":148,"type":"if","locations":[{"start":{"line":148,"column":2},"end":{"line":148,"column":2}},{"start":{"line":148,"column":2},"end":{"line":148,"column":2}}]},"12":{"line":149,"type":"cond-expr","locations":[{"start":{"line":149,"column":31},"end":{"line":149,"column":38}},{"start":{"line":149,"column":41},"end":{"line":149,"column":52}}]},"13":{"line":163,"type":"if","locations":[{"start":{"line":163,"column":2},"end":{"line":163,"column":2}},{"start":{"line":163,"column":2},"end":{"line":163,"column":2}}]},"14":{"line":178,"type":"if","locations":[{"start":{"line":178,"column":2},"end":{"line":178,"column":2}},{"start":{"line":178,"column":2},"end":{"line":178,"column":2}}]},"15":{"line":194,"type":"if","locations":[{"start":{"line":194,"column":2},"end":{"line":194,"column":2}},{"start":{"line":194,"column":2},"end":{"line":194,"column":2}}]},"16":{"line":223,"type":"if","locations":[{"start":{"line":223,"column":2},"end":{"line":223,"column":2}},{"start":{"line":223,"column":2},"end":{"line":223,"column":2}}]},"17":{"line":239,"type":"if","locations":[{"start":{"line":239,"column":2},"end":{"line":239,"column":2}},{"start":{"line":239,"column":2},"end":{"line":239,"column":2}}]},"18":{"line":274,"type":"if","locations":[{"start":{"line":274,"column":2},"end":{"line":274,"column":2}},{"start":{"line":274,"column":2},"end":{"line":274,"column":2}}]},"19":{"line":277,"type":"if","locations":[{"start":{"line":277,"column":4},"end":{"line":277,"column":4}},{"start":{"line":277,"column":4},"end":{"line":277,"column":4}}]},"20":{"line":292,"type":"if","locations":[{"start":{"line":292,"column":2},"end":{"line":292,"column":2}},{"start":{"line":292,"column":2},"end":{"line":292,"column":2}}]},"21":{"line":306,"type":"if","locations":[{"start":{"line":306,"column":2},"end":{"line":306,"column":2}},{"start":{"line":306,"column":2},"end":{"line":306,"column":2}}]},"22":{"line":320,"type":"if","locations":[{"start":{"line":320,"column":2},"end":{"line":320,"column":2}},{"start":{"line":320,"column":2},"end":{"line":320,"column":2}}]},"23":{"line":334,"type":"if","locations":[{"start":{"line":334,"column":2},"end":{"line":334,"column":2}},{"start":{"line":334,"column":2},"end":{"line":334,"column":2}}]},"24":{"line":368,"type":"if","locations":[{"start":{"line":368,"column":2},"end":{"line":368,"column":2}},{"start":{"line":368,"column":2},"end":{"line":368,"column":2}}]},"25":{"line":382,"type":"if","locations":[{"start":{"line":382,"column":2},"end":{"line":382,"column":2}},{"start":{"line":382,"column":2},"end":{"line":382,"column":2}}]},"26":{"line":396,"type":"if","locations":[{"start":{"line":396,"column":2},"end":{"line":396,"column":2}},{"start":{"line":396,"column":2},"end":{"line":396,"column":2}}]},"27":{"line":410,"type":"if","locations":[{"start":{"line":410,"column":2},"end":{"line":410,"column":2}},{"start":{"line":410,"column":2},"end":{"line":410,"column":2}}]},"28":{"line":420,"type":"if","locations":[{"start":{"line":420,"column":2},"end":{"line":420,"column":2}},{"start":{"line":420,"column":2},"end":{"line":420,"column":2}}]}},"code":["var debug = require('debug')('noble');","","var events = require('events');","var util = require('util');","","var Peripheral = require('./peripheral');","var Service = require('./service');","var Characteristic = require('./characteristic');","var Descriptor = require('./descriptor');","","function Noble(bindings) {","  this.state = 'unknown';","  this.address = 'unknown';","","  this._bindings = bindings;","  this._peripherals = {};","  this._services = {};","  this._characteristics = {};","  this._descriptors = {};","  this._discoveredPeripheralUUids = [];","","  this._bindings.on('stateChange', this.onStateChange.bind(this));","  this._bindings.on('addressChange', this.onAddressChange.bind(this));","  this._bindings.on('scanStart', this.onScanStart.bind(this));","  this._bindings.on('scanStop', this.onScanStop.bind(this));","  this._bindings.on('discover', this.onDiscover.bind(this));","  this._bindings.on('connect', this.onConnect.bind(this));","  this._bindings.on('disconnect', this.onDisconnect.bind(this));","  this._bindings.on('rssiUpdate', this.onRssiUpdate.bind(this));","  this._bindings.on('servicesDiscover', this.onServicesDiscover.bind(this));","  this._bindings.on('includedServicesDiscover', this.onIncludedServicesDiscover.bind(this));","  this._bindings.on('characteristicsDiscover', this.onCharacteristicsDiscover.bind(this));","  this._bindings.on('read', this.onRead.bind(this));","  this._bindings.on('write', this.onWrite.bind(this));","  this._bindings.on('broadcast', this.onBroadcast.bind(this));","  this._bindings.on('notify', this.onNotify.bind(this));","  this._bindings.on('descriptorsDiscover', this.onDescriptorsDiscover.bind(this));","  this._bindings.on('valueRead', this.onValueRead.bind(this));","  this._bindings.on('valueWrite', this.onValueWrite.bind(this));","  this._bindings.on('handleRead', this.onHandleRead.bind(this));","  this._bindings.on('handleWrite', this.onHandleWrite.bind(this));","  this._bindings.on('handleNotify', this.onHandleNotify.bind(this));","","  this.on('warning', function(message) {","    if (this.listeners('warning').length === 1) {","      console.warn('noble: ' + message);","    }","  }.bind(this));","","  this._bindings.init();","}","","util.inherits(Noble, events.EventEmitter);","","Noble.prototype.onStateChange = function(state) {","  debug('stateChange ' + state);","","  this.state = state;","","  this.emit('stateChange
[...]
\\thandle = ' + handle);","      debug('\\t\\treason = ' + reason);","","      this.emit('disconnComplete', handle, reason);","    } else if (subEventType === EVT_ENCRYPT_CHANGE) {","      handle =  data.readUInt16LE(4);","      var encrypt = data.readUInt8(6);","","      debug('\\t\\thandle = ' + handle);","      debug('\\t\\tencrypt = ' + encrypt);","","      this.emit('encryptChange', handle, encrypt);","    } else if (subEventType === EVT_CMD_COMPLETE) {","      cmd = data.readUInt16LE(4);","      status = data.readUInt8(6);","      var result = data.slice(7);","","      debug('\\t\\tcmd = ' + cmd);","      debug('\\t\\tstatus = ' + status);","      debug('\\t\\tresult = ' + result.toString('hex'));","","      this.processCmdCompleteEvent(cmd, status, result);","    } else if (subEventType === EVT_CMD_STATUS) {","      status = data.readUInt8(3);","      cmd = data.readUInt16LE(5);","","      debug('\\t\\tstatus = ' + status);","      debug('\\t\\tcmd = ' + cmd);","","      this.processCmdStatusEvent(cmd, status);","    } else if (subEventType === EVT_LE_META_EVENT) {","      var leMetaEventType = data.readUInt8(3);","      var leMetaEventStatus = data.readUInt8(4);","      var leMetaEventData = data.slice(5);","","      debug('\\t\\tLE meta event type = ' + leMetaEventType);","      debug('\\t\\tLE meta event status = ' + leMetaEventStatus);","      debug('\\t\\tLE meta event data = ' + leMetaEventData.toString('hex'));","","      this.processLeMetaEvent(leMetaEventType, leMetaEventStatus, leMetaEventData);","    }","  } else if (HCI_ACLDATA_PKT === eventType) {","    var flags = data.readUInt16LE(1) >> 12;","    handle = data.readUInt16LE(1) & 0x0fff;","","    if (ACL_START === flags) {","      var cid = data.readUInt16LE(7);","","      var length = data.readUInt16LE(5);","      var pktData = data.slice(9);","","      debug('\\t\\tcid = ' + cid);","","      if (length === pktData.length) {","        debug('\\t\\thandle = ' + handle);","        debug('\\t\\tdata = ' + pktData.toString('hex'));","","        this.emit('aclDataPkt', handle, cid, pktData);","      } else {","        this._handleBuffers[handle] = {","          length: length,","          cid: cid,","          data: pktData","        };","      }","    } else if (ACL_CONT === flags) {","      if (!this._handleBuffers[handle] || !this._handleBuffers[handle].data) {","        return;","      }","","      this._handleBuffers[handle].data = Buffer.concat([","        this._handleBuffers[handle].data,","        data.slice(5)","      ]);","","      if (this._handleBuffers[handle].data.length === this._handleBuffers[handle].length) {","        this.emit('aclDataPkt', handle, this._handleBuffers[handle].cid, this._handleBuffers[handle].data);","","        delete this._handleBuffers[handle];","      }","    }","  } else if (HCI_COMMAND_PKT === eventType) {","    cmd = data.readUInt16LE(1);","    var len = data.readUInt8(3);","","    debug('\\t\\tcmd = ' + cmd);","    debug('\\t\\tdata len = ' + len);","","    if (cmd === LE_SET_SCAN_ENABLE_CMD) {","      var enable = (data.readUInt8(4) === 0x1);","      var filterDuplicates = (data.readUInt8(5) === 0x1);","","      debug('\\t\\t\\tLE enable scan command');","      debug('\\t\\t\\tenable scanning = ' + enable);","      debug('\\t\\t\\tfilter duplicates = ' + filterDuplicates);","","      this.emit('leScanEnableSetCmd', enable, filterDuplicates);","    }","  }","};","","Hci.prototype.onSocketError = function(error) {","  debug('onSocketError: ' + error.message);","","  if (error.message === 'Operation not permitted') {","    this.emit('stateChange', 'unauthorized');","  } else if (error.message === 'Network is down') {","    // no-op","  }","};","","Hci.prototype.processCmdCompleteEvent = function(cmd, status, result) {","  if (cmd === RESET_CMD) {","    this.setEventMask();","    this.setLeEventMask();","    this.readLocalVersion();","    this.readBdAddr();","  } else if (cmd === READ_LE_HOST_SUPPORTED_CMD) {","    if (status === 0) {","      var le = result.readUInt8(0);","      var simul = result.readUInt8(1);","","      debug('\\t\\t\\tle = ' + le);","      debug('\\t\\t\\tsimul = ' + simul);","    }","  } else if (cmd === READ_LOCAL_VERSION_CMD) {","    var hciVer = result.readUInt8(0);","    var hciRev = result.readUInt16LE(1);","    var lmpVer = result.readInt8(3);","    var manufacturer = result.readUInt16LE(4);","    var lmpSubVer = result.readUInt16LE(6);","","    if (hciVer < 0x06) {","      this.emit('stateChange', 'unsupported');","    } else if (this._state !== 'poweredOn') {","      this.setScanEnabled(false, true);","      this.setScanParameters();","    }","","    this.emit('readLocalVersion', hciVer, hciRev, lmpVer, manufacturer, lmpSubVer);","  } else if (cmd === READ_BD_ADDR_CMD) {","    this.addressType = 'public';","    this.address = result.toString('hex').match(/.{1,2}/g).reverse().join(':');","","    debug('address = ' + this.address);","","    this.emit('addressChange', this.address);","  } else if (cmd === LE_SET_SCAN_PARAMETERS_CMD) {","    this.emit('stateChange', 'poweredOn');","","    this.emit('leScanParametersSet');","  } else if (cmd === LE_SET_SCAN_ENABLE_CMD) {","    this.emit('leScanEnableSet', status);","  } else if (cmd === READ_RSSI_CMD) {","    var handle = result.readUInt16LE(0);","    var rssi = result.readInt8(2);","","    debug('\\t\\t\\thandle = ' + handle);","    debug('\\t\\t\\trssi = ' + rssi);","","    this.emit('rssiRead', handle, rssi);","  }","};","","Hci.prototype.processLeMetaEvent = function(eventType, status, data) {","  if (eventType === EVT_LE_CONN_COMPLETE) {","    this.processLeConnComplete(status, data);","  } else if (eventType === EVT_LE_ADVERTISING_REPORT) {","    this.processLeAdvertisingReport(status, data);","  } else if (eventType === EVT_LE_CONN_UPDATE_COMPLETE) {","    this.processLeConnUpdateComplete(status, data);","  }","};","","Hci.prototype.processLeConnComplete = function(status, data) {","  var handle = data.readUInt16LE(0);","  var role = data.readUInt8(2);","  var addressType = data.readUInt8(3) === 0x01 ? 'random': 'public';","  var address = data.slice(4, 10).toString('hex').match(/.{1,2}/g).reverse().join(':');","  var interval = data.readUInt16LE(10) * 1.25;","  var latency = data.readUInt16LE(12); // TODO: multiplier?","  var supervisionTimeout = data.readUInt16LE(14) * 10;","  var masterClockAccuracy = data.readUInt8(16); // TODO: multiplier?","","  debug('\\t\\t\\thandle = ' + handle);","  debug('\\t\\t\\trole = ' + role);","  debug('\\t\\t\\taddress type = ' + addressType);","  debug('\\t\\t\\taddress = ' + address);","  debug('\\t\\t\\tinterval = ' + interval);","  debug('\\t\\t\\tlatency = ' + latency);","  debug('\\t\\t\\tsupervision timeout = ' + supervisionTimeout);","  debug('\\t\\t\\tmaster clock accuracy = ' + masterClockAccuracy);","","  this.emit('leConnComplete', status, handle, role, addressType, address, interval, latency, supervisionTimeout, masterClockAccuracy);","};","","Hci.prototype.processLeAdvertisingReport = function(count, data) {","  for (var i = 0; i < count; i++) {","    var type = data.readUInt8(0);","    var addressType = data.readUInt8(1) === 0x01 ? 'random' : 'public';","    var address = data.slice(2, 8).toString('hex').match(/.{1,2}/g).reverse().join(':');","    var eirLength = data.readUInt8(8);","    var eir = data.slice(9, eirLength + 9);","    var rssi = data.readInt8(eirLength + 9);","","    debug('\\t\\t\\ttype = ' + type);","    debug('\\t\\t\\taddress = ' + address);","    debug('\\t\\t\\taddress type = ' + addressType);","    debug('\\t\\t\\teir = ' + eir.toString('hex'));","    debug('\\t\\t\\trssi = ' + rssi);","","    this.emit('leAdvertisingReport', 0, type, address, addressType, eir, rssi);","","    data = data.slice(eirLength + 10);","  }","};","","Hci.prototype.processLeConnUpdateComplete = function(status, data) {","  var handle = data.readUInt16LE(0);","  var interval = data.readUInt16LE(2) * 1.25;","  var latency = data.readUInt16LE(4); // TODO: multiplier?","  var supervisionTimeout = data.readUInt16LE(6) * 10;","","  debug('\\t\\t\\thandle = ' + handle);","  debug('\\t\\t\\tinterval = ' + interval);","  debug('\\t\\t\\tlatency = ' + latency);","  debug('\\t\\t\\tsupervision timeout = ' + supervisionTimeout);","","  this.emit('leConnUpdateComplete', status, handle, interval, latency, supervisionTimeout);","};","","Hci.prototype.processCmdStatusEvent = function(cmd, status) {","  if (cmd === LE_CREATE_CONN_CMD) {","    if (status !== 0) {","      this.emit('leConnComplete', status);","    }","  }","};","","Hci.prototype.onStateChange = function(state) {","  this._state = state;","};","","module.exports = Hci;",""],"l":{"1":1,"3":1,"4":1,"6":1,"8":1,"9":1,"10":1,"12":1,"13":1,"14":1,"16":1,"17":1,"18":1,"19":1,"20":1,"22":1,"23":1,"24":1,"26":1,"27":1,"29":1,"30":1,"31":1,"32":1,"33":1,"36":1,"37":1,"38":1,"40":1,"41":1,"43":1,"44":1,"45":1,"46":1,"47":1,"48":1,"49":1,"51":1,"53":1,"54":1,"55":1,"56":1,"58":1,"59":1,"61":1,"63":1,"64":1,"65":1,"66":1,"67":1,"68":1,"70":1,"72":1,"74":1,"75":1,"76":1,"77":1,"78":1,"80":1,"82":1,"85":1,"87":1,"89":1,"90":1,"91":1,"93":1,"95":1,"96":0,"97":0,"99":0,"101":1,"102":1,"104":1,"108":1,"109":18,"111":18,"112":1,"113":0,"114":0,"115":0,"116":0,"117":0,"118":0,"119":0,"121":1,"124":1,"127":18,"130":1,"131":0,"132":0,"133":0,"134":0,"135":0,"137":0,"138":0,"139":0,"140":0,"142":0,"143":0,"146":1,"147":0,"148":0,"151":0,"152":0,"155":0,"157":0,"159":0,"160":0,"163":1,"164":0,"167":0,"168":0,"171":0,"173":0,"174":0,"178":1,"179":0,"182":0,"183":0,"186":0,"188":0,"189":0,"192":1,"193":0,"196":0,"197":0,"200":0,"202":0,"203":0,"206":1,"207":0,"208":0,"211":0,"212":0,"215":0,"217":0,"219":0,"220":0,"223":1,"224":0,"227":0,"228":0,"231":0,"233":0,"234":0,"237":1,"238":0,"241":0,"242":0,"245":0,"248":0,"249":0,"251":0,"252":0,"255":1,"256":0,"259":0,"260":0,"263":0,"266":0,"267":0,"268":0,"269":0,"270":0,"272":0,"273":0,"276":1,"277":0,"280":0,"281":0,"284":0,"287":0,"288":0,"290":0,"291":0,"294":1,"295":0,"298":0,"299":0,"302":0,"305":0,"306":0,"307":0,"309":0,"310":0,"312":0,"314":0,"315":0,"316":0,"317":0,"318":0,"319":0,"321":0,"322":0,"325":1,"326":0,"329":0,"330":0,"333":0,"336":0,"337":0,"338":0,"339":0,"340":0,"341":0,"342":0,"344":0,"345":0,"348":1,"349":0,"352":0,"353":0,"356":0,"359":0,"360":0,"361":0,"362":0,"364":0,"365":0,"368":1,"369":0,"371":0,"374":0,"375":0,"378":0,"381":0,"382":0,"384":0,"385":0,"388":1,"389":0,"392":0,"393":0,"396":0,"399":0,"401":0,"402":0,"405":1,"406":0,"409":0,"410":0,"411":0,"412":0,"413":0,"415":0,"417":0,"418":0,"421":1,"422":0,"424":0,"425":0,"426":0,"427":0,"429":0,"431":0,"432":0,"434":0,"436":0,"437":0,"438":0,"440":0,"441":0,"443":0,"444":0,"445":0,"446":0,"448":0,"449":0,"451":0,"452":0,"453":0,"454":0,"455":0,"457":0,"458":0,"459":0,"461":0,"462":0,"463":0,"464":0,"466":0,"467":0,"469":0,"470":0,"471":0,"472":0,"473":0,"475":0,"476":0,"477":0,"479":0,"481":0,"482":0,"483":0,"485":0,"486":0,"488":0,"489":0,"491":0,"493":0,"494":0,"495":0,"497":0,"499":0,"505":0,"506":0,"507":0,"510":0,"515":0,"516":0,"518":0,"521":0,"522":0,"523":0,"525":0,"526":0,"528":0,"529":0,"530":0,"532":0,"533":0,"534":0,"536":0,"541":1,"542":0,"544":0,"545":0,"546":0,"551":1,"552":0,"553":0,"554":0,"555":0,"556":0,"557":0,"558":0,"559":0,"560":0,"562":0,"563":0,"565":0,"566":0,"567":0,"568":0,"569":0,"570":0,"572":0,"573":0,"574":0,"575":0,"576":0,"579":0,"580":0,"581":0,"582":0,"584":0,"586":0,"587":0,"588":0,"590":0,"591":0,"592":0,"593":0,"594":0,"595":0,"597":0,"598":0,"600":0,"604":1,"605":0,"606":0,"607":0,"608":0,"609":0,"610":0,"614":1,"615":0,"616":0,"617":0,"618":0,"619":0,"620":0,"621":0,"622":0,"624":0,"625":0,"626":0,"627":0,"628":0,"629":0,"630":0,"631":0,"633":0,"636":1,"637":0,"638":0,"639":0,"640":0,"641":0,"642":0,"643":0,"645":0,"646":0,"647":0,"648":0,"649":0,"651":0,"653":0,"657":1,"658":0,"659":0,"660":0,"661":0,"663":0,"664":0,"665":0,"666":0,"668":0,"671":1,"672":0,"673":0,"674":0,"679":1,"680":1,"683":1}},"/home/travis/build/npmtest/node-npmtest-noble/noble/lib/hci-socket/signaling.js":{"path":"/home/travis/build/npmtest/node-npmtest-noble/noble/lib/hci-socket/signaling.js","s":{"1":1,"2":1,"3":1,"4":1,"5":1,"6":1,"7":1,"8":1,"9":0,"10":0,"11":0,"12":0,"13":0,"14":0,"15":1,"16":1,"17":0,"18":0,"19":0,"20":0,"21":0,"22":0,"23":0,"24":0,"25":0,"26":0,"27":0,"28":0,"29":1,"30":0,"31":0,"32":1,"33":0,"34":0,"35":0,"36":0,"37":0,"38":0,"39":0,"40":0,"41":0,"42":0,"43":0,"44":0,"45":0,"46":0,"47":0,"48":0,"49":1},"b":{"1":[0,0],"2":[0,0],"3":[0,0],"4":[0,0]},"f":{"1":0,"2":0,"3":0,"4":0},"fnMap":{"1":{"name":"(anonymous_1)","line":12,"loc":{"start":{"line":12,"column":16},"end":{"line":12,"column":44}}},"2":{"name":"(anonymous_2)","line":25,"loc":{"start":{"line":25,"column":38},"end":{"line":25,"column":58}}},"3":{"name":"(anonymous_3)","line":46,"loc":{"start":{"line":46,"column":37},"end":{"line":46,"column":48}}},"4":{"name":"(anonymous_4)","line":51,"loc":{"start":{"line":51,"column":62},"end":{"line":51,"column":89}}}},"statementMap":{"1":{"start":{"line":1,"column":0},"end":{"line":1,"column":42}},"2":{"start":{"line":3,"column":0},"end":{"line":3,"column":31}},"3":{"start":{"line":4,"column":0},"end":{"line":4,"column":23}},"4":{"start":{"line":5,"column":0},"end":{"line":5,"column":27}},"5":{"start":{"line":7,"column":0},"end":{"line":7,"column":48}},"6":{"start":{"line":8,"column":0},"end":{"line":8,"column":48}},"7":{"start":{"line":10,"column":0},"end":{"line":10,"column":27}},"8":{"start":{"line":12,"column":0},"end":{"line":21,"column":2}},"9":{"start":{"line":13,"column":2},"end":{"line":13,"column":24}},"10":{"start":{"line":14,"column":2},"end":{"line":14,"column":30}},"11":{"start":{"line":16,"column":2},"end":{"line":16,"column":63}},"12":{"start":{"line":17,"column":2},"end":{"line":17,"column":61}},"13":{"start":{"line":19,"column":2},"end":{"line":19,"column":57}},"14":{"start":{"line":20,"column":2},"end":{"line":20,"column":55}},"15":{"start":{"line":23,"column":0},"end":{"line":23,"column":46}},"16":{"start":{"line":25,"column":0},"end":{"line":44,"column":2}},"17":{"start":{"line":26,"column":2},"end":{"line":28,"column":3}},"18":{"start":{"line":27,"column":4},"end":{"line":27,"column":11}},"19":{"start":{"line":30,"column":2},"end":{"line":30,"column":52}},"20":{"start":{"line":32,"column":2},"end":{"line":32,"column":31}},"21":{"start":{"line":33,"column":2},"end":{"line":33,"column":37}},"22":{"start":{"line":34,"column":2},"end":{"line":34,"column":36}},"23":{"start":{"line":35,"column":2},"end":{"line":35,"column":36}},"24":{"start":{"line":37,"column":2},"end":{"line":37,"column":28}},"25":{"start":{"line":38,"column":2},"end":{"line":38,"column":40}},"26":{"start":{"line":39,"column":2},"end":{"line":39,"column":32}},"27":{"start":{"line":41,"column":2},"end":{"line":43,"column":3}},"28":{"start":{"line":42,"column":4},"end":{"line":42,"column":76}},"29":{"start":{"line":46,"column":0},"end":{"line":49,"column":2}},"30":{"start":{"line":47,"column":2},"end":{"line":47,"column":69}},"31":{"start":{"line":48,"column":2},"end":{"line":48,"column":67}},"32":{"start":{"line":51,"column":0},"end":{"line":74,"column":2}},"33":{"start":{"line":52,"column":2},"end":{"line":52,"column":48}},"34":{"start":{"line":53,"column":2},"end":{"line":53,"column":48}},"35":{"start":{"line":54,"column":2},"end":{"line":54,"column":37}},"36":{"start":{"line":55,"column":2},"end":{"line":55,"column":53}},"37":{"start":{"line":57,"column":2},"end":{"line":57,"column":44}},"38":{"start":{"line":58,"column":2},"end":{"line":58,"column":44}},"39":{"start":{"line":59,"column":2},"end":{"line":59,"column":35}},"40":{"start":{"line":60,"column":2},"end":{"line":60,"column":58}},"41":{"start":{"line":62,"column":2},"end":{"line":73,"column":3}},"42":{"start":{"line":63,"column":4},"end":{"line":63,"column":33}},"43":{"start":{"line":65,"column":4},"end":{"line":65,"column":65}},"44":{"start":{"line":66,"column":4},"end":{"line":66,"column":39}},"45":{"start":{"line":67,"column":4},"end":{"line":67,"column":33}},"46":{"start":{"line":68,"column":4},"end":{"line":68,"column":33}},"47":{"start":{"line":70,"column":4},"end":{"line":70,"column":51}},"48":{"start":{"line":72,"column":4},"end":{"line":72,"column":119}},"49":{"start":{"line":76,"column":0},"end":{"line":76,"column":27}}},"branchMap":{"1":{"line":26,"type":"if","locations":[{"start":{"line":26,"column":2},"end":{"line":26,"column":2}},{"start":{"line":26,"column":2},"end":{"line":26,"column":2}}]},"2":{"line":41,"type":"if","locations":[{"start":{"line":41,"column":2},"end":{"line":41,"column":2}},{"start":{"line":41,"column":2},"end":{"line":41,"column":2}}]},"3":{"line":62,"type":"if","locations":[{"start":{"line":62,"column":2},"end":{"line":62,"column":2}},{"start":{"line":62,"column":2},"end":{"line":62,"column":2}}]},"4":{"line":62,"type":"binary-expr","locations":[{"start":{"line":62,"column":6},"end":{"line":62,"column":31}},{"start":{"line":62,"column":35},"end":{"line":62,"column":63}}]}},"code":["var debug = require('debug')('signaling');","","var events = require('events');","var os = require('os');","var util = require('util');","","var CONNECTION_PARAMETER_UPDATE_REQUEST  = 0x12;","var CONNECTION_PARAMETER_UPDATE_RESPONSE = 0x13;","","var SIGNALING_CID = 0x0005;","","var Signaling = function(handle, aclStream) {","  this._handle = handle;","  this._aclStream = aclStream;","","  this.onAclStreamDataBinded = this.onAclStreamData.bind(this);","  this.onAclStreamEndBinded = this.onAclStreamEnd.bind(this);","","  this._aclStream.on('data', this.onAclStreamDataBinded);","  this._aclStream.on('end', this.onAclStreamEndBinded);","};","","util.inherits(Signaling, events.EventEmitter);","","Signaling.prototype.onAclStreamData = function(cid, data) {","  if (cid !== SIGNALING_CID) {","    return;","  }","","  debug('onAclStreamData: ' + data.toString('hex'));","","  var code = data.readUInt8(0);","  var identifier = data.readUInt8(1);","  var length = data.readUInt16LE(2);","  var signalingData = data.slice(4);","","  debug('\\tcode = ' + code);","  debug('\\tidentifier = ' + identifier);","  debug('\\tlength = ' + length);","","  if (code === CONNECTION_PARAMETER_UPDATE_REQUEST) {","    this.processConnectionParameterUpdateRequest(identifier, signalingData);","  }","};","","Signaling.prototype.onAclStreamEnd = function() {","  this._aclStream.removeListener('data', this.onAclStreamDataBinded);","  this._aclStream.removeListener('end', this.onAclStreamEndBinded);","};","","Signaling.prototype.processConnectionParameterUpdateRequest = function(identifier, data) {","  var minInterval = data.readUInt16LE(0) * 1.25;","  var maxInterval = data.readUInt16LE(2) * 1.25;","  var latency = data.readUInt16LE(4);","  var supervisionTimeout = data.readUInt16LE(6) * 10;","","  debug('\\t\\tmin interval = ', minInterval);","  debug('\\t\\tmax interval = ', maxInterval);","  debug('\\t\\tlatency = ', latency);","  debug('\\t\\tsupervision timeout = ', supervisionTimeout);","","  if (os.platform() !== 'linux' || process.env.HCI_CHANNEL_USER) {","    var response = new Buffer(6);","","    response.writeUInt8(CONNECTION_PARAMETER_UPDATE_RESPONSE, 0); // code","    response.writeUInt8(identifier, 1); // identifier","    response.writeUInt16LE(2, 2); // length","    response.writeUInt16LE(0, 4);","","    this._aclStream.write(SIGNALING_CID, response);","","    this.emit('connectionParameterUpdateRequest', this._handle, minInterval, maxInterval, latency, supervisionTimeout);","  }","};","","module.exports = Signaling;",""],"l":{"1":1,"3":1,"4":1,"5":1,"7":1,"8":1,"10":1,"12":1,"13":0,"14":0,"16":0,"17":0,"19":0,"20":0,"23":1,"25":1,"26":0,"27":0,"30":0,"32":0,"33":0,"34":0,"35":0,"37":0,"38":0,"39":0,"41":0,"42":0,"46":1,"47":0,"48":0,"51":1,"52":0,"53":0,"54":0,"55":0,"57":0,"58":0,"59":0,"60":0,"62":0,"63":0,"65":0,"66":0,"67":0,"68":0,"70":0,"72":0,"76":1}}}